[1.405s] Invoking command in '/home/rokey1/turtlebot3_ws/src/turtlebot3/turtlebot3_example': CMAKE_PREFIX_PATH=/home/rokey1/turtlebot3_ws/install/turtlebot3_msgs:/home/rokey1/turtlebot3_ws/install/turtlebot3:/home/rokey1/turtlebot3_ws/install/turtlebot3_simulations:/home/rokey1/turtlebot3_ws/install/turtlebot3_bringup:/home/rokey1/turtlebot3_ws/install/turtlebot3_node:/home/rokey1/turtlebot3_ws/install/turtlebot3_navigation2:/home/rokey1/turtlebot3_ws/install/turtlebot3_fake_node:/home/rokey1/turtlebot3_ws/install/turtlebot3_manipulation_gazebo:/home/rokey1/turtlebot3_ws/install/turtlebot3_gazebo:/home/rokey1/turtlebot3_ws/install/turtlebot3_description:/home/rokey1/turtlebot3_ws/install/turtlebot3_cartographer:/home/rokey1/turtlebot3_ws/install/turtlebot3_autorace:/home/rokey1/turtlebot3_ws/install/dynamixel_sdk_examples:/home/rokey1/turtlebot3_ws/install/dynamixel_sdk_custom_interfaces:/home/rokey1/turtlebot3_ws/install/dynamixel_sdk LD_LIBRARY_PATH=/home/rokey1/turtlebot3_ws/install/turtlebot3_msgs/lib:/home/rokey1/turtlebot3_ws/install/dynamixel_sdk_custom_interfaces/lib:/home/rokey1/turtlebot3_ws/install/dynamixel_sdk/lib:/usr/lib/x86_64-linux-gnu/gazebo-11/plugins:/opt/ros/humble/opt/rviz_ogre_vendor/lib:/opt/ros/humble/lib/x86_64-linux-gnu:/opt/ros/humble/lib:/usr/lib/x86_64-linux-gnu/gazebo-11/plugins PYTHONPATH=/home/rokey1/turtlebot3_ws/build/turtlebot3_example/prefix_override:/usr/lib/python3/dist-packages/colcon_core/task/python/colcon_distutils_commands:/home/rokey1/turtlebot3_ws/install/turtlebot3_example/lib/python3.10/site-packages:${PYTHONPATH} /usr/bin/python3 -W ignore:setup.py install is deprecated -W ignore:easy_install command is deprecated setup.py egg_info --egg-base ../../../build/turtlebot3_example build --build-base /home/rokey1/turtlebot3_ws/build/turtlebot3_example/build install --record /home/rokey1/turtlebot3_ws/build/turtlebot3_example/install.log --single-version-externally-managed install_data
[2.105s] running egg_info
[2.106s] creating ../../../build/turtlebot3_example/turtlebot3_example.egg-info
[2.106s] writing ../../../build/turtlebot3_example/turtlebot3_example.egg-info/PKG-INFO
[2.108s] writing dependency_links to ../../../build/turtlebot3_example/turtlebot3_example.egg-info/dependency_links.txt
[2.108s] writing entry points to ../../../build/turtlebot3_example/turtlebot3_example.egg-info/entry_points.txt
[2.109s] writing requirements to ../../../build/turtlebot3_example/turtlebot3_example.egg-info/requires.txt
[2.110s] writing top-level names to ../../../build/turtlebot3_example/turtlebot3_example.egg-info/top_level.txt
[2.110s] writing manifest file '../../../build/turtlebot3_example/turtlebot3_example.egg-info/SOURCES.txt'
[2.114s] reading manifest file '../../../build/turtlebot3_example/turtlebot3_example.egg-info/SOURCES.txt'
[2.116s] writing manifest file '../../../build/turtlebot3_example/turtlebot3_example.egg-info/SOURCES.txt'
[2.117s] running build
[2.117s] running build_py
[2.119s] creating /home/rokey1/turtlebot3_ws/build/turtlebot3_example/build
[2.119s] creating /home/rokey1/turtlebot3_ws/build/turtlebot3_example/build/lib
[2.119s] creating /home/rokey1/turtlebot3_ws/build/turtlebot3_example/build/lib/turtlebot3_example
[2.127s] copying turtlebot3_example/__init__.py -> /home/rokey1/turtlebot3_ws/build/turtlebot3_example/build/lib/turtlebot3_example
[2.127s] creating /home/rokey1/turtlebot3_ws/build/turtlebot3_example/build/lib/turtlebot3_example/turtlebot3_absolute_move
[2.127s] copying turtlebot3_example/turtlebot3_absolute_move/__init__.py -> /home/rokey1/turtlebot3_ws/build/turtlebot3_example/build/lib/turtlebot3_example/turtlebot3_absolute_move
[2.128s] copying turtlebot3_example/turtlebot3_absolute_move/turtlebot3_absolute_move.py -> /home/rokey1/turtlebot3_ws/build/turtlebot3_example/build/lib/turtlebot3_example/turtlebot3_absolute_move
[2.128s] creating /home/rokey1/turtlebot3_ws/build/turtlebot3_example/build/lib/turtlebot3_example/turtlebot3_obstacle_detection
[2.128s] copying turtlebot3_example/turtlebot3_obstacle_detection/turtlebot3_obstacle_detection.py -> /home/rokey1/turtlebot3_ws/build/turtlebot3_example/build/lib/turtlebot3_example/turtlebot3_obstacle_detection
[2.128s] copying turtlebot3_example/turtlebot3_obstacle_detection/__init__.py -> /home/rokey1/turtlebot3_ws/build/turtlebot3_example/build/lib/turtlebot3_example/turtlebot3_obstacle_detection
[2.128s] creating /home/rokey1/turtlebot3_ws/build/turtlebot3_example/build/lib/turtlebot3_example/turtlebot3_interactive_marker
[2.128s] copying turtlebot3_example/turtlebot3_interactive_marker/turtlebot3_interactive_marker.py -> /home/rokey1/turtlebot3_ws/build/turtlebot3_example/build/lib/turtlebot3_example/turtlebot3_interactive_marker
[2.128s] copying turtlebot3_example/turtlebot3_interactive_marker/__init__.py -> /home/rokey1/turtlebot3_ws/build/turtlebot3_example/build/lib/turtlebot3_example/turtlebot3_interactive_marker
[2.128s] creating /home/rokey1/turtlebot3_ws/build/turtlebot3_example/build/lib/turtlebot3_example/turtlebot3_relative_move
[2.128s] copying turtlebot3_example/turtlebot3_relative_move/turtlebot3_relative_move.py -> /home/rokey1/turtlebot3_ws/build/turtlebot3_example/build/lib/turtlebot3_example/turtlebot3_relative_move
[2.128s] copying turtlebot3_example/turtlebot3_relative_move/__init__.py -> /home/rokey1/turtlebot3_ws/build/turtlebot3_example/build/lib/turtlebot3_example/turtlebot3_relative_move
[2.129s] creating /home/rokey1/turtlebot3_ws/build/turtlebot3_example/build/lib/turtlebot3_example/turtlebot3_patrol
[2.129s] copying turtlebot3_example/turtlebot3_patrol/turtlebot3_patrol_server.py -> /home/rokey1/turtlebot3_ws/build/turtlebot3_example/build/lib/turtlebot3_example/turtlebot3_patrol
[2.129s] copying turtlebot3_example/turtlebot3_patrol/__init__.py -> /home/rokey1/turtlebot3_ws/build/turtlebot3_example/build/lib/turtlebot3_example/turtlebot3_patrol
[2.129s] copying turtlebot3_example/turtlebot3_patrol/turtlebot3_patrol_client.py -> /home/rokey1/turtlebot3_ws/build/turtlebot3_example/build/lib/turtlebot3_example/turtlebot3_patrol
[2.129s] running install
[2.129s] running install_lib
[2.130s] creating /home/rokey1/turtlebot3_ws/install/turtlebot3_example/lib/python3.10/site-packages/turtlebot3_example
[2.130s] creating /home/rokey1/turtlebot3_ws/install/turtlebot3_example/lib/python3.10/site-packages/turtlebot3_example/turtlebot3_absolute_move
[2.130s] copying /home/rokey1/turtlebot3_ws/build/turtlebot3_example/build/lib/turtlebot3_example/turtlebot3_absolute_move/__init__.py -> /home/rokey1/turtlebot3_ws/install/turtlebot3_example/lib/python3.10/site-packages/turtlebot3_example/turtlebot3_absolute_move
[2.130s] copying /home/rokey1/turtlebot3_ws/build/turtlebot3_example/build/lib/turtlebot3_example/turtlebot3_absolute_move/turtlebot3_absolute_move.py -> /home/rokey1/turtlebot3_ws/install/turtlebot3_example/lib/python3.10/site-packages/turtlebot3_example/turtlebot3_absolute_move
[2.130s] creating /home/rokey1/turtlebot3_ws/install/turtlebot3_example/lib/python3.10/site-packages/turtlebot3_example/turtlebot3_obstacle_detection
[2.131s] copying /home/rokey1/turtlebot3_ws/build/turtlebot3_example/build/lib/turtlebot3_example/turtlebot3_obstacle_detection/turtlebot3_obstacle_detection.py -> /home/rokey1/turtlebot3_ws/install/turtlebot3_example/lib/python3.10/site-packages/turtlebot3_example/turtlebot3_obstacle_detection
[2.131s] copying /home/rokey1/turtlebot3_ws/build/turtlebot3_example/build/lib/turtlebot3_example/turtlebot3_obstacle_detection/__init__.py -> /home/rokey1/turtlebot3_ws/install/turtlebot3_example/lib/python3.10/site-packages/turtlebot3_example/turtlebot3_obstacle_detection
[2.132s] creating /home/rokey1/turtlebot3_ws/install/turtlebot3_example/lib/python3.10/site-packages/turtlebot3_example/turtlebot3_interactive_marker
[2.132s] copying /home/rokey1/turtlebot3_ws/build/turtlebot3_example/build/lib/turtlebot3_example/turtlebot3_interactive_marker/turtlebot3_interactive_marker.py -> /home/rokey1/turtlebot3_ws/install/turtlebot3_example/lib/python3.10/site-packages/turtlebot3_example/turtlebot3_interactive_marker
[2.132s] copying /home/rokey1/turtlebot3_ws/build/turtlebot3_example/build/lib/turtlebot3_example/turtlebot3_interactive_marker/__init__.py -> /home/rokey1/turtlebot3_ws/install/turtlebot3_example/lib/python3.10/site-packages/turtlebot3_example/turtlebot3_interactive_marker
[2.132s] creating /home/rokey1/turtlebot3_ws/install/turtlebot3_example/lib/python3.10/site-packages/turtlebot3_example/turtlebot3_relative_move
[2.132s] copying /home/rokey1/turtlebot3_ws/build/turtlebot3_example/build/lib/turtlebot3_example/turtlebot3_relative_move/turtlebot3_relative_move.py -> /home/rokey1/turtlebot3_ws/install/turtlebot3_example/lib/python3.10/site-packages/turtlebot3_example/turtlebot3_relative_move
[2.132s] copying /home/rokey1/turtlebot3_ws/build/turtlebot3_example/build/lib/turtlebot3_example/turtlebot3_relative_move/__init__.py -> /home/rokey1/turtlebot3_ws/install/turtlebot3_example/lib/python3.10/site-packages/turtlebot3_example/turtlebot3_relative_move
[2.133s] copying /home/rokey1/turtlebot3_ws/build/turtlebot3_example/build/lib/turtlebot3_example/__init__.py -> /home/rokey1/turtlebot3_ws/install/turtlebot3_example/lib/python3.10/site-packages/turtlebot3_example
[2.133s] creating /home/rokey1/turtlebot3_ws/install/turtlebot3_example/lib/python3.10/site-packages/turtlebot3_example/turtlebot3_patrol
[2.133s] copying /home/rokey1/turtlebot3_ws/build/turtlebot3_example/build/lib/turtlebot3_example/turtlebot3_patrol/turtlebot3_patrol_server.py -> /home/rokey1/turtlebot3_ws/install/turtlebot3_example/lib/python3.10/site-packages/turtlebot3_example/turtlebot3_patrol
[2.136s] copying /home/rokey1/turtlebot3_ws/build/turtlebot3_example/build/lib/turtlebot3_example/turtlebot3_patrol/__init__.py -> /home/rokey1/turtlebot3_ws/install/turtlebot3_example/lib/python3.10/site-packages/turtlebot3_example/turtlebot3_patrol
[2.136s] copying /home/rokey1/turtlebot3_ws/build/turtlebot3_example/build/lib/turtlebot3_example/turtlebot3_patrol/turtlebot3_patrol_client.py -> /home/rokey1/turtlebot3_ws/install/turtlebot3_example/lib/python3.10/site-packages/turtlebot3_example/turtlebot3_patrol
[2.136s] byte-compiling /home/rokey1/turtlebot3_ws/install/turtlebot3_example/lib/python3.10/site-packages/turtlebot3_example/turtlebot3_absolute_move/__init__.py to __init__.cpython-310.pyc
[2.137s] byte-compiling /home/rokey1/turtlebot3_ws/install/turtlebot3_example/lib/python3.10/site-packages/turtlebot3_example/turtlebot3_absolute_move/turtlebot3_absolute_move.py to turtlebot3_absolute_move.cpython-310.pyc
[2.137s] byte-compiling /home/rokey1/turtlebot3_ws/install/turtlebot3_example/lib/python3.10/site-packages/turtlebot3_example/turtlebot3_obstacle_detection/turtlebot3_obstacle_detection.py to turtlebot3_obstacle_detection.cpython-310.pyc
[2.137s] byte-compiling /home/rokey1/turtlebot3_ws/install/turtlebot3_example/lib/python3.10/site-packages/turtlebot3_example/turtlebot3_obstacle_detection/__init__.py to __init__.cpython-310.pyc
[2.137s] byte-compiling /home/rokey1/turtlebot3_ws/install/turtlebot3_example/lib/python3.10/site-packages/turtlebot3_example/turtlebot3_interactive_marker/turtlebot3_interactive_marker.py to turtlebot3_interactive_marker.cpython-310.pyc
[2.138s] byte-compiling /home/rokey1/turtlebot3_ws/install/turtlebot3_example/lib/python3.10/site-packages/turtlebot3_example/turtlebot3_interactive_marker/__init__.py to __init__.cpython-310.pyc
[2.139s] byte-compiling /home/rokey1/turtlebot3_ws/install/turtlebot3_example/lib/python3.10/site-packages/turtlebot3_example/turtlebot3_relative_move/turtlebot3_relative_move.py to turtlebot3_relative_move.cpython-310.pyc
[2.141s] byte-compiling /home/rokey1/turtlebot3_ws/install/turtlebot3_example/lib/python3.10/site-packages/turtlebot3_example/turtlebot3_relative_move/__init__.py to __init__.cpython-310.pyc
[2.141s] byte-compiling /home/rokey1/turtlebot3_ws/install/turtlebot3_example/lib/python3.10/site-packages/turtlebot3_example/__init__.py to __init__.cpython-310.pyc
[2.141s] byte-compiling /home/rokey1/turtlebot3_ws/install/turtlebot3_example/lib/python3.10/site-packages/turtlebot3_example/turtlebot3_patrol/turtlebot3_patrol_server.py to turtlebot3_patrol_server.cpython-310.pyc
[2.143s] byte-compiling /home/rokey1/turtlebot3_ws/install/turtlebot3_example/lib/python3.10/site-packages/turtlebot3_example/turtlebot3_patrol/__init__.py to __init__.cpython-310.pyc
[2.144s] byte-compiling /home/rokey1/turtlebot3_ws/install/turtlebot3_example/lib/python3.10/site-packages/turtlebot3_example/turtlebot3_patrol/turtlebot3_patrol_client.py to turtlebot3_patrol_client.cpython-310.pyc
[2.144s] running install_data
[2.145s] creating /home/rokey1/turtlebot3_ws/install/turtlebot3_example/share/ament_index
[2.145s] creating /home/rokey1/turtlebot3_ws/install/turtlebot3_example/share/ament_index/resource_index
[2.145s] creating /home/rokey1/turtlebot3_ws/install/turtlebot3_example/share/ament_index/resource_index/packages
[2.145s] copying resource/turtlebot3_example -> /home/rokey1/turtlebot3_ws/install/turtlebot3_example/share/ament_index/resource_index/packages
[2.150s] copying package.xml -> /home/rokey1/turtlebot3_ws/install/turtlebot3_example/share/turtlebot3_example
[2.150s] running install_egg_info
[2.151s] Copying ../../../build/turtlebot3_example/turtlebot3_example.egg-info to /home/rokey1/turtlebot3_ws/install/turtlebot3_example/lib/python3.10/site-packages/turtlebot3_example-2.3.3-py3.10.egg-info
[2.153s] running install_scripts
[2.188s] Installing turtlebot3_absolute_move script to /home/rokey1/turtlebot3_ws/install/turtlebot3_example/lib/turtlebot3_example
[2.188s] Installing turtlebot3_interactive_marker script to /home/rokey1/turtlebot3_ws/install/turtlebot3_example/lib/turtlebot3_example
[2.188s] Installing turtlebot3_obstacle_detection script to /home/rokey1/turtlebot3_ws/install/turtlebot3_example/lib/turtlebot3_example
[2.189s] Installing turtlebot3_patrol_client script to /home/rokey1/turtlebot3_ws/install/turtlebot3_example/lib/turtlebot3_example
[2.190s] Installing turtlebot3_patrol_server script to /home/rokey1/turtlebot3_ws/install/turtlebot3_example/lib/turtlebot3_example
[2.196s] Installing turtlebot3_relative_move script to /home/rokey1/turtlebot3_ws/install/turtlebot3_example/lib/turtlebot3_example
[2.196s] writing list of installed files to '/home/rokey1/turtlebot3_ws/build/turtlebot3_example/install.log'
[2.238s] Invoked command in '/home/rokey1/turtlebot3_ws/src/turtlebot3/turtlebot3_example' returned '0': CMAKE_PREFIX_PATH=/home/rokey1/turtlebot3_ws/install/turtlebot3_msgs:/home/rokey1/turtlebot3_ws/install/turtlebot3:/home/rokey1/turtlebot3_ws/install/turtlebot3_simulations:/home/rokey1/turtlebot3_ws/install/turtlebot3_bringup:/home/rokey1/turtlebot3_ws/install/turtlebot3_node:/home/rokey1/turtlebot3_ws/install/turtlebot3_navigation2:/home/rokey1/turtlebot3_ws/install/turtlebot3_fake_node:/home/rokey1/turtlebot3_ws/install/turtlebot3_manipulation_gazebo:/home/rokey1/turtlebot3_ws/install/turtlebot3_gazebo:/home/rokey1/turtlebot3_ws/install/turtlebot3_description:/home/rokey1/turtlebot3_ws/install/turtlebot3_cartographer:/home/rokey1/turtlebot3_ws/install/turtlebot3_autorace:/home/rokey1/turtlebot3_ws/install/dynamixel_sdk_examples:/home/rokey1/turtlebot3_ws/install/dynamixel_sdk_custom_interfaces:/home/rokey1/turtlebot3_ws/install/dynamixel_sdk LD_LIBRARY_PATH=/home/rokey1/turtlebot3_ws/install/turtlebot3_msgs/lib:/home/rokey1/turtlebot3_ws/install/dynamixel_sdk_custom_interfaces/lib:/home/rokey1/turtlebot3_ws/install/dynamixel_sdk/lib:/usr/lib/x86_64-linux-gnu/gazebo-11/plugins:/opt/ros/humble/opt/rviz_ogre_vendor/lib:/opt/ros/humble/lib/x86_64-linux-gnu:/opt/ros/humble/lib:/usr/lib/x86_64-linux-gnu/gazebo-11/plugins PYTHONPATH=/home/rokey1/turtlebot3_ws/build/turtlebot3_example/prefix_override:/usr/lib/python3/dist-packages/colcon_core/task/python/colcon_distutils_commands:/home/rokey1/turtlebot3_ws/install/turtlebot3_example/lib/python3.10/site-packages:${PYTHONPATH} /usr/bin/python3 -W ignore:setup.py install is deprecated -W ignore:easy_install command is deprecated setup.py egg_info --egg-base ../../../build/turtlebot3_example build --build-base /home/rokey1/turtlebot3_ws/build/turtlebot3_example/build install --record /home/rokey1/turtlebot3_ws/build/turtlebot3_example/install.log --single-version-externally-managed install_data
