[0.035s] Invoking command in '/home/rokey1/turtlebot3_ws/build/dynamixel_sdk': CMAKE_PREFIX_PATH=/home/rokey1/turtlebot3_ws/install/turtlebot3_autorace_mission:/home/rokey1/turtlebot3_ws/install/turtlebot3_autorace_detect:/home/rokey1/turtlebot3_ws/install/turtlebot3_autorace_camera:/opt/ros/humble /usr/bin/cmake /home/rokey1/turtlebot3_ws/src/DynamixelSDK/ros/dynamixel_sdk -DCMAKE_INSTALL_PREFIX=/home/rokey1/turtlebot3_ws/install/dynamixel_sdk
[1.120s] -- The C compiler identification is GNU 11.4.0
[1.120s] -- The CXX compiler identification is GNU 11.4.0
[1.121s] -- Detecting C compiler ABI info
[1.121s] -- Detecting C compiler ABI info - done
[1.122s] -- Check for working C compiler: /usr/bin/cc - skipped
[1.122s] -- Detecting C compile features
[1.122s] -- Detecting C compile features - done
[1.122s] -- Detecting CXX compiler ABI info
[1.122s] -- Detecting CXX compiler ABI info - done
[1.122s] -- Check for working CXX compiler: /usr/bin/c++ - skipped
[1.123s] -- Detecting CXX compile features
[1.123s] -- Detecting CXX compile features - done
[1.123s] -- Found ament_cmake: 1.3.12 (/opt/ros/humble/share/ament_cmake/cmake)
[1.123s] -- Found Python3: /usr/bin/python3 (found version "3.10.12") found components: Interpreter 
[1.123s] -- Configuring done
[1.123s] -- Generating done
[1.124s] -- Build files have been written to: /home/rokey1/turtlebot3_ws/build/dynamixel_sdk
[1.134s] Invoked command in '/home/rokey1/turtlebot3_ws/build/dynamixel_sdk' returned '0': CMAKE_PREFIX_PATH=/home/rokey1/turtlebot3_ws/install/turtlebot3_autorace_mission:/home/rokey1/turtlebot3_ws/install/turtlebot3_autorace_detect:/home/rokey1/turtlebot3_ws/install/turtlebot3_autorace_camera:/opt/ros/humble /usr/bin/cmake /home/rokey1/turtlebot3_ws/src/DynamixelSDK/ros/dynamixel_sdk -DCMAKE_INSTALL_PREFIX=/home/rokey1/turtlebot3_ws/install/dynamixel_sdk
[1.135s] Invoking command in '/home/rokey1/turtlebot3_ws/build/dynamixel_sdk': CMAKE_PREFIX_PATH=/home/rokey1/turtlebot3_ws/install/turtlebot3_autorace_mission:/home/rokey1/turtlebot3_ws/install/turtlebot3_autorace_detect:/home/rokey1/turtlebot3_ws/install/turtlebot3_autorace_camera:/opt/ros/humble /usr/bin/cmake --build /home/rokey1/turtlebot3_ws/build/dynamixel_sdk -- -j8 -l8
[1.238s] [  7%] [32mBuilding CXX object CMakeFiles/dynamixel_sdk.dir/src/dynamixel_sdk/packet_handler.cpp.o[0m
[1.259s] [ 15%] [32mBuilding CXX object CMakeFiles/dynamixel_sdk.dir/src/dynamixel_sdk/protocol1_packet_handler.cpp.o[0m
[1.259s] [ 23%] [32mBuilding CXX object CMakeFiles/dynamixel_sdk.dir/src/dynamixel_sdk/protocol2_packet_handler.cpp.o[0m
[1.259s] [ 30%] [32mBuilding CXX object CMakeFiles/dynamixel_sdk.dir/src/dynamixel_sdk/group_bulk_read.cpp.o[0m
[1.259s] [ 38%] [32mBuilding CXX object CMakeFiles/dynamixel_sdk.dir/src/dynamixel_sdk/group_sync_read.cpp.o[0m
[1.261s] [ 46%] [32mBuilding CXX object CMakeFiles/dynamixel_sdk.dir/src/dynamixel_sdk/group_bulk_write.cpp.o[0m
[1.267s] [ 53%] [32mBuilding CXX object CMakeFiles/dynamixel_sdk.dir/src/dynamixel_sdk/group_sync_write.cpp.o[0m
[1.299s] [ 53%] Built target ament_cmake_python_copy_dynamixel_sdk
[1.312s] [ 61%] [32mBuilding CXX object CMakeFiles/dynamixel_sdk.dir/src/dynamixel_sdk/group_fast_bulk_read.cpp.o[0m
[1.722s] [ 69%] [32mBuilding CXX object CMakeFiles/dynamixel_sdk.dir/src/dynamixel_sdk/group_fast_sync_read.cpp.o[0m
[1.911s] [ 76%] [32mBuilding CXX object CMakeFiles/dynamixel_sdk.dir/src/dynamixel_sdk/group_handler.cpp.o[0m
[2.282s] [ 84%] [32mBuilding CXX object CMakeFiles/dynamixel_sdk.dir/src/dynamixel_sdk/port_handler.cpp.o[0m
[2.386s] [ 92%] [32mBuilding CXX object CMakeFiles/dynamixel_sdk.dir/src/dynamixel_sdk/port_handler_linux.cpp.o[0m
[2.621s] running egg_info
[2.625s] creating dynamixel_sdk.egg-info
[2.625s] writing dynamixel_sdk.egg-info/PKG-INFO
[2.625s] writing dependency_links to dynamixel_sdk.egg-info/dependency_links.txt
[2.625s] writing top-level names to dynamixel_sdk.egg-info/top_level.txt
[2.630s] writing manifest file 'dynamixel_sdk.egg-info/SOURCES.txt'
[2.649s] reading manifest file 'dynamixel_sdk.egg-info/SOURCES.txt'
[2.649s] writing manifest file 'dynamixel_sdk.egg-info/SOURCES.txt'
[2.795s] [ 92%] Built target ament_cmake_python_build_dynamixel_sdk_egg
[3.453s] [100%] [32m[1mLinking CXX shared library libdynamixel_sdk.so[0m
[3.750s] [100%] Built target dynamixel_sdk
[4.375s] Invoked command in '/home/rokey1/turtlebot3_ws/build/dynamixel_sdk' returned '0': CMAKE_PREFIX_PATH=/home/rokey1/turtlebot3_ws/install/turtlebot3_autorace_mission:/home/rokey1/turtlebot3_ws/install/turtlebot3_autorace_detect:/home/rokey1/turtlebot3_ws/install/turtlebot3_autorace_camera:/opt/ros/humble /usr/bin/cmake --build /home/rokey1/turtlebot3_ws/build/dynamixel_sdk -- -j8 -l8
[4.376s] Invoking command in '/home/rokey1/turtlebot3_ws/build/dynamixel_sdk': CMAKE_PREFIX_PATH=/home/rokey1/turtlebot3_ws/install/turtlebot3_autorace_mission:/home/rokey1/turtlebot3_ws/install/turtlebot3_autorace_detect:/home/rokey1/turtlebot3_ws/install/turtlebot3_autorace_camera:/opt/ros/humble /usr/bin/cmake --install /home/rokey1/turtlebot3_ws/build/dynamixel_sdk
[4.884s] -- Install configuration: ""
[4.884s] -- Installing: /home/rokey1/turtlebot3_ws/install/dynamixel_sdk/include/
[4.884s] -- Installing: /home/rokey1/turtlebot3_ws/install/dynamixel_sdk/include//dynamixel_sdk
[4.884s] -- Installing: /home/rokey1/turtlebot3_ws/install/dynamixel_sdk/include//dynamixel_sdk/dynamixel_sdk.h
[4.884s] -- Installing: /home/rokey1/turtlebot3_ws/install/dynamixel_sdk/include//dynamixel_sdk/port_handler_arduino.h
[4.884s] -- Installing: /home/rokey1/turtlebot3_ws/install/dynamixel_sdk/include//dynamixel_sdk/group_bulk_write.h
[4.884s] -- Installing: /home/rokey1/turtlebot3_ws/install/dynamixel_sdk/include//dynamixel_sdk/port_handler_mac.h
[4.884s] -- Installing: /home/rokey1/turtlebot3_ws/install/dynamixel_sdk/include//dynamixel_sdk/group_sync_read.h
[4.884s] -- Installing: /home/rokey1/turtlebot3_ws/install/dynamixel_sdk/include//dynamixel_sdk/packet_handler.h
[4.884s] -- Installing: /home/rokey1/turtlebot3_ws/install/dynamixel_sdk/include//dynamixel_sdk/port_handler.h
[4.885s] -- Installing: /home/rokey1/turtlebot3_ws/install/dynamixel_sdk/include//dynamixel_sdk/group_bulk_read.h
[4.885s] -- Installing: /home/rokey1/turtlebot3_ws/install/dynamixel_sdk/include//dynamixel_sdk/group_handler.h
[4.885s] -- Installing: /home/rokey1/turtlebot3_ws/install/dynamixel_sdk/include//dynamixel_sdk/port_handler_windows.h
[4.885s] -- Installing: /home/rokey1/turtlebot3_ws/install/dynamixel_sdk/include//dynamixel_sdk/group_fast_sync_read.h
[4.885s] -- Installing: /home/rokey1/turtlebot3_ws/install/dynamixel_sdk/include//dynamixel_sdk/port_handler_linux.h
[4.885s] -- Installing: /home/rokey1/turtlebot3_ws/install/dynamixel_sdk/include//dynamixel_sdk/protocol1_packet_handler.h
[4.885s] -- Installing: /home/rokey1/turtlebot3_ws/install/dynamixel_sdk/include//dynamixel_sdk/group_fast_bulk_read.h
[4.885s] -- Installing: /home/rokey1/turtlebot3_ws/install/dynamixel_sdk/include//dynamixel_sdk/group_sync_write.h
[4.885s] -- Installing: /home/rokey1/turtlebot3_ws/install/dynamixel_sdk/include//dynamixel_sdk/protocol2_packet_handler.h
[4.885s] -- Installing: /home/rokey1/turtlebot3_ws/install/dynamixel_sdk/lib/libdynamixel_sdk.so
[4.886s] -- Installing: /home/rokey1/turtlebot3_ws/install/dynamixel_sdk/share/dynamixel_sdk/environment/pythonpath.sh
[4.886s] -- Installing: /home/rokey1/turtlebot3_ws/install/dynamixel_sdk/share/dynamixel_sdk/environment/pythonpath.dsv
[4.886s] -- Installing: /home/rokey1/turtlebot3_ws/install/dynamixel_sdk/local/lib/python3.10/dist-packages/dynamixel_sdk-3.8.4-py3.10.egg-info
[4.886s] -- Installing: /home/rokey1/turtlebot3_ws/install/dynamixel_sdk/local/lib/python3.10/dist-packages/dynamixel_sdk-3.8.4-py3.10.egg-info/PKG-INFO
[4.886s] -- Installing: /home/rokey1/turtlebot3_ws/install/dynamixel_sdk/local/lib/python3.10/dist-packages/dynamixel_sdk-3.8.4-py3.10.egg-info/top_level.txt
[4.886s] -- Installing: /home/rokey1/turtlebot3_ws/install/dynamixel_sdk/local/lib/python3.10/dist-packages/dynamixel_sdk-3.8.4-py3.10.egg-info/SOURCES.txt
[4.886s] -- Installing: /home/rokey1/turtlebot3_ws/install/dynamixel_sdk/local/lib/python3.10/dist-packages/dynamixel_sdk-3.8.4-py3.10.egg-info/dependency_links.txt
[4.886s] -- Installing: /home/rokey1/turtlebot3_ws/install/dynamixel_sdk/local/lib/python3.10/dist-packages/dynamixel_sdk
[4.886s] -- Installing: /home/rokey1/turtlebot3_ws/install/dynamixel_sdk/local/lib/python3.10/dist-packages/dynamixel_sdk/robotis_def.py
[4.886s] -- Installing: /home/rokey1/turtlebot3_ws/install/dynamixel_sdk/local/lib/python3.10/dist-packages/dynamixel_sdk/group_sync_read.py
[4.887s] -- Installing: /home/rokey1/turtlebot3_ws/install/dynamixel_sdk/local/lib/python3.10/dist-packages/dynamixel_sdk/protocol2_packet_handler.cpp
[4.887s] -- Installing: /home/rokey1/turtlebot3_ws/install/dynamixel_sdk/local/lib/python3.10/dist-packages/dynamixel_sdk/group_sync_read.cpp
[4.887s] -- Installing: /home/rokey1/turtlebot3_ws/install/dynamixel_sdk/local/lib/python3.10/dist-packages/dynamixel_sdk/port_handler_arduino.cpp
[4.887s] -- Installing: /home/rokey1/turtlebot3_ws/install/dynamixel_sdk/local/lib/python3.10/dist-packages/dynamixel_sdk/packet_handler.py
[4.887s] -- Installing: /home/rokey1/turtlebot3_ws/install/dynamixel_sdk/local/lib/python3.10/dist-packages/dynamixel_sdk/port_handler_windows.cpp
[4.890s] -- Installing: /home/rokey1/turtlebot3_ws/install/dynamixel_sdk/local/lib/python3.10/dist-packages/dynamixel_sdk/protocol1_packet_handler.py
[4.890s] -- Installing: /home/rokey1/turtlebot3_ws/install/dynamixel_sdk/local/lib/python3.10/dist-packages/dynamixel_sdk/group_fast_bulk_read.cpp
[4.890s] -- Installing: /home/rokey1/turtlebot3_ws/install/dynamixel_sdk/local/lib/python3.10/dist-packages/dynamixel_sdk/port_handler_linux.cpp
[4.890s] -- Installing: /home/rokey1/turtlebot3_ws/install/dynamixel_sdk/local/lib/python3.10/dist-packages/dynamixel_sdk/group_bulk_read.py
[4.891s] -- Installing: /home/rokey1/turtlebot3_ws/install/dynamixel_sdk/local/lib/python3.10/dist-packages/dynamixel_sdk/group_handler.cpp
[4.891s] -- Installing: /home/rokey1/turtlebot3_ws/install/dynamixel_sdk/local/lib/python3.10/dist-packages/dynamixel_sdk/group_bulk_read.cpp
[4.891s] -- Installing: /home/rokey1/turtlebot3_ws/install/dynamixel_sdk/local/lib/python3.10/dist-packages/dynamixel_sdk/port_handler.py
[4.891s] -- Installing: /home/rokey1/turtlebot3_ws/install/dynamixel_sdk/local/lib/python3.10/dist-packages/dynamixel_sdk/port_handler_mac.cpp
[4.891s] -- Installing: /home/rokey1/turtlebot3_ws/install/dynamixel_sdk/local/lib/python3.10/dist-packages/dynamixel_sdk/protocol1_packet_handler.cpp
[4.891s] -- Installing: /home/rokey1/turtlebot3_ws/install/dynamixel_sdk/local/lib/python3.10/dist-packages/dynamixel_sdk/packet_handler.cpp
[4.891s] -- Installing: /home/rokey1/turtlebot3_ws/install/dynamixel_sdk/local/lib/python3.10/dist-packages/dynamixel_sdk/group_bulk_write.py
[4.891s] -- Installing: /home/rokey1/turtlebot3_ws/install/dynamixel_sdk/local/lib/python3.10/dist-packages/dynamixel_sdk/__init__.py
[4.891s] -- Installing: /home/rokey1/turtlebot3_ws/install/dynamixel_sdk/local/lib/python3.10/dist-packages/dynamixel_sdk/group_sync_write.cpp
[4.891s] -- Installing: /home/rokey1/turtlebot3_ws/install/dynamixel_sdk/local/lib/python3.10/dist-packages/dynamixel_sdk/group_sync_write.py
[4.892s] -- Installing: /home/rokey1/turtlebot3_ws/install/dynamixel_sdk/local/lib/python3.10/dist-packages/dynamixel_sdk/port_handler.cpp
[4.892s] -- Installing: /home/rokey1/turtlebot3_ws/install/dynamixel_sdk/local/lib/python3.10/dist-packages/dynamixel_sdk/protocol2_packet_handler.py
[4.892s] -- Installing: /home/rokey1/turtlebot3_ws/install/dynamixel_sdk/local/lib/python3.10/dist-packages/dynamixel_sdk/group_fast_sync_read.cpp
[4.892s] -- Installing: /home/rokey1/turtlebot3_ws/install/dynamixel_sdk/local/lib/python3.10/dist-packages/dynamixel_sdk/group_bulk_write.cpp
[4.892s] Listing '/home/rokey1/turtlebot3_ws/install/dynamixel_sdk/local/lib/python3.10/dist-packages/dynamixel_sdk'...
[4.892s] Compiling '/home/rokey1/turtlebot3_ws/install/dynamixel_sdk/local/lib/python3.10/dist-packages/dynamixel_sdk/__init__.py'...
[4.892s] Compiling '/home/rokey1/turtlebot3_ws/install/dynamixel_sdk/local/lib/python3.10/dist-packages/dynamixel_sdk/group_bulk_read.py'...
[4.892s] Compiling '/home/rokey1/turtlebot3_ws/install/dynamixel_sdk/local/lib/python3.10/dist-packages/dynamixel_sdk/group_bulk_write.py'...
[4.892s] Compiling '/home/rokey1/turtlebot3_ws/install/dynamixel_sdk/local/lib/python3.10/dist-packages/dynamixel_sdk/group_sync_read.py'...
[4.892s] Compiling '/home/rokey1/turtlebot3_ws/install/dynamixel_sdk/local/lib/python3.10/dist-packages/dynamixel_sdk/group_sync_write.py'...
[4.893s] Compiling '/home/rokey1/turtlebot3_ws/install/dynamixel_sdk/local/lib/python3.10/dist-packages/dynamixel_sdk/packet_handler.py'...
[4.893s] Compiling '/home/rokey1/turtlebot3_ws/install/dynamixel_sdk/local/lib/python3.10/dist-packages/dynamixel_sdk/port_handler.py'...
[4.893s] Compiling '/home/rokey1/turtlebot3_ws/install/dynamixel_sdk/local/lib/python3.10/dist-packages/dynamixel_sdk/protocol1_packet_handler.py'...
[4.893s] Compiling '/home/rokey1/turtlebot3_ws/install/dynamixel_sdk/local/lib/python3.10/dist-packages/dynamixel_sdk/protocol2_packet_handler.py'...
[4.893s] Compiling '/home/rokey1/turtlebot3_ws/install/dynamixel_sdk/local/lib/python3.10/dist-packages/dynamixel_sdk/robotis_def.py'...
[4.893s] -- Installing: /home/rokey1/turtlebot3_ws/install/dynamixel_sdk/share/dynamixel_sdk/environment/library_path.sh
[4.893s] -- Installing: /home/rokey1/turtlebot3_ws/install/dynamixel_sdk/share/dynamixel_sdk/environment/library_path.dsv
[4.893s] -- Installing: /home/rokey1/turtlebot3_ws/install/dynamixel_sdk/share/ament_index/resource_index/package_run_dependencies/dynamixel_sdk
[4.903s] -- Installing: /home/rokey1/turtlebot3_ws/install/dynamixel_sdk/share/ament_index/resource_index/parent_prefix_path/dynamixel_sdk
[4.903s] -- Installing: /home/rokey1/turtlebot3_ws/install/dynamixel_sdk/share/dynamixel_sdk/environment/ament_prefix_path.sh
[4.903s] -- Installing: /home/rokey1/turtlebot3_ws/install/dynamixel_sdk/share/dynamixel_sdk/environment/ament_prefix_path.dsv
[4.903s] -- Installing: /home/rokey1/turtlebot3_ws/install/dynamixel_sdk/share/dynamixel_sdk/environment/path.sh
[4.903s] -- Installing: /home/rokey1/turtlebot3_ws/install/dynamixel_sdk/share/dynamixel_sdk/environment/path.dsv
[4.903s] -- Installing: /home/rokey1/turtlebot3_ws/install/dynamixel_sdk/share/dynamixel_sdk/local_setup.bash
[4.903s] -- Installing: /home/rokey1/turtlebot3_ws/install/dynamixel_sdk/share/dynamixel_sdk/local_setup.sh
[4.903s] -- Installing: /home/rokey1/turtlebot3_ws/install/dynamixel_sdk/share/dynamixel_sdk/local_setup.zsh
[4.903s] -- Installing: /home/rokey1/turtlebot3_ws/install/dynamixel_sdk/share/dynamixel_sdk/local_setup.dsv
[4.904s] -- Installing: /home/rokey1/turtlebot3_ws/install/dynamixel_sdk/share/dynamixel_sdk/package.dsv
[4.904s] -- Installing: /home/rokey1/turtlebot3_ws/install/dynamixel_sdk/share/ament_index/resource_index/packages/dynamixel_sdk
[4.904s] -- Installing: /home/rokey1/turtlebot3_ws/install/dynamixel_sdk/share/dynamixel_sdk/cmake/dynamixel_sdkExport.cmake
[4.904s] -- Installing: /home/rokey1/turtlebot3_ws/install/dynamixel_sdk/share/dynamixel_sdk/cmake/dynamixel_sdkExport-noconfig.cmake
[4.904s] -- Installing: /home/rokey1/turtlebot3_ws/install/dynamixel_sdk/share/dynamixel_sdk/cmake/ament_cmake_export_targets-extras.cmake
[4.904s] -- Installing: /home/rokey1/turtlebot3_ws/install/dynamixel_sdk/share/dynamixel_sdk/cmake/ament_cmake_export_include_directories-extras.cmake
[4.904s] -- Installing: /home/rokey1/turtlebot3_ws/install/dynamixel_sdk/share/dynamixel_sdk/cmake/ament_cmake_export_libraries-extras.cmake
[4.904s] -- Installing: /home/rokey1/turtlebot3_ws/install/dynamixel_sdk/share/dynamixel_sdk/cmake/dynamixel_sdkConfig.cmake
[4.904s] -- Installing: /home/rokey1/turtlebot3_ws/install/dynamixel_sdk/share/dynamixel_sdk/cmake/dynamixel_sdkConfig-version.cmake
[4.905s] -- Installing: /home/rokey1/turtlebot3_ws/install/dynamixel_sdk/share/dynamixel_sdk/package.xml
[4.905s] Invoked command in '/home/rokey1/turtlebot3_ws/build/dynamixel_sdk' returned '0': CMAKE_PREFIX_PATH=/home/rokey1/turtlebot3_ws/install/turtlebot3_autorace_mission:/home/rokey1/turtlebot3_ws/install/turtlebot3_autorace_detect:/home/rokey1/turtlebot3_ws/install/turtlebot3_autorace_camera:/opt/ros/humble /usr/bin/cmake --install /home/rokey1/turtlebot3_ws/build/dynamixel_sdk
