[2.062s] Invoking command in '/home/rokey1/turtlebot3_ws/src/turtlebot3_autorace/turtlebot3_autorace_detect': PYTHONPATH=/home/rokey1/turtlebot3_ws/build/turtlebot3_autorace_detect/prefix_override:/usr/lib/python3/dist-packages/colcon_core/task/python/colcon_distutils_commands:/home/rokey1/turtlebot3_ws/install/turtlebot3_autorace_detect/lib/python3.10/site-packages:${PYTHONPATH} /usr/bin/python3 -W ignore:setup.py install is deprecated -W ignore:easy_install command is deprecated setup.py egg_info --egg-base ../../../build/turtlebot3_autorace_detect build --build-base /home/rokey1/turtlebot3_ws/build/turtlebot3_autorace_detect/build install --record /home/rokey1/turtlebot3_ws/build/turtlebot3_autorace_detect/install.log --single-version-externally-managed install_data
[2.680s] running egg_info
[2.681s] creating ../../../build/turtlebot3_autorace_detect/turtlebot3_autorace_detect.egg-info
[2.681s] writing ../../../build/turtlebot3_autorace_detect/turtlebot3_autorace_detect.egg-info/PKG-INFO
[2.681s] writing dependency_links to ../../../build/turtlebot3_autorace_detect/turtlebot3_autorace_detect.egg-info/dependency_links.txt
[2.682s] writing entry points to ../../../build/turtlebot3_autorace_detect/turtlebot3_autorace_detect.egg-info/entry_points.txt
[2.682s] writing requirements to ../../../build/turtlebot3_autorace_detect/turtlebot3_autorace_detect.egg-info/requires.txt
[2.682s] writing top-level names to ../../../build/turtlebot3_autorace_detect/turtlebot3_autorace_detect.egg-info/top_level.txt
[2.682s] writing manifest file '../../../build/turtlebot3_autorace_detect/turtlebot3_autorace_detect.egg-info/SOURCES.txt'
[2.683s] reading manifest file '../../../build/turtlebot3_autorace_detect/turtlebot3_autorace_detect.egg-info/SOURCES.txt'
[2.683s] writing manifest file '../../../build/turtlebot3_autorace_detect/turtlebot3_autorace_detect.egg-info/SOURCES.txt'
[2.683s] running build
[2.683s] running build_py
[2.683s] creating /home/rokey1/turtlebot3_ws/build/turtlebot3_autorace_detect/build
[2.683s] creating /home/rokey1/turtlebot3_ws/build/turtlebot3_autorace_detect/build/lib
[2.683s] creating /home/rokey1/turtlebot3_ws/build/turtlebot3_autorace_detect/build/lib/turtlebot3_autorace_detect
[2.683s] copying turtlebot3_autorace_detect/detect_tunnel_sign.py -> /home/rokey1/turtlebot3_ws/build/turtlebot3_autorace_detect/build/lib/turtlebot3_autorace_detect
[2.683s] copying turtlebot3_autorace_detect/detect_level_crossing_sign.py -> /home/rokey1/turtlebot3_ws/build/turtlebot3_autorace_detect/build/lib/turtlebot3_autorace_detect
[2.684s] copying turtlebot3_autorace_detect/detect_construction_sign.py -> /home/rokey1/turtlebot3_ws/build/turtlebot3_autorace_detect/build/lib/turtlebot3_autorace_detect
[2.684s] copying turtlebot3_autorace_detect/detect_level_crossing.py -> /home/rokey1/turtlebot3_ws/build/turtlebot3_autorace_detect/build/lib/turtlebot3_autorace_detect
[2.684s] copying turtlebot3_autorace_detect/__init__.py -> /home/rokey1/turtlebot3_ws/build/turtlebot3_autorace_detect/build/lib/turtlebot3_autorace_detect
[2.684s] copying turtlebot3_autorace_detect/detect_intersection_sign.py -> /home/rokey1/turtlebot3_ws/build/turtlebot3_autorace_detect/build/lib/turtlebot3_autorace_detect
[2.684s] copying turtlebot3_autorace_detect/detect_traffic_light.py -> /home/rokey1/turtlebot3_ws/build/turtlebot3_autorace_detect/build/lib/turtlebot3_autorace_detect
[2.684s] copying turtlebot3_autorace_detect/detect_lane.py -> /home/rokey1/turtlebot3_ws/build/turtlebot3_autorace_detect/build/lib/turtlebot3_autorace_detect
[2.684s] copying turtlebot3_autorace_detect/detect_parking_sign.py -> /home/rokey1/turtlebot3_ws/build/turtlebot3_autorace_detect/build/lib/turtlebot3_autorace_detect
[2.684s] running install
[2.684s] running install_lib
[2.685s] creating /home/rokey1/turtlebot3_ws/install/turtlebot3_autorace_detect/lib/python3.10/site-packages/turtlebot3_autorace_detect
[2.685s] copying /home/rokey1/turtlebot3_ws/build/turtlebot3_autorace_detect/build/lib/turtlebot3_autorace_detect/detect_tunnel_sign.py -> /home/rokey1/turtlebot3_ws/install/turtlebot3_autorace_detect/lib/python3.10/site-packages/turtlebot3_autorace_detect
[2.685s] copying /home/rokey1/turtlebot3_ws/build/turtlebot3_autorace_detect/build/lib/turtlebot3_autorace_detect/detect_level_crossing_sign.py -> /home/rokey1/turtlebot3_ws/install/turtlebot3_autorace_detect/lib/python3.10/site-packages/turtlebot3_autorace_detect
[2.685s] copying /home/rokey1/turtlebot3_ws/build/turtlebot3_autorace_detect/build/lib/turtlebot3_autorace_detect/detect_construction_sign.py -> /home/rokey1/turtlebot3_ws/install/turtlebot3_autorace_detect/lib/python3.10/site-packages/turtlebot3_autorace_detect
[2.685s] copying /home/rokey1/turtlebot3_ws/build/turtlebot3_autorace_detect/build/lib/turtlebot3_autorace_detect/detect_level_crossing.py -> /home/rokey1/turtlebot3_ws/install/turtlebot3_autorace_detect/lib/python3.10/site-packages/turtlebot3_autorace_detect
[2.685s] copying /home/rokey1/turtlebot3_ws/build/turtlebot3_autorace_detect/build/lib/turtlebot3_autorace_detect/__init__.py -> /home/rokey1/turtlebot3_ws/install/turtlebot3_autorace_detect/lib/python3.10/site-packages/turtlebot3_autorace_detect
[2.685s] copying /home/rokey1/turtlebot3_ws/build/turtlebot3_autorace_detect/build/lib/turtlebot3_autorace_detect/detect_intersection_sign.py -> /home/rokey1/turtlebot3_ws/install/turtlebot3_autorace_detect/lib/python3.10/site-packages/turtlebot3_autorace_detect
[2.685s] copying /home/rokey1/turtlebot3_ws/build/turtlebot3_autorace_detect/build/lib/turtlebot3_autorace_detect/detect_traffic_light.py -> /home/rokey1/turtlebot3_ws/install/turtlebot3_autorace_detect/lib/python3.10/site-packages/turtlebot3_autorace_detect
[2.685s] copying /home/rokey1/turtlebot3_ws/build/turtlebot3_autorace_detect/build/lib/turtlebot3_autorace_detect/detect_lane.py -> /home/rokey1/turtlebot3_ws/install/turtlebot3_autorace_detect/lib/python3.10/site-packages/turtlebot3_autorace_detect
[2.686s] copying /home/rokey1/turtlebot3_ws/build/turtlebot3_autorace_detect/build/lib/turtlebot3_autorace_detect/detect_parking_sign.py -> /home/rokey1/turtlebot3_ws/install/turtlebot3_autorace_detect/lib/python3.10/site-packages/turtlebot3_autorace_detect
[2.686s] byte-compiling /home/rokey1/turtlebot3_ws/install/turtlebot3_autorace_detect/lib/python3.10/site-packages/turtlebot3_autorace_detect/detect_tunnel_sign.py to detect_tunnel_sign.cpython-310.pyc
[2.686s] byte-compiling /home/rokey1/turtlebot3_ws/install/turtlebot3_autorace_detect/lib/python3.10/site-packages/turtlebot3_autorace_detect/detect_level_crossing_sign.py to detect_level_crossing_sign.cpython-310.pyc
[2.686s] byte-compiling /home/rokey1/turtlebot3_ws/install/turtlebot3_autorace_detect/lib/python3.10/site-packages/turtlebot3_autorace_detect/detect_construction_sign.py to detect_construction_sign.cpython-310.pyc
[2.690s] byte-compiling /home/rokey1/turtlebot3_ws/install/turtlebot3_autorace_detect/lib/python3.10/site-packages/turtlebot3_autorace_detect/detect_level_crossing.py to detect_level_crossing.cpython-310.pyc
[2.691s] byte-compiling /home/rokey1/turtlebot3_ws/install/turtlebot3_autorace_detect/lib/python3.10/site-packages/turtlebot3_autorace_detect/__init__.py to __init__.cpython-310.pyc
[2.691s] byte-compiling /home/rokey1/turtlebot3_ws/install/turtlebot3_autorace_detect/lib/python3.10/site-packages/turtlebot3_autorace_detect/detect_intersection_sign.py to detect_intersection_sign.cpython-310.pyc
[2.691s] byte-compiling /home/rokey1/turtlebot3_ws/install/turtlebot3_autorace_detect/lib/python3.10/site-packages/turtlebot3_autorace_detect/detect_traffic_light.py to detect_traffic_light.cpython-310.pyc
[2.692s] byte-compiling /home/rokey1/turtlebot3_ws/install/turtlebot3_autorace_detect/lib/python3.10/site-packages/turtlebot3_autorace_detect/detect_lane.py to detect_lane.cpython-310.pyc
[2.692s] byte-compiling /home/rokey1/turtlebot3_ws/install/turtlebot3_autorace_detect/lib/python3.10/site-packages/turtlebot3_autorace_detect/detect_parking_sign.py to detect_parking_sign.cpython-310.pyc
[2.692s] running install_data
[2.692s] creating /home/rokey1/turtlebot3_ws/install/turtlebot3_autorace_detect/share/ament_index
[2.693s] creating /home/rokey1/turtlebot3_ws/install/turtlebot3_autorace_detect/share/ament_index/resource_index
[2.693s] creating /home/rokey1/turtlebot3_ws/install/turtlebot3_autorace_detect/share/ament_index/resource_index/packages
[2.693s] copying resource/turtlebot3_autorace_detect -> /home/rokey1/turtlebot3_ws/install/turtlebot3_autorace_detect/share/ament_index/resource_index/packages
[2.693s] copying package.xml -> /home/rokey1/turtlebot3_ws/install/turtlebot3_autorace_detect/share/turtlebot3_autorace_detect
[2.693s] creating /home/rokey1/turtlebot3_ws/install/turtlebot3_autorace_detect/share/turtlebot3_autorace_detect/launch
[2.693s] copying launch/detect_level_crossing.launch.py -> /home/rokey1/turtlebot3_ws/install/turtlebot3_autorace_detect/share/turtlebot3_autorace_detect/launch
[2.693s] copying launch/detect_lane.launch.py -> /home/rokey1/turtlebot3_ws/install/turtlebot3_autorace_detect/share/turtlebot3_autorace_detect/launch
[2.693s] copying launch/detect_traffic_light.launch.py -> /home/rokey1/turtlebot3_ws/install/turtlebot3_autorace_detect/share/turtlebot3_autorace_detect/launch
[2.693s] copying launch/detect_sign.launch.py -> /home/rokey1/turtlebot3_ws/install/turtlebot3_autorace_detect/share/turtlebot3_autorace_detect/launch
[2.693s] creating /home/rokey1/turtlebot3_ws/install/turtlebot3_autorace_detect/share/turtlebot3_autorace_detect/param
[2.694s] creating /home/rokey1/turtlebot3_ws/install/turtlebot3_autorace_detect/share/turtlebot3_autorace_detect/param/lane
[2.694s] copying param/lane/lane.yaml -> /home/rokey1/turtlebot3_ws/install/turtlebot3_autorace_detect/share/turtlebot3_autorace_detect/param/lane
[2.694s] creating /home/rokey1/turtlebot3_ws/install/turtlebot3_autorace_detect/share/turtlebot3_autorace_detect/param/level
[2.694s] copying param/level/level.yaml -> /home/rokey1/turtlebot3_ws/install/turtlebot3_autorace_detect/share/turtlebot3_autorace_detect/param/level
[2.697s] creating /home/rokey1/turtlebot3_ws/install/turtlebot3_autorace_detect/share/turtlebot3_autorace_detect/param/traffic_light
[2.711s] copying param/traffic_light/traffic_light.yaml -> /home/rokey1/turtlebot3_ws/install/turtlebot3_autorace_detect/share/turtlebot3_autorace_detect/param/traffic_light
[2.711s] creating /home/rokey1/turtlebot3_ws/install/turtlebot3_autorace_detect/share/turtlebot3_autorace_detect/image
[2.711s] copying image/tunnel.png -> /home/rokey1/turtlebot3_ws/install/turtlebot3_autorace_detect/share/turtlebot3_autorace_detect/image
[2.711s] copying image/stop.png -> /home/rokey1/turtlebot3_ws/install/turtlebot3_autorace_detect/share/turtlebot3_autorace_detect/image
[2.712s] copying image/intersection.png -> /home/rokey1/turtlebot3_ws/install/turtlebot3_autorace_detect/share/turtlebot3_autorace_detect/image
[2.712s] copying image/left.png -> /home/rokey1/turtlebot3_ws/install/turtlebot3_autorace_detect/share/turtlebot3_autorace_detect/image
[2.712s] copying image/construction.png -> /home/rokey1/turtlebot3_ws/install/turtlebot3_autorace_detect/share/turtlebot3_autorace_detect/image
[2.712s] copying image/parking.png -> /home/rokey1/turtlebot3_ws/install/turtlebot3_autorace_detect/share/turtlebot3_autorace_detect/image
[2.712s] copying image/right.png -> /home/rokey1/turtlebot3_ws/install/turtlebot3_autorace_detect/share/turtlebot3_autorace_detect/image
[2.713s] running install_egg_info
[2.713s] Copying ../../../build/turtlebot3_autorace_detect/turtlebot3_autorace_detect.egg-info to /home/rokey1/turtlebot3_ws/install/turtlebot3_autorace_detect/lib/python3.10/site-packages/turtlebot3_autorace_detect-1.2.2-py3.10.egg-info
[2.713s] running install_scripts
[2.713s] Installing detect_construction_sign script to /home/rokey1/turtlebot3_ws/install/turtlebot3_autorace_detect/lib/turtlebot3_autorace_detect
[2.713s] Installing detect_intersection_sign script to /home/rokey1/turtlebot3_ws/install/turtlebot3_autorace_detect/lib/turtlebot3_autorace_detect
[2.713s] Installing detect_lane script to /home/rokey1/turtlebot3_ws/install/turtlebot3_autorace_detect/lib/turtlebot3_autorace_detect
[2.713s] Installing detect_level_crossing script to /home/rokey1/turtlebot3_ws/install/turtlebot3_autorace_detect/lib/turtlebot3_autorace_detect
[2.713s] Installing detect_level_crossing_sign script to /home/rokey1/turtlebot3_ws/install/turtlebot3_autorace_detect/lib/turtlebot3_autorace_detect
[2.713s] Installing detect_parking_sign script to /home/rokey1/turtlebot3_ws/install/turtlebot3_autorace_detect/lib/turtlebot3_autorace_detect
[2.714s] Installing detect_traffic_light script to /home/rokey1/turtlebot3_ws/install/turtlebot3_autorace_detect/lib/turtlebot3_autorace_detect
[2.714s] Installing detect_tunnel_sign script to /home/rokey1/turtlebot3_ws/install/turtlebot3_autorace_detect/lib/turtlebot3_autorace_detect
[2.714s] writing list of installed files to '/home/rokey1/turtlebot3_ws/build/turtlebot3_autorace_detect/install.log'
[2.714s] Invoked command in '/home/rokey1/turtlebot3_ws/src/turtlebot3_autorace/turtlebot3_autorace_detect' returned '0': PYTHONPATH=/home/rokey1/turtlebot3_ws/build/turtlebot3_autorace_detect/prefix_override:/usr/lib/python3/dist-packages/colcon_core/task/python/colcon_distutils_commands:/home/rokey1/turtlebot3_ws/install/turtlebot3_autorace_detect/lib/python3.10/site-packages:${PYTHONPATH} /usr/bin/python3 -W ignore:setup.py install is deprecated -W ignore:easy_install command is deprecated setup.py egg_info --egg-base ../../../build/turtlebot3_autorace_detect build --build-base /home/rokey1/turtlebot3_ws/build/turtlebot3_autorace_detect/build install --record /home/rokey1/turtlebot3_ws/build/turtlebot3_autorace_detect/install.log --single-version-externally-managed install_data
