[0.617s] Invoking command in '/home/rokey1/turtlebot3_ws/build/turtlebot3_autorace': CMAKE_PREFIX_PATH=/home/rokey1/turtlebot3_ws/install/turtlebot3_autorace_mission:/home/rokey1/turtlebot3_ws/install/turtlebot3_autorace_detect:/home/rokey1/turtlebot3_ws/install/turtlebot3_autorace_camera:/opt/ros/humble /usr/bin/cmake /home/rokey1/turtlebot3_ws/src/turtlebot3_autorace/turtlebot3_autorace -DCMAKE_INSTALL_PREFIX=/home/rokey1/turtlebot3_ws/install/turtlebot3_autorace
[0.827s] -- The C compiler identification is GNU 11.4.0
[1.007s] -- The CXX compiler identification is GNU 11.4.0
[1.016s] -- Detecting C compiler ABI info
[1.233s] -- Detecting C compiler ABI info - done
[1.268s] -- Check for working C compiler: /usr/bin/cc - skipped
[1.268s] -- Detecting C compile features
[1.269s] -- Detecting C compile features - done
[1.283s] -- Detecting CXX compiler ABI info
[1.676s] -- Detecting CXX compiler ABI info - done
[1.718s] -- Check for working CXX compiler: /usr/bin/c++ - skipped
[1.718s] -- Detecting CXX compile features
[1.719s] -- Detecting CXX compile features - done
[1.766s] -- Found ament_cmake: 1.3.12 (/opt/ros/humble/share/ament_cmake/cmake)
[2.319s] -- Found Python3: /usr/bin/python3 (found version "3.10.12") found components: Interpreter 
[2.944s] -- Configuring done
[2.950s] -- Generating done
[2.957s] -- Build files have been written to: /home/rokey1/turtlebot3_ws/build/turtlebot3_autorace
[2.973s] Invoked command in '/home/rokey1/turtlebot3_ws/build/turtlebot3_autorace' returned '0': CMAKE_PREFIX_PATH=/home/rokey1/turtlebot3_ws/install/turtlebot3_autorace_mission:/home/rokey1/turtlebot3_ws/install/turtlebot3_autorace_detect:/home/rokey1/turtlebot3_ws/install/turtlebot3_autorace_camera:/opt/ros/humble /usr/bin/cmake /home/rokey1/turtlebot3_ws/src/turtlebot3_autorace/turtlebot3_autorace -DCMAKE_INSTALL_PREFIX=/home/rokey1/turtlebot3_ws/install/turtlebot3_autorace
[2.984s] Invoking command in '/home/rokey1/turtlebot3_ws/build/turtlebot3_autorace': CMAKE_PREFIX_PATH=/home/rokey1/turtlebot3_ws/install/turtlebot3_autorace_mission:/home/rokey1/turtlebot3_ws/install/turtlebot3_autorace_detect:/home/rokey1/turtlebot3_ws/install/turtlebot3_autorace_camera:/opt/ros/humble /usr/bin/cmake --build /home/rokey1/turtlebot3_ws/build/turtlebot3_autorace -- -j8 -l8
[3.090s] Invoked command in '/home/rokey1/turtlebot3_ws/build/turtlebot3_autorace' returned '0': CMAKE_PREFIX_PATH=/home/rokey1/turtlebot3_ws/install/turtlebot3_autorace_mission:/home/rokey1/turtlebot3_ws/install/turtlebot3_autorace_detect:/home/rokey1/turtlebot3_ws/install/turtlebot3_autorace_camera:/opt/ros/humble /usr/bin/cmake --build /home/rokey1/turtlebot3_ws/build/turtlebot3_autorace -- -j8 -l8
[3.099s] Invoking command in '/home/rokey1/turtlebot3_ws/build/turtlebot3_autorace': CMAKE_PREFIX_PATH=/home/rokey1/turtlebot3_ws/install/turtlebot3_autorace_mission:/home/rokey1/turtlebot3_ws/install/turtlebot3_autorace_detect:/home/rokey1/turtlebot3_ws/install/turtlebot3_autorace_camera:/opt/ros/humble /usr/bin/cmake --install /home/rokey1/turtlebot3_ws/build/turtlebot3_autorace
[3.118s] -- Install configuration: ""
[3.119s] -- Installing: /home/rokey1/turtlebot3_ws/install/turtlebot3_autorace/share/ament_index/resource_index/package_run_dependencies/turtlebot3_autorace
[3.122s] -- Installing: /home/rokey1/turtlebot3_ws/install/turtlebot3_autorace/share/ament_index/resource_index/parent_prefix_path/turtlebot3_autorace
[3.129s] -- Installing: /home/rokey1/turtlebot3_ws/install/turtlebot3_autorace/share/turtlebot3_autorace/environment/ament_prefix_path.sh
[3.129s] -- Installing: /home/rokey1/turtlebot3_ws/install/turtlebot3_autorace/share/turtlebot3_autorace/environment/ament_prefix_path.dsv
[3.129s] -- Installing: /home/rokey1/turtlebot3_ws/install/turtlebot3_autorace/share/turtlebot3_autorace/environment/path.sh
[3.129s] -- Installing: /home/rokey1/turtlebot3_ws/install/turtlebot3_autorace/share/turtlebot3_autorace/environment/path.dsv
[3.132s] -- Installing: /home/rokey1/turtlebot3_ws/install/turtlebot3_autorace/share/turtlebot3_autorace/local_setup.bash
[3.133s] -- Installing: /home/rokey1/turtlebot3_ws/install/turtlebot3_autorace/share/turtlebot3_autorace/local_setup.sh
[3.133s] -- Installing: /home/rokey1/turtlebot3_ws/install/turtlebot3_autorace/share/turtlebot3_autorace/local_setup.zsh
[3.133s] -- Installing: /home/rokey1/turtlebot3_ws/install/turtlebot3_autorace/share/turtlebot3_autorace/local_setup.dsv
[3.133s] -- Installing: /home/rokey1/turtlebot3_ws/install/turtlebot3_autorace/share/turtlebot3_autorace/package.dsv
[3.133s] -- Installing: /home/rokey1/turtlebot3_ws/install/turtlebot3_autorace/share/ament_index/resource_index/packages/turtlebot3_autorace
[3.133s] -- Installing: /home/rokey1/turtlebot3_ws/install/turtlebot3_autorace/share/turtlebot3_autorace/cmake/turtlebot3_autoraceConfig.cmake
[3.141s] -- Installing: /home/rokey1/turtlebot3_ws/install/turtlebot3_autorace/share/turtlebot3_autorace/cmake/turtlebot3_autoraceConfig-version.cmake
[3.141s] -- Installing: /home/rokey1/turtlebot3_ws/install/turtlebot3_autorace/share/turtlebot3_autorace/package.xml
[3.147s] Invoked command in '/home/rokey1/turtlebot3_ws/build/turtlebot3_autorace' returned '0': CMAKE_PREFIX_PATH=/home/rokey1/turtlebot3_ws/install/turtlebot3_autorace_mission:/home/rokey1/turtlebot3_ws/install/turtlebot3_autorace_detect:/home/rokey1/turtlebot3_ws/install/turtlebot3_autorace_camera:/opt/ros/humble /usr/bin/cmake --install /home/rokey1/turtlebot3_ws/build/turtlebot3_autorace
