[3.098s] Invoking command in '/home/rokey1/turtlebot3_ws/build/turtlebot3_autorace_camera': PYTHONPATH=/home/rokey1/turtlebot3_ws/build/turtlebot3_autorace_camera/prefix_override:/usr/lib/python3/dist-packages/colcon_core/task/python/colcon_distutils_commands:/home/rokey1/turtlebot3_ws/install/turtlebot3_autorace_camera/lib/python3.10/site-packages:${PYTHONPATH} /usr/bin/python3 -W ignore:setup.py install is deprecated -W ignore:easy_install command is deprecated setup.py develop --editable --build-directory /home/rokey1/turtlebot3_ws/build/turtlebot3_autorace_camera/build --no-deps symlink_data
[4.628s] running develop
[5.113s] running egg_info
[5.116s] creating turtlebot3_autorace_camera.egg-info
[5.116s] writing turtlebot3_autorace_camera.egg-info/PKG-INFO
[5.116s] writing dependency_links to turtlebot3_autorace_camera.egg-info/dependency_links.txt
[5.118s] writing entry points to turtlebot3_autorace_camera.egg-info/entry_points.txt
[5.119s] writing requirements to turtlebot3_autorace_camera.egg-info/requires.txt
[5.120s] writing top-level names to turtlebot3_autorace_camera.egg-info/top_level.txt
[5.120s] writing manifest file 'turtlebot3_autorace_camera.egg-info/SOURCES.txt'
[5.128s] reading manifest file 'turtlebot3_autorace_camera.egg-info/SOURCES.txt'
[5.140s] writing manifest file 'turtlebot3_autorace_camera.egg-info/SOURCES.txt'
[5.143s] running build_ext
[5.144s] Creating /home/rokey1/turtlebot3_ws/install/turtlebot3_autorace_camera/lib/python3.10/site-packages/turtlebot3-autorace-camera.egg-link (link to .)
[5.147s] Installing image_compensation script to /home/rokey1/turtlebot3_ws/install/turtlebot3_autorace_camera/lib/turtlebot3_autorace_camera
[5.147s] Installing image_projection script to /home/rokey1/turtlebot3_ws/install/turtlebot3_autorace_camera/lib/turtlebot3_autorace_camera
[5.149s] 
[5.150s] Installed /home/rokey1/turtlebot3_ws/build/turtlebot3_autorace_camera
[5.150s] running symlink_data
[5.150s] creating /home/rokey1/turtlebot3_ws/install/turtlebot3_autorace_camera/share/ament_index
[5.150s] creating /home/rokey1/turtlebot3_ws/install/turtlebot3_autorace_camera/share/ament_index/resource_index
[5.159s] creating /home/rokey1/turtlebot3_ws/install/turtlebot3_autorace_camera/share/ament_index/resource_index/packages
[5.160s] symbolically linking /home/rokey1/turtlebot3_ws/build/turtlebot3_autorace_camera/resource/turtlebot3_autorace_camera -> /home/rokey1/turtlebot3_ws/install/turtlebot3_autorace_camera/share/ament_index/resource_index/packages
[5.160s] symbolically linking /home/rokey1/turtlebot3_ws/build/turtlebot3_autorace_camera/package.xml -> /home/rokey1/turtlebot3_ws/install/turtlebot3_autorace_camera/share/turtlebot3_autorace_camera
[5.160s] creating /home/rokey1/turtlebot3_ws/install/turtlebot3_autorace_camera/share/turtlebot3_autorace_camera/launch
[5.164s] symbolically linking /home/rokey1/turtlebot3_ws/build/turtlebot3_autorace_camera/launch/extrinsic_camera_calibration.launch.py -> /home/rokey1/turtlebot3_ws/install/turtlebot3_autorace_camera/share/turtlebot3_autorace_camera/launch
[5.164s] symbolically linking /home/rokey1/turtlebot3_ws/build/turtlebot3_autorace_camera/launch/intrinsic_camera_calibration.launch.py -> /home/rokey1/turtlebot3_ws/install/turtlebot3_autorace_camera/share/turtlebot3_autorace_camera/launch
[5.164s] creating /home/rokey1/turtlebot3_ws/install/turtlebot3_autorace_camera/share/turtlebot3_autorace_camera/calibration
[5.164s] creating /home/rokey1/turtlebot3_ws/install/turtlebot3_autorace_camera/share/turtlebot3_autorace_camera/calibration/extrinsic_calibration
[5.164s] symbolically linking /home/rokey1/turtlebot3_ws/build/turtlebot3_autorace_camera/calibration/extrinsic_calibration/compensation.yaml -> /home/rokey1/turtlebot3_ws/install/turtlebot3_autorace_camera/share/turtlebot3_autorace_camera/calibration/extrinsic_calibration
[5.164s] symbolically linking /home/rokey1/turtlebot3_ws/build/turtlebot3_autorace_camera/calibration/extrinsic_calibration/projection.yaml -> /home/rokey1/turtlebot3_ws/install/turtlebot3_autorace_camera/share/turtlebot3_autorace_camera/calibration/extrinsic_calibration
[5.471s] Invoked command in '/home/rokey1/turtlebot3_ws/build/turtlebot3_autorace_camera' returned '0': PYTHONPATH=/home/rokey1/turtlebot3_ws/build/turtlebot3_autorace_camera/prefix_override:/usr/lib/python3/dist-packages/colcon_core/task/python/colcon_distutils_commands:/home/rokey1/turtlebot3_ws/install/turtlebot3_autorace_camera/lib/python3.10/site-packages:${PYTHONPATH} /usr/bin/python3 -W ignore:setup.py install is deprecated -W ignore:easy_install command is deprecated setup.py develop --editable --build-directory /home/rokey1/turtlebot3_ws/build/turtlebot3_autorace_camera/build --no-deps symlink_data
