[0.772s] Invoking command in '/home/rokey1/turtlebot3_ws/build/turtlebot3_fake_node': CMAKE_PREFIX_PATH=/home/rokey1/turtlebot3_ws/install/turtlebot3_msgs:/home/rokey1/turtlebot3_ws/install/turtlebot3:/home/rokey1/turtlebot3_ws/install/turtlebot3_simulations:/home/rokey1/turtlebot3_ws/install/turtlebot3_bringup:/home/rokey1/turtlebot3_ws/install/turtlebot3_node:/home/rokey1/turtlebot3_ws/install/turtlebot3_navigation2:/home/rokey1/turtlebot3_ws/install/turtlebot3_fake_node:/home/rokey1/turtlebot3_ws/install/turtlebot3_manipulation_gazebo:/home/rokey1/turtlebot3_ws/install/turtlebot3_gazebo:/home/rokey1/turtlebot3_ws/install/turtlebot3_description:/home/rokey1/turtlebot3_ws/install/turtlebot3_cartographer:/home/rokey1/turtlebot3_ws/install/turtlebot3_autorace:/home/rokey1/turtlebot3_ws/install/dynamixel_sdk_examples:/home/rokey1/turtlebot3_ws/install/dynamixel_sdk_custom_interfaces:/home/rokey1/turtlebot3_ws/install/dynamixel_sdk:/home/rokey1/turtlebot3_ws/install/turtlebot3_teleop:/home/rokey1/turtlebot3_ws/install/turtlebot3_example:/home/rokey1/turtlebot3_ws/install/turtlebot3_autorace_mission:/home/rokey1/turtlebot3_ws/install/turtlebot3_autorace_detect:/home/rokey1/turtlebot3_ws/install/turtlebot3_autorace_camera:/opt/ros/humble LD_LIBRARY_PATH=/home/rokey1/turtlebot3_ws/install/turtlebot3_msgs/lib:/home/rokey1/turtlebot3_ws/install/dynamixel_sdk_custom_interfaces/lib:/home/rokey1/turtlebot3_ws/install/dynamixel_sdk/lib:/usr/lib/x86_64-linux-gnu/gazebo-11/plugins:/opt/ros/humble/opt/rviz_ogre_vendor/lib:/opt/ros/humble/lib/x86_64-linux-gnu:/opt/ros/humble/lib:/usr/lib/x86_64-linux-gnu/gazebo-11/plugins /usr/bin/cmake /home/rokey1/turtlebot3_ws/src/turtlebot3_simulations/turtlebot3_fake_node -DCMAKE_INSTALL_PREFIX=/home/rokey1/turtlebot3_ws/install/turtlebot3_fake_node
[0.925s] -- The C compiler identification is GNU 11.4.0
[1.102s] -- The CXX compiler identification is GNU 11.4.0
[1.124s] -- Detecting C compiler ABI info
[1.357s] -- Detecting C compiler ABI info - done
[1.388s] -- Check for working C compiler: /usr/bin/cc - skipped
[1.388s] -- Detecting C compile features
[1.390s] -- Detecting C compile features - done
[1.398s] -- Detecting CXX compiler ABI info
[1.649s] -- Detecting CXX compiler ABI info - done
[1.685s] -- Check for working CXX compiler: /usr/bin/c++ - skipped
[1.685s] -- Detecting CXX compile features
[1.687s] -- Detecting CXX compile features - done
[1.698s] -- Found ament_cmake: 1.3.12 (/opt/ros/humble/share/ament_cmake/cmake)
[2.057s] -- Found Python3: /usr/bin/python3 (found version "3.10.12") found components: Interpreter 
[2.242s] -- Found geometry_msgs: 4.9.0 (/opt/ros/humble/share/geometry_msgs/cmake)
[2.394s] -- Found rosidl_generator_c: 3.1.7 (/opt/ros/humble/share/rosidl_generator_c/cmake)
[2.416s] -- Found rosidl_adapter: 3.1.7 (/opt/ros/humble/share/rosidl_adapter/cmake)
[2.451s] -- Found rosidl_generator_cpp: 3.1.7 (/opt/ros/humble/share/rosidl_generator_cpp/cmake)
[2.510s] -- Using all available rosidl_typesupport_c: rosidl_typesupport_fastrtps_c;rosidl_typesupport_introspection_c
[2.607s] -- Using all available rosidl_typesupport_cpp: rosidl_typesupport_fastrtps_cpp;rosidl_typesupport_introspection_cpp
[2.686s] -- Found nav_msgs: 4.9.0 (/opt/ros/humble/share/nav_msgs/cmake)
[2.720s] -- Found rclcpp: 16.0.14 (/opt/ros/humble/share/rclcpp/cmake)
[2.798s] -- Found rmw_implementation_cmake: 6.1.2 (/opt/ros/humble/share/rmw_implementation_cmake/cmake)
[2.808s] -- Found rmw_fastrtps_cpp: 6.2.8 (/opt/ros/humble/share/rmw_fastrtps_cpp/cmake)
[3.038s] -- Found OpenSSL: /usr/lib/x86_64-linux-gnu/libcrypto.so (found version "3.0.2")  
[3.087s] -- Found FastRTPS: /opt/ros/humble/include  
[3.160s] -- Using RMW implementation 'rmw_fastrtps_cpp' as default
[3.181s] -- Looking for pthread.h
[3.461s] -- Looking for pthread.h - found
[3.461s] -- Performing Test CMAKE_HAVE_LIBC_PTHREAD
[3.734s] -- Performing Test CMAKE_HAVE_LIBC_PTHREAD - Success
[3.736s] -- Found Threads: TRUE  
[3.846s] -- Found sensor_msgs: 4.9.0 (/opt/ros/humble/share/sensor_msgs/cmake)
[3.883s] -- Found tf2: 0.25.16 (/opt/ros/humble/share/tf2/cmake)
[3.911s] -- Found tf2_msgs: 0.25.16 (/opt/ros/humble/share/tf2_msgs/cmake)
[4.013s] -- Found turtlebot3_msgs: 2.4.0 (/home/rokey1/turtlebot3_ws/install/turtlebot3_msgs/share/turtlebot3_msgs/cmake)
[4.181s] -- Configuring done
[4.203s] -- Generating done
[4.211s] -- Build files have been written to: /home/rokey1/turtlebot3_ws/build/turtlebot3_fake_node
[4.233s] Invoked command in '/home/rokey1/turtlebot3_ws/build/turtlebot3_fake_node' returned '0': CMAKE_PREFIX_PATH=/home/rokey1/turtlebot3_ws/install/turtlebot3_msgs:/home/rokey1/turtlebot3_ws/install/turtlebot3:/home/rokey1/turtlebot3_ws/install/turtlebot3_simulations:/home/rokey1/turtlebot3_ws/install/turtlebot3_bringup:/home/rokey1/turtlebot3_ws/install/turtlebot3_node:/home/rokey1/turtlebot3_ws/install/turtlebot3_navigation2:/home/rokey1/turtlebot3_ws/install/turtlebot3_fake_node:/home/rokey1/turtlebot3_ws/install/turtlebot3_manipulation_gazebo:/home/rokey1/turtlebot3_ws/install/turtlebot3_gazebo:/home/rokey1/turtlebot3_ws/install/turtlebot3_description:/home/rokey1/turtlebot3_ws/install/turtlebot3_cartographer:/home/rokey1/turtlebot3_ws/install/turtlebot3_autorace:/home/rokey1/turtlebot3_ws/install/dynamixel_sdk_examples:/home/rokey1/turtlebot3_ws/install/dynamixel_sdk_custom_interfaces:/home/rokey1/turtlebot3_ws/install/dynamixel_sdk:/home/rokey1/turtlebot3_ws/install/turtlebot3_teleop:/home/rokey1/turtlebot3_ws/install/turtlebot3_example:/home/rokey1/turtlebot3_ws/install/turtlebot3_autorace_mission:/home/rokey1/turtlebot3_ws/install/turtlebot3_autorace_detect:/home/rokey1/turtlebot3_ws/install/turtlebot3_autorace_camera:/opt/ros/humble LD_LIBRARY_PATH=/home/rokey1/turtlebot3_ws/install/turtlebot3_msgs/lib:/home/rokey1/turtlebot3_ws/install/dynamixel_sdk_custom_interfaces/lib:/home/rokey1/turtlebot3_ws/install/dynamixel_sdk/lib:/usr/lib/x86_64-linux-gnu/gazebo-11/plugins:/opt/ros/humble/opt/rviz_ogre_vendor/lib:/opt/ros/humble/lib/x86_64-linux-gnu:/opt/ros/humble/lib:/usr/lib/x86_64-linux-gnu/gazebo-11/plugins /usr/bin/cmake /home/rokey1/turtlebot3_ws/src/turtlebot3_simulations/turtlebot3_fake_node -DCMAKE_INSTALL_PREFIX=/home/rokey1/turtlebot3_ws/install/turtlebot3_fake_node
[4.238s] Invoking command in '/home/rokey1/turtlebot3_ws/build/turtlebot3_fake_node': CMAKE_PREFIX_PATH=/home/rokey1/turtlebot3_ws/install/turtlebot3_msgs:/home/rokey1/turtlebot3_ws/install/turtlebot3:/home/rokey1/turtlebot3_ws/install/turtlebot3_simulations:/home/rokey1/turtlebot3_ws/install/turtlebot3_bringup:/home/rokey1/turtlebot3_ws/install/turtlebot3_node:/home/rokey1/turtlebot3_ws/install/turtlebot3_navigation2:/home/rokey1/turtlebot3_ws/install/turtlebot3_fake_node:/home/rokey1/turtlebot3_ws/install/turtlebot3_manipulation_gazebo:/home/rokey1/turtlebot3_ws/install/turtlebot3_gazebo:/home/rokey1/turtlebot3_ws/install/turtlebot3_description:/home/rokey1/turtlebot3_ws/install/turtlebot3_cartographer:/home/rokey1/turtlebot3_ws/install/turtlebot3_autorace:/home/rokey1/turtlebot3_ws/install/dynamixel_sdk_examples:/home/rokey1/turtlebot3_ws/install/dynamixel_sdk_custom_interfaces:/home/rokey1/turtlebot3_ws/install/dynamixel_sdk:/home/rokey1/turtlebot3_ws/install/turtlebot3_teleop:/home/rokey1/turtlebot3_ws/install/turtlebot3_example:/home/rokey1/turtlebot3_ws/install/turtlebot3_autorace_mission:/home/rokey1/turtlebot3_ws/install/turtlebot3_autorace_detect:/home/rokey1/turtlebot3_ws/install/turtlebot3_autorace_camera:/opt/ros/humble LD_LIBRARY_PATH=/home/rokey1/turtlebot3_ws/install/turtlebot3_msgs/lib:/home/rokey1/turtlebot3_ws/install/dynamixel_sdk_custom_interfaces/lib:/home/rokey1/turtlebot3_ws/install/dynamixel_sdk/lib:/usr/lib/x86_64-linux-gnu/gazebo-11/plugins:/opt/ros/humble/opt/rviz_ogre_vendor/lib:/opt/ros/humble/lib/x86_64-linux-gnu:/opt/ros/humble/lib:/usr/lib/x86_64-linux-gnu/gazebo-11/plugins /usr/bin/cmake --build /home/rokey1/turtlebot3_ws/build/turtlebot3_fake_node -- -j8 -l8
[4.389s] [ 50%] [32mBuilding CXX object CMakeFiles/turtlebot3_fake_node.dir/src/turtlebot3_fake_node.cpp.o[0m
[25.336s] [100%] [32m[1mLinking CXX executable turtlebot3_fake_node[0m
[25.839s] [100%] Built target turtlebot3_fake_node
[25.849s] Invoked command in '/home/rokey1/turtlebot3_ws/build/turtlebot3_fake_node' returned '0': CMAKE_PREFIX_PATH=/home/rokey1/turtlebot3_ws/install/turtlebot3_msgs:/home/rokey1/turtlebot3_ws/install/turtlebot3:/home/rokey1/turtlebot3_ws/install/turtlebot3_simulations:/home/rokey1/turtlebot3_ws/install/turtlebot3_bringup:/home/rokey1/turtlebot3_ws/install/turtlebot3_node:/home/rokey1/turtlebot3_ws/install/turtlebot3_navigation2:/home/rokey1/turtlebot3_ws/install/turtlebot3_fake_node:/home/rokey1/turtlebot3_ws/install/turtlebot3_manipulation_gazebo:/home/rokey1/turtlebot3_ws/install/turtlebot3_gazebo:/home/rokey1/turtlebot3_ws/install/turtlebot3_description:/home/rokey1/turtlebot3_ws/install/turtlebot3_cartographer:/home/rokey1/turtlebot3_ws/install/turtlebot3_autorace:/home/rokey1/turtlebot3_ws/install/dynamixel_sdk_examples:/home/rokey1/turtlebot3_ws/install/dynamixel_sdk_custom_interfaces:/home/rokey1/turtlebot3_ws/install/dynamixel_sdk:/home/rokey1/turtlebot3_ws/install/turtlebot3_teleop:/home/rokey1/turtlebot3_ws/install/turtlebot3_example:/home/rokey1/turtlebot3_ws/install/turtlebot3_autorace_mission:/home/rokey1/turtlebot3_ws/install/turtlebot3_autorace_detect:/home/rokey1/turtlebot3_ws/install/turtlebot3_autorace_camera:/opt/ros/humble LD_LIBRARY_PATH=/home/rokey1/turtlebot3_ws/install/turtlebot3_msgs/lib:/home/rokey1/turtlebot3_ws/install/dynamixel_sdk_custom_interfaces/lib:/home/rokey1/turtlebot3_ws/install/dynamixel_sdk/lib:/usr/lib/x86_64-linux-gnu/gazebo-11/plugins:/opt/ros/humble/opt/rviz_ogre_vendor/lib:/opt/ros/humble/lib/x86_64-linux-gnu:/opt/ros/humble/lib:/usr/lib/x86_64-linux-gnu/gazebo-11/plugins /usr/bin/cmake --build /home/rokey1/turtlebot3_ws/build/turtlebot3_fake_node -- -j8 -l8
[25.850s] Invoking command in '/home/rokey1/turtlebot3_ws/build/turtlebot3_fake_node': CMAKE_PREFIX_PATH=/home/rokey1/turtlebot3_ws/install/turtlebot3_msgs:/home/rokey1/turtlebot3_ws/install/turtlebot3:/home/rokey1/turtlebot3_ws/install/turtlebot3_simulations:/home/rokey1/turtlebot3_ws/install/turtlebot3_bringup:/home/rokey1/turtlebot3_ws/install/turtlebot3_node:/home/rokey1/turtlebot3_ws/install/turtlebot3_navigation2:/home/rokey1/turtlebot3_ws/install/turtlebot3_fake_node:/home/rokey1/turtlebot3_ws/install/turtlebot3_manipulation_gazebo:/home/rokey1/turtlebot3_ws/install/turtlebot3_gazebo:/home/rokey1/turtlebot3_ws/install/turtlebot3_description:/home/rokey1/turtlebot3_ws/install/turtlebot3_cartographer:/home/rokey1/turtlebot3_ws/install/turtlebot3_autorace:/home/rokey1/turtlebot3_ws/install/dynamixel_sdk_examples:/home/rokey1/turtlebot3_ws/install/dynamixel_sdk_custom_interfaces:/home/rokey1/turtlebot3_ws/install/dynamixel_sdk:/home/rokey1/turtlebot3_ws/install/turtlebot3_teleop:/home/rokey1/turtlebot3_ws/install/turtlebot3_example:/home/rokey1/turtlebot3_ws/install/turtlebot3_autorace_mission:/home/rokey1/turtlebot3_ws/install/turtlebot3_autorace_detect:/home/rokey1/turtlebot3_ws/install/turtlebot3_autorace_camera:/opt/ros/humble LD_LIBRARY_PATH=/home/rokey1/turtlebot3_ws/install/turtlebot3_msgs/lib:/home/rokey1/turtlebot3_ws/install/dynamixel_sdk_custom_interfaces/lib:/home/rokey1/turtlebot3_ws/install/dynamixel_sdk/lib:/usr/lib/x86_64-linux-gnu/gazebo-11/plugins:/opt/ros/humble/opt/rviz_ogre_vendor/lib:/opt/ros/humble/lib/x86_64-linux-gnu:/opt/ros/humble/lib:/usr/lib/x86_64-linux-gnu/gazebo-11/plugins /usr/bin/cmake --install /home/rokey1/turtlebot3_ws/build/turtlebot3_fake_node
[25.857s] -- Install configuration: ""
[25.857s] -- Installing: /home/rokey1/turtlebot3_ws/install/turtlebot3_fake_node/lib/turtlebot3_fake_node/turtlebot3_fake_node
[25.860s] -- Set runtime path of "/home/rokey1/turtlebot3_ws/install/turtlebot3_fake_node/lib/turtlebot3_fake_node/turtlebot3_fake_node" to ""
[25.860s] -- Installing: /home/rokey1/turtlebot3_ws/install/turtlebot3_fake_node/share/turtlebot3_fake_node/launch
[25.860s] -- Installing: /home/rokey1/turtlebot3_ws/install/turtlebot3_fake_node/share/turtlebot3_fake_node/launch/rviz2.launch.py
[25.860s] -- Installing: /home/rokey1/turtlebot3_ws/install/turtlebot3_fake_node/share/turtlebot3_fake_node/launch/turtlebot3_fake_node.launch.py
[25.860s] -- Installing: /home/rokey1/turtlebot3_ws/install/turtlebot3_fake_node/share/turtlebot3_fake_node/param
[25.861s] -- Installing: /home/rokey1/turtlebot3_ws/install/turtlebot3_fake_node/share/turtlebot3_fake_node/param/waffle.yaml
[25.861s] -- Installing: /home/rokey1/turtlebot3_ws/install/turtlebot3_fake_node/share/turtlebot3_fake_node/param/waffle_pi.yaml
[25.861s] -- Installing: /home/rokey1/turtlebot3_ws/install/turtlebot3_fake_node/share/turtlebot3_fake_node/param/burger.yaml
[25.861s] -- Installing: /home/rokey1/turtlebot3_ws/install/turtlebot3_fake_node/include/
[25.861s] -- Installing: /home/rokey1/turtlebot3_ws/install/turtlebot3_fake_node/include//turtlebot3_fake_node
[25.861s] -- Installing: /home/rokey1/turtlebot3_ws/install/turtlebot3_fake_node/include//turtlebot3_fake_node/turtlebot3_fake_node.hpp
[25.862s] -- Installing: /home/rokey1/turtlebot3_ws/install/turtlebot3_fake_node/share/ament_index/resource_index/package_run_dependencies/turtlebot3_fake_node
[25.862s] -- Installing: /home/rokey1/turtlebot3_ws/install/turtlebot3_fake_node/share/ament_index/resource_index/parent_prefix_path/turtlebot3_fake_node
[25.862s] -- Installing: /home/rokey1/turtlebot3_ws/install/turtlebot3_fake_node/share/turtlebot3_fake_node/environment/ament_prefix_path.sh
[25.862s] -- Installing: /home/rokey1/turtlebot3_ws/install/turtlebot3_fake_node/share/turtlebot3_fake_node/environment/ament_prefix_path.dsv
[25.862s] -- Installing: /home/rokey1/turtlebot3_ws/install/turtlebot3_fake_node/share/turtlebot3_fake_node/environment/path.sh
[25.863s] -- Installing: /home/rokey1/turtlebot3_ws/install/turtlebot3_fake_node/share/turtlebot3_fake_node/environment/path.dsv
[25.863s] -- Installing: /home/rokey1/turtlebot3_ws/install/turtlebot3_fake_node/share/turtlebot3_fake_node/local_setup.bash
[25.863s] -- Installing: /home/rokey1/turtlebot3_ws/install/turtlebot3_fake_node/share/turtlebot3_fake_node/local_setup.sh
[25.863s] -- Installing: /home/rokey1/turtlebot3_ws/install/turtlebot3_fake_node/share/turtlebot3_fake_node/local_setup.zsh
[25.863s] -- Installing: /home/rokey1/turtlebot3_ws/install/turtlebot3_fake_node/share/turtlebot3_fake_node/local_setup.dsv
[25.863s] -- Installing: /home/rokey1/turtlebot3_ws/install/turtlebot3_fake_node/share/turtlebot3_fake_node/package.dsv
[25.863s] -- Installing: /home/rokey1/turtlebot3_ws/install/turtlebot3_fake_node/share/ament_index/resource_index/packages/turtlebot3_fake_node
[25.864s] -- Installing: /home/rokey1/turtlebot3_ws/install/turtlebot3_fake_node/share/turtlebot3_fake_node/cmake/ament_cmake_export_include_directories-extras.cmake
[25.864s] -- Installing: /home/rokey1/turtlebot3_ws/install/turtlebot3_fake_node/share/turtlebot3_fake_node/cmake/ament_cmake_export_dependencies-extras.cmake
[25.864s] -- Installing: /home/rokey1/turtlebot3_ws/install/turtlebot3_fake_node/share/turtlebot3_fake_node/cmake/turtlebot3_fake_nodeConfig.cmake
[25.864s] -- Installing: /home/rokey1/turtlebot3_ws/install/turtlebot3_fake_node/share/turtlebot3_fake_node/cmake/turtlebot3_fake_nodeConfig-version.cmake
[25.864s] -- Installing: /home/rokey1/turtlebot3_ws/install/turtlebot3_fake_node/share/turtlebot3_fake_node/package.xml
[25.866s] Invoked command in '/home/rokey1/turtlebot3_ws/build/turtlebot3_fake_node' returned '0': CMAKE_PREFIX_PATH=/home/rokey1/turtlebot3_ws/install/turtlebot3_msgs:/home/rokey1/turtlebot3_ws/install/turtlebot3:/home/rokey1/turtlebot3_ws/install/turtlebot3_simulations:/home/rokey1/turtlebot3_ws/install/turtlebot3_bringup:/home/rokey1/turtlebot3_ws/install/turtlebot3_node:/home/rokey1/turtlebot3_ws/install/turtlebot3_navigation2:/home/rokey1/turtlebot3_ws/install/turtlebot3_fake_node:/home/rokey1/turtlebot3_ws/install/turtlebot3_manipulation_gazebo:/home/rokey1/turtlebot3_ws/install/turtlebot3_gazebo:/home/rokey1/turtlebot3_ws/install/turtlebot3_description:/home/rokey1/turtlebot3_ws/install/turtlebot3_cartographer:/home/rokey1/turtlebot3_ws/install/turtlebot3_autorace:/home/rokey1/turtlebot3_ws/install/dynamixel_sdk_examples:/home/rokey1/turtlebot3_ws/install/dynamixel_sdk_custom_interfaces:/home/rokey1/turtlebot3_ws/install/dynamixel_sdk:/home/rokey1/turtlebot3_ws/install/turtlebot3_teleop:/home/rokey1/turtlebot3_ws/install/turtlebot3_example:/home/rokey1/turtlebot3_ws/install/turtlebot3_autorace_mission:/home/rokey1/turtlebot3_ws/install/turtlebot3_autorace_detect:/home/rokey1/turtlebot3_ws/install/turtlebot3_autorace_camera:/opt/ros/humble LD_LIBRARY_PATH=/home/rokey1/turtlebot3_ws/install/turtlebot3_msgs/lib:/home/rokey1/turtlebot3_ws/install/dynamixel_sdk_custom_interfaces/lib:/home/rokey1/turtlebot3_ws/install/dynamixel_sdk/lib:/usr/lib/x86_64-linux-gnu/gazebo-11/plugins:/opt/ros/humble/opt/rviz_ogre_vendor/lib:/opt/ros/humble/lib/x86_64-linux-gnu:/opt/ros/humble/lib:/usr/lib/x86_64-linux-gnu/gazebo-11/plugins /usr/bin/cmake --install /home/rokey1/turtlebot3_ws/build/turtlebot3_fake_node
