[0.041s] Invoking command in '/home/rokey1/turtlebot3_ws/build/dynamixel_sdk': CMAKE_PREFIX_PATH=${CMAKE_PREFIX_PATH}:/home/rokey1/turtlebot3_ws/install/turtlebot3_teleop:/home/rokey1/turtlebot3_ws/install/turtlebot3_example:/home/rokey1/turtlebot3_ws/install/turtlebot3_autorace_mission:/home/rokey1/turtlebot3_ws/install/turtlebot3_autorace_detect:/home/rokey1/turtlebot3_ws/install/turtlebot3_autorace_camera:/opt/ros/humble /usr/bin/cmake /home/rokey1/turtlebot3_ws/src/DynamixelSDK/ros/dynamixel_sdk -DAMENT_CMAKE_SYMLINK_INSTALL=1 -DCMAKE_INSTALL_PREFIX=/home/rokey1/turtlebot3_ws/install/dynamixel_sdk
[1.324s] -- The C compiler identification is GNU 11.4.0
[1.325s] -- The CXX compiler identification is GNU 11.4.0
[1.325s] -- Detecting C compiler ABI info
[1.325s] -- Detecting C compiler ABI info - done
[1.325s] -- Check for working C compiler: /usr/bin/cc - skipped
[1.325s] -- Detecting C compile features
[1.325s] -- Detecting C compile features - done
[1.325s] -- Detecting CXX compiler ABI info
[1.326s] -- Detecting CXX compiler ABI info - done
[1.326s] -- Check for working CXX compiler: /usr/bin/c++ - skipped
[1.326s] -- Detecting CXX compile features
[1.326s] -- Detecting CXX compile features - done
[1.326s] -- Found ament_cmake: 1.3.12 (/opt/ros/humble/share/ament_cmake/cmake)
[1.326s] -- Found Python3: /usr/bin/python3 (found version "3.10.12") found components: Interpreter 
[1.326s] -- Override CMake install command with custom implementation using symlinks instead of copying resources
[1.326s] -- Configuring done
[1.326s] -- Generating done
[1.327s] -- Build files have been written to: /home/rokey1/turtlebot3_ws/build/dynamixel_sdk
[1.334s] Invoked command in '/home/rokey1/turtlebot3_ws/build/dynamixel_sdk' returned '0': CMAKE_PREFIX_PATH=${CMAKE_PREFIX_PATH}:/home/rokey1/turtlebot3_ws/install/turtlebot3_teleop:/home/rokey1/turtlebot3_ws/install/turtlebot3_example:/home/rokey1/turtlebot3_ws/install/turtlebot3_autorace_mission:/home/rokey1/turtlebot3_ws/install/turtlebot3_autorace_detect:/home/rokey1/turtlebot3_ws/install/turtlebot3_autorace_camera:/opt/ros/humble /usr/bin/cmake /home/rokey1/turtlebot3_ws/src/DynamixelSDK/ros/dynamixel_sdk -DAMENT_CMAKE_SYMLINK_INSTALL=1 -DCMAKE_INSTALL_PREFIX=/home/rokey1/turtlebot3_ws/install/dynamixel_sdk
[1.336s] Invoking command in '/home/rokey1/turtlebot3_ws/build/dynamixel_sdk': CMAKE_PREFIX_PATH=${CMAKE_PREFIX_PATH}:/home/rokey1/turtlebot3_ws/install/turtlebot3_teleop:/home/rokey1/turtlebot3_ws/install/turtlebot3_example:/home/rokey1/turtlebot3_ws/install/turtlebot3_autorace_mission:/home/rokey1/turtlebot3_ws/install/turtlebot3_autorace_detect:/home/rokey1/turtlebot3_ws/install/turtlebot3_autorace_camera:/opt/ros/humble /usr/bin/cmake --build /home/rokey1/turtlebot3_ws/build/dynamixel_sdk -- -j8 -l8
[1.423s] [  7%] [32mBuilding CXX object CMakeFiles/dynamixel_sdk.dir/src/dynamixel_sdk/packet_handler.cpp.o[0m
[1.436s] [ 15%] [32mBuilding CXX object CMakeFiles/dynamixel_sdk.dir/src/dynamixel_sdk/protocol1_packet_handler.cpp.o[0m
[1.437s] [ 23%] [32mBuilding CXX object CMakeFiles/dynamixel_sdk.dir/src/dynamixel_sdk/group_sync_read.cpp.o[0m
[1.441s] [ 30%] [32mBuilding CXX object CMakeFiles/dynamixel_sdk.dir/src/dynamixel_sdk/protocol2_packet_handler.cpp.o[0m
[1.466s] [ 38%] [32mBuilding CXX object CMakeFiles/dynamixel_sdk.dir/src/dynamixel_sdk/group_bulk_read.cpp.o[0m
[1.467s] [ 46%] [32mBuilding CXX object CMakeFiles/dynamixel_sdk.dir/src/dynamixel_sdk/group_sync_write.cpp.o[0m
[1.469s] [ 53%] [32mBuilding CXX object CMakeFiles/dynamixel_sdk.dir/src/dynamixel_sdk/group_bulk_write.cpp.o[0m
[1.476s] [ 53%] Built target ament_cmake_python_symlink_dynamixel_sdk
[2.014s] [ 61%] [32mBuilding CXX object CMakeFiles/dynamixel_sdk.dir/src/dynamixel_sdk/group_fast_bulk_read.cpp.o[0m
[2.231s] running egg_info
[2.235s] creating dynamixel_sdk.egg-info
[2.237s] writing dynamixel_sdk.egg-info/PKG-INFO
[2.238s] writing dependency_links to dynamixel_sdk.egg-info/dependency_links.txt
[2.240s] writing top-level names to dynamixel_sdk.egg-info/top_level.txt
[2.240s] writing manifest file 'dynamixel_sdk.egg-info/SOURCES.txt'
[2.242s] reading manifest file 'dynamixel_sdk.egg-info/SOURCES.txt'
[2.242s] writing manifest file 'dynamixel_sdk.egg-info/SOURCES.txt'
[2.356s] [ 61%] Built target ament_cmake_python_build_dynamixel_sdk_egg
[2.372s] [ 69%] [32mBuilding CXX object CMakeFiles/dynamixel_sdk.dir/src/dynamixel_sdk/group_fast_sync_read.cpp.o[0m
[2.681s] [ 76%] [32mBuilding CXX object CMakeFiles/dynamixel_sdk.dir/src/dynamixel_sdk/group_handler.cpp.o[0m
[2.728s] [ 84%] [32mBuilding CXX object CMakeFiles/dynamixel_sdk.dir/src/dynamixel_sdk/port_handler.cpp.o[0m
[3.011s] [ 92%] [32mBuilding CXX object CMakeFiles/dynamixel_sdk.dir/src/dynamixel_sdk/port_handler_linux.cpp.o[0m
[4.630s] [100%] [32m[1mLinking CXX shared library libdynamixel_sdk.so[0m
[4.849s] [100%] Built target dynamixel_sdk
[5.037s] Invoked command in '/home/rokey1/turtlebot3_ws/build/dynamixel_sdk' returned '0': CMAKE_PREFIX_PATH=${CMAKE_PREFIX_PATH}:/home/rokey1/turtlebot3_ws/install/turtlebot3_teleop:/home/rokey1/turtlebot3_ws/install/turtlebot3_example:/home/rokey1/turtlebot3_ws/install/turtlebot3_autorace_mission:/home/rokey1/turtlebot3_ws/install/turtlebot3_autorace_detect:/home/rokey1/turtlebot3_ws/install/turtlebot3_autorace_camera:/opt/ros/humble /usr/bin/cmake --build /home/rokey1/turtlebot3_ws/build/dynamixel_sdk -- -j8 -l8
[5.037s] Invoking command in '/home/rokey1/turtlebot3_ws/build/dynamixel_sdk': CMAKE_PREFIX_PATH=${CMAKE_PREFIX_PATH}:/home/rokey1/turtlebot3_ws/install/turtlebot3_teleop:/home/rokey1/turtlebot3_ws/install/turtlebot3_example:/home/rokey1/turtlebot3_ws/install/turtlebot3_autorace_mission:/home/rokey1/turtlebot3_ws/install/turtlebot3_autorace_detect:/home/rokey1/turtlebot3_ws/install/turtlebot3_autorace_camera:/opt/ros/humble /usr/bin/cmake --install /home/rokey1/turtlebot3_ws/build/dynamixel_sdk
[5.407s] -- Install configuration: ""
[5.407s] -- Execute custom install script
[5.407s] -- Symlinking: /home/rokey1/turtlebot3_ws/install/dynamixel_sdk/include//dynamixel_sdk/dynamixel_sdk.h
[5.407s] -- Symlinking: /home/rokey1/turtlebot3_ws/install/dynamixel_sdk/include//dynamixel_sdk/group_bulk_read.h
[5.407s] -- Symlinking: /home/rokey1/turtlebot3_ws/install/dynamixel_sdk/include//dynamixel_sdk/group_bulk_write.h
[5.407s] -- Symlinking: /home/rokey1/turtlebot3_ws/install/dynamixel_sdk/include//dynamixel_sdk/group_fast_bulk_read.h
[5.407s] -- Symlinking: /home/rokey1/turtlebot3_ws/install/dynamixel_sdk/include//dynamixel_sdk/group_fast_sync_read.h
[5.407s] -- Symlinking: /home/rokey1/turtlebot3_ws/install/dynamixel_sdk/include//dynamixel_sdk/group_handler.h
[5.408s] -- Symlinking: /home/rokey1/turtlebot3_ws/install/dynamixel_sdk/include//dynamixel_sdk/group_sync_read.h
[5.453s] -- Symlinking: /home/rokey1/turtlebot3_ws/install/dynamixel_sdk/include//dynamixel_sdk/group_sync_write.h
[5.483s] -- Symlinking: /home/rokey1/turtlebot3_ws/install/dynamixel_sdk/include//dynamixel_sdk/packet_handler.h
[5.520s] -- Symlinking: /home/rokey1/turtlebot3_ws/install/dynamixel_sdk/include//dynamixel_sdk/port_handler.h
[5.558s] -- Symlinking: /home/rokey1/turtlebot3_ws/install/dynamixel_sdk/include//dynamixel_sdk/port_handler_arduino.h
[5.627s] -- Symlinking: /home/rokey1/turtlebot3_ws/install/dynamixel_sdk/include//dynamixel_sdk/port_handler_linux.h
[5.672s] -- Symlinking: /home/rokey1/turtlebot3_ws/install/dynamixel_sdk/include//dynamixel_sdk/port_handler_mac.h
[5.725s] -- Symlinking: /home/rokey1/turtlebot3_ws/install/dynamixel_sdk/include//dynamixel_sdk/port_handler_windows.h
[5.770s] -- Symlinking: /home/rokey1/turtlebot3_ws/install/dynamixel_sdk/include//dynamixel_sdk/protocol1_packet_handler.h
[5.810s] -- Symlinking: /home/rokey1/turtlebot3_ws/install/dynamixel_sdk/include//dynamixel_sdk/protocol2_packet_handler.h
[5.851s] -- Symlinking: /home/rokey1/turtlebot3_ws/install/dynamixel_sdk/share/dynamixel_sdk/environment/pythonpath.sh
[5.972s] -- Symlinking: /home/rokey1/turtlebot3_ws/install/dynamixel_sdk/share/dynamixel_sdk/environment/pythonpath.dsv
[6.031s] -- Symlinking: /home/rokey1/turtlebot3_ws/install/dynamixel_sdk/local/lib/python3.10/dist-packages/dynamixel_sdk-3.8.4-py3.10.egg-info/PKG-INFO
[6.072s] -- Symlinking: /home/rokey1/turtlebot3_ws/install/dynamixel_sdk/local/lib/python3.10/dist-packages/dynamixel_sdk-3.8.4-py3.10.egg-info/SOURCES.txt
[6.109s] -- Symlinking: /home/rokey1/turtlebot3_ws/install/dynamixel_sdk/local/lib/python3.10/dist-packages/dynamixel_sdk-3.8.4-py3.10.egg-info/dependency_links.txt
[6.132s] -- Symlinking: /home/rokey1/turtlebot3_ws/install/dynamixel_sdk/local/lib/python3.10/dist-packages/dynamixel_sdk-3.8.4-py3.10.egg-info/top_level.txt
[6.146s] -- Symlinking: /home/rokey1/turtlebot3_ws/install/dynamixel_sdk/local/lib/python3.10/dist-packages/dynamixel_sdk/__init__.py
[6.167s] -- Symlinking: /home/rokey1/turtlebot3_ws/install/dynamixel_sdk/local/lib/python3.10/dist-packages/dynamixel_sdk/group_bulk_read.cpp
[6.181s] -- Symlinking: /home/rokey1/turtlebot3_ws/install/dynamixel_sdk/local/lib/python3.10/dist-packages/dynamixel_sdk/group_bulk_read.py
[6.203s] -- Symlinking: /home/rokey1/turtlebot3_ws/install/dynamixel_sdk/local/lib/python3.10/dist-packages/dynamixel_sdk/group_bulk_write.cpp
[6.216s] -- Symlinking: /home/rokey1/turtlebot3_ws/install/dynamixel_sdk/local/lib/python3.10/dist-packages/dynamixel_sdk/group_bulk_write.py
[6.258s] -- Symlinking: /home/rokey1/turtlebot3_ws/install/dynamixel_sdk/local/lib/python3.10/dist-packages/dynamixel_sdk/group_fast_bulk_read.cpp
[6.297s] -- Symlinking: /home/rokey1/turtlebot3_ws/install/dynamixel_sdk/local/lib/python3.10/dist-packages/dynamixel_sdk/group_fast_sync_read.cpp
[6.318s] -- Symlinking: /home/rokey1/turtlebot3_ws/install/dynamixel_sdk/local/lib/python3.10/dist-packages/dynamixel_sdk/group_handler.cpp
[6.330s] -- Symlinking: /home/rokey1/turtlebot3_ws/install/dynamixel_sdk/local/lib/python3.10/dist-packages/dynamixel_sdk/group_sync_read.cpp
[6.346s] -- Symlinking: /home/rokey1/turtlebot3_ws/install/dynamixel_sdk/local/lib/python3.10/dist-packages/dynamixel_sdk/group_sync_read.py
[6.359s] -- Symlinking: /home/rokey1/turtlebot3_ws/install/dynamixel_sdk/local/lib/python3.10/dist-packages/dynamixel_sdk/group_sync_write.cpp
[6.372s] -- Symlinking: /home/rokey1/turtlebot3_ws/install/dynamixel_sdk/local/lib/python3.10/dist-packages/dynamixel_sdk/group_sync_write.py
[6.389s] -- Symlinking: /home/rokey1/turtlebot3_ws/install/dynamixel_sdk/local/lib/python3.10/dist-packages/dynamixel_sdk/packet_handler.cpp
[6.402s] -- Symlinking: /home/rokey1/turtlebot3_ws/install/dynamixel_sdk/local/lib/python3.10/dist-packages/dynamixel_sdk/packet_handler.py
[6.422s] -- Symlinking: /home/rokey1/turtlebot3_ws/install/dynamixel_sdk/local/lib/python3.10/dist-packages/dynamixel_sdk/port_handler.cpp
[6.436s] -- Symlinking: /home/rokey1/turtlebot3_ws/install/dynamixel_sdk/local/lib/python3.10/dist-packages/dynamixel_sdk/port_handler.py
[6.449s] -- Symlinking: /home/rokey1/turtlebot3_ws/install/dynamixel_sdk/local/lib/python3.10/dist-packages/dynamixel_sdk/port_handler_arduino.cpp
[6.467s] -- Symlinking: /home/rokey1/turtlebot3_ws/install/dynamixel_sdk/local/lib/python3.10/dist-packages/dynamixel_sdk/port_handler_linux.cpp
[6.480s] -- Symlinking: /home/rokey1/turtlebot3_ws/install/dynamixel_sdk/local/lib/python3.10/dist-packages/dynamixel_sdk/port_handler_mac.cpp
[6.499s] -- Symlinking: /home/rokey1/turtlebot3_ws/install/dynamixel_sdk/local/lib/python3.10/dist-packages/dynamixel_sdk/port_handler_windows.cpp
[6.513s] -- Symlinking: /home/rokey1/turtlebot3_ws/install/dynamixel_sdk/local/lib/python3.10/dist-packages/dynamixel_sdk/protocol1_packet_handler.cpp
[6.531s] -- Symlinking: /home/rokey1/turtlebot3_ws/install/dynamixel_sdk/local/lib/python3.10/dist-packages/dynamixel_sdk/protocol1_packet_handler.py
[6.543s] -- Symlinking: /home/rokey1/turtlebot3_ws/install/dynamixel_sdk/local/lib/python3.10/dist-packages/dynamixel_sdk/protocol2_packet_handler.cpp
[6.556s] -- Symlinking: /home/rokey1/turtlebot3_ws/install/dynamixel_sdk/local/lib/python3.10/dist-packages/dynamixel_sdk/protocol2_packet_handler.py
[6.575s] -- Symlinking: /home/rokey1/turtlebot3_ws/install/dynamixel_sdk/local/lib/python3.10/dist-packages/dynamixel_sdk/robotis_def.py
[6.587s] -- Symlinking: /home/rokey1/turtlebot3_ws/install/dynamixel_sdk/share/dynamixel_sdk/environment/library_path.sh
[6.605s] -- Symlinking: /home/rokey1/turtlebot3_ws/install/dynamixel_sdk/share/dynamixel_sdk/environment/library_path.dsv
[6.620s] -- Symlinking: /home/rokey1/turtlebot3_ws/install/dynamixel_sdk/share/ament_index/resource_index/package_run_dependencies/dynamixel_sdk
[6.635s] -- Symlinking: /home/rokey1/turtlebot3_ws/install/dynamixel_sdk/share/ament_index/resource_index/parent_prefix_path/dynamixel_sdk
[6.656s] -- Symlinking: /home/rokey1/turtlebot3_ws/install/dynamixel_sdk/share/dynamixel_sdk/environment/ament_prefix_path.sh
[6.676s] -- Symlinking: /home/rokey1/turtlebot3_ws/install/dynamixel_sdk/share/dynamixel_sdk/environment/ament_prefix_path.dsv
[6.690s] -- Symlinking: /home/rokey1/turtlebot3_ws/install/dynamixel_sdk/share/dynamixel_sdk/environment/path.sh
[6.707s] -- Symlinking: /home/rokey1/turtlebot3_ws/install/dynamixel_sdk/share/dynamixel_sdk/environment/path.dsv
[6.725s] -- Symlinking: /home/rokey1/turtlebot3_ws/install/dynamixel_sdk/share/dynamixel_sdk/local_setup.bash
[6.737s] -- Symlinking: /home/rokey1/turtlebot3_ws/install/dynamixel_sdk/share/dynamixel_sdk/local_setup.sh
[6.753s] -- Symlinking: /home/rokey1/turtlebot3_ws/install/dynamixel_sdk/share/dynamixel_sdk/local_setup.zsh
[6.769s] -- Symlinking: /home/rokey1/turtlebot3_ws/install/dynamixel_sdk/share/dynamixel_sdk/local_setup.dsv
[6.787s] -- Symlinking: /home/rokey1/turtlebot3_ws/install/dynamixel_sdk/share/dynamixel_sdk/package.dsv
[6.802s] -- Symlinking: /home/rokey1/turtlebot3_ws/install/dynamixel_sdk/share/ament_index/resource_index/packages/dynamixel_sdk
[6.835s] -- Symlinking: /home/rokey1/turtlebot3_ws/install/dynamixel_sdk/share/dynamixel_sdk/cmake/ament_cmake_export_targets-extras.cmake
[6.888s] -- Symlinking: /home/rokey1/turtlebot3_ws/install/dynamixel_sdk/share/dynamixel_sdk/cmake/ament_cmake_export_include_directories-extras.cmake
[6.906s] -- Symlinking: /home/rokey1/turtlebot3_ws/install/dynamixel_sdk/share/dynamixel_sdk/cmake/ament_cmake_export_libraries-extras.cmake
[6.997s] -- Symlinking: /home/rokey1/turtlebot3_ws/install/dynamixel_sdk/share/dynamixel_sdk/cmake/dynamixel_sdkConfig.cmake
[7.070s] -- Symlinking: /home/rokey1/turtlebot3_ws/install/dynamixel_sdk/share/dynamixel_sdk/cmake/dynamixel_sdkConfig-version.cmake
[7.143s] -- Symlinking: /home/rokey1/turtlebot3_ws/install/dynamixel_sdk/share/dynamixel_sdk/package.xml
[7.180s] -- Installing: /home/rokey1/turtlebot3_ws/install/dynamixel_sdk/lib/libdynamixel_sdk.so
[7.414s] Listing '/home/rokey1/turtlebot3_ws/install/dynamixel_sdk/local/lib/python3.10/dist-packages/dynamixel_sdk'...
[7.414s] Compiling '/home/rokey1/turtlebot3_ws/install/dynamixel_sdk/local/lib/python3.10/dist-packages/dynamixel_sdk/__init__.py'...
[7.414s] Compiling '/home/rokey1/turtlebot3_ws/install/dynamixel_sdk/local/lib/python3.10/dist-packages/dynamixel_sdk/group_bulk_read.py'...
[7.415s] Compiling '/home/rokey1/turtlebot3_ws/install/dynamixel_sdk/local/lib/python3.10/dist-packages/dynamixel_sdk/group_bulk_write.py'...
[7.415s] Compiling '/home/rokey1/turtlebot3_ws/install/dynamixel_sdk/local/lib/python3.10/dist-packages/dynamixel_sdk/group_sync_read.py'...
[7.415s] Compiling '/home/rokey1/turtlebot3_ws/install/dynamixel_sdk/local/lib/python3.10/dist-packages/dynamixel_sdk/group_sync_write.py'...
[7.415s] Compiling '/home/rokey1/turtlebot3_ws/install/dynamixel_sdk/local/lib/python3.10/dist-packages/dynamixel_sdk/packet_handler.py'...
[7.415s] Compiling '/home/rokey1/turtlebot3_ws/install/dynamixel_sdk/local/lib/python3.10/dist-packages/dynamixel_sdk/port_handler.py'...
[7.415s] Compiling '/home/rokey1/turtlebot3_ws/install/dynamixel_sdk/local/lib/python3.10/dist-packages/dynamixel_sdk/protocol1_packet_handler.py'...
[7.415s] Compiling '/home/rokey1/turtlebot3_ws/install/dynamixel_sdk/local/lib/python3.10/dist-packages/dynamixel_sdk/protocol2_packet_handler.py'...
[7.415s] Compiling '/home/rokey1/turtlebot3_ws/install/dynamixel_sdk/local/lib/python3.10/dist-packages/dynamixel_sdk/robotis_def.py'...
[7.530s] -- Installing: /home/rokey1/turtlebot3_ws/install/dynamixel_sdk/share/dynamixel_sdk/cmake/dynamixel_sdkExport.cmake
[7.819s] -- Installing: /home/rokey1/turtlebot3_ws/install/dynamixel_sdk/share/dynamixel_sdk/cmake/dynamixel_sdkExport-noconfig.cmake
[7.862s] Invoked command in '/home/rokey1/turtlebot3_ws/build/dynamixel_sdk' returned '0': CMAKE_PREFIX_PATH=${CMAKE_PREFIX_PATH}:/home/rokey1/turtlebot3_ws/install/turtlebot3_teleop:/home/rokey1/turtlebot3_ws/install/turtlebot3_example:/home/rokey1/turtlebot3_ws/install/turtlebot3_autorace_mission:/home/rokey1/turtlebot3_ws/install/turtlebot3_autorace_detect:/home/rokey1/turtlebot3_ws/install/turtlebot3_autorace_camera:/opt/ros/humble /usr/bin/cmake --install /home/rokey1/turtlebot3_ws/build/dynamixel_sdk
