/home/rokey1/turtlebot3_ws/install/turtlebot3_autorace_camera/lib/python3.10/site-packages/turtlebot3_autorace_camera/image_compensation.py
/home/rokey1/turtlebot3_ws/install/turtlebot3_autorace_camera/lib/python3.10/site-packages/turtlebot3_autorace_camera/image_projection.py
/home/rokey1/turtlebot3_ws/install/turtlebot3_autorace_camera/lib/python3.10/site-packages/turtlebot3_autorace_camera/__init__.py
/home/rokey1/turtlebot3_ws/install/turtlebot3_autorace_camera/lib/python3.10/site-packages/turtlebot3_autorace_camera/__pycache__/image_compensation.cpython-310.pyc
/home/rokey1/turtlebot3_ws/install/turtlebot3_autorace_camera/lib/python3.10/site-packages/turtlebot3_autorace_camera/__pycache__/image_projection.cpython-310.pyc
/home/rokey1/turtlebot3_ws/install/turtlebot3_autorace_camera/lib/python3.10/site-packages/turtlebot3_autorace_camera/__pycache__/__init__.cpython-310.pyc
/home/rokey1/turtlebot3_ws/install/turtlebot3_autorace_camera/share/ament_index/resource_index/packages/turtlebot3_autorace_camera
/home/rokey1/turtlebot3_ws/install/turtlebot3_autorace_camera/share/turtlebot3_autorace_camera/package.xml
/home/rokey1/turtlebot3_ws/install/turtlebot3_autorace_camera/share/turtlebot3_autorace_camera/launch/extrinsic_camera_calibration.launch.py
/home/rokey1/turtlebot3_ws/install/turtlebot3_autorace_camera/share/turtlebot3_autorace_camera/launch/intrinsic_camera_calibration.launch.py
/home/rokey1/turtlebot3_ws/install/turtlebot3_autorace_camera/share/turtlebot3_autorace_camera/calibration/extrinsic_calibration/compensation.yaml
/home/rokey1/turtlebot3_ws/install/turtlebot3_autorace_camera/share/turtlebot3_autorace_camera/calibration/extrinsic_calibration/projection.yaml
/home/rokey1/turtlebot3_ws/install/turtlebot3_autorace_camera/lib/python3.10/site-packages/turtlebot3_autorace_camera-1.2.2-py3.10.egg-info/requires.txt
/home/rokey1/turtlebot3_ws/install/turtlebot3_autorace_camera/lib/python3.10/site-packages/turtlebot3_autorace_camera-1.2.2-py3.10.egg-info/PKG-INFO
/home/rokey1/turtlebot3_ws/install/turtlebot3_autorace_camera/lib/python3.10/site-packages/turtlebot3_autorace_camera-1.2.2-py3.10.egg-info/top_level.txt
/home/rokey1/turtlebot3_ws/install/turtlebot3_autorace_camera/lib/python3.10/site-packages/turtlebot3_autorace_camera-1.2.2-py3.10.egg-info/SOURCES.txt
/home/rokey1/turtlebot3_ws/install/turtlebot3_autorace_camera/lib/python3.10/site-packages/turtlebot3_autorace_camera-1.2.2-py3.10.egg-info/entry_points.txt
/home/rokey1/turtlebot3_ws/install/turtlebot3_autorace_camera/lib/python3.10/site-packages/turtlebot3_autorace_camera-1.2.2-py3.10.egg-info/zip-safe
/home/rokey1/turtlebot3_ws/install/turtlebot3_autorace_camera/lib/python3.10/site-packages/turtlebot3_autorace_camera-1.2.2-py3.10.egg-info/dependency_links.txt
/home/rokey1/turtlebot3_ws/install/turtlebot3_autorace_camera/lib/turtlebot3_autorace_camera/image_compensation
/home/rokey1/turtlebot3_ws/install/turtlebot3_autorace_camera/lib/turtlebot3_autorace_camera/image_projection
