[2.051s] Invoking command in '/home/rokey1/turtlebot3_ws/src/turtlebot3/turtlebot3_teleop': PYTHONPATH=/home/rokey1/turtlebot3_ws/build/turtlebot3_teleop/prefix_override:/usr/lib/python3/dist-packages/colcon_core/task/python/colcon_distutils_commands:/home/rokey1/turtlebot3_ws/install/turtlebot3_teleop/lib/python3.10/site-packages:${PYTHONPATH} /usr/bin/python3 -W ignore:setup.py install is deprecated -W ignore:easy_install command is deprecated setup.py egg_info --egg-base ../../../build/turtlebot3_teleop build --build-base /home/rokey1/turtlebot3_ws/build/turtlebot3_teleop/build install --record /home/rokey1/turtlebot3_ws/build/turtlebot3_teleop/install.log --single-version-externally-managed install_data
[2.761s] running egg_info
[2.761s] creating ../../../build/turtlebot3_teleop/turtlebot3_teleop.egg-info
[2.762s] writing ../../../build/turtlebot3_teleop/turtlebot3_teleop.egg-info/PKG-INFO
[2.772s] writing dependency_links to ../../../build/turtlebot3_teleop/turtlebot3_teleop.egg-info/dependency_links.txt
[2.772s] writing entry points to ../../../build/turtlebot3_teleop/turtlebot3_teleop.egg-info/entry_points.txt
[2.772s] writing requirements to ../../../build/turtlebot3_teleop/turtlebot3_teleop.egg-info/requires.txt
[2.772s] writing top-level names to ../../../build/turtlebot3_teleop/turtlebot3_teleop.egg-info/top_level.txt
[2.772s] writing manifest file '../../../build/turtlebot3_teleop/turtlebot3_teleop.egg-info/SOURCES.txt'
[2.778s] reading manifest file '../../../build/turtlebot3_teleop/turtlebot3_teleop.egg-info/SOURCES.txt'
[2.779s] writing manifest file '../../../build/turtlebot3_teleop/turtlebot3_teleop.egg-info/SOURCES.txt'
[2.780s] running build
[2.780s] running build_py
[2.782s] creating /home/rokey1/turtlebot3_ws/build/turtlebot3_teleop/build
[2.782s] creating /home/rokey1/turtlebot3_ws/build/turtlebot3_teleop/build/lib
[2.783s] creating /home/rokey1/turtlebot3_ws/build/turtlebot3_teleop/build/lib/turtlebot3_teleop
[2.783s] copying turtlebot3_teleop/__init__.py -> /home/rokey1/turtlebot3_ws/build/turtlebot3_teleop/build/lib/turtlebot3_teleop
[2.787s] creating /home/rokey1/turtlebot3_ws/build/turtlebot3_teleop/build/lib/turtlebot3_teleop/script
[2.787s] copying turtlebot3_teleop/script/teleop_keyboard.py -> /home/rokey1/turtlebot3_ws/build/turtlebot3_teleop/build/lib/turtlebot3_teleop/script
[2.788s] copying turtlebot3_teleop/script/__init__.py -> /home/rokey1/turtlebot3_ws/build/turtlebot3_teleop/build/lib/turtlebot3_teleop/script
[2.792s] running install
[2.793s] running install_lib
[2.802s] creating /home/rokey1/turtlebot3_ws/install/turtlebot3_teleop/lib/python3.10/site-packages/turtlebot3_teleop
[2.802s] creating /home/rokey1/turtlebot3_ws/install/turtlebot3_teleop/lib/python3.10/site-packages/turtlebot3_teleop/script
[2.802s] copying /home/rokey1/turtlebot3_ws/build/turtlebot3_teleop/build/lib/turtlebot3_teleop/script/teleop_keyboard.py -> /home/rokey1/turtlebot3_ws/install/turtlebot3_teleop/lib/python3.10/site-packages/turtlebot3_teleop/script
[2.802s] copying /home/rokey1/turtlebot3_ws/build/turtlebot3_teleop/build/lib/turtlebot3_teleop/script/__init__.py -> /home/rokey1/turtlebot3_ws/install/turtlebot3_teleop/lib/python3.10/site-packages/turtlebot3_teleop/script
[2.802s] copying /home/rokey1/turtlebot3_ws/build/turtlebot3_teleop/build/lib/turtlebot3_teleop/__init__.py -> /home/rokey1/turtlebot3_ws/install/turtlebot3_teleop/lib/python3.10/site-packages/turtlebot3_teleop
[2.802s] byte-compiling /home/rokey1/turtlebot3_ws/install/turtlebot3_teleop/lib/python3.10/site-packages/turtlebot3_teleop/script/teleop_keyboard.py to teleop_keyboard.cpython-310.pyc
[2.811s] byte-compiling /home/rokey1/turtlebot3_ws/install/turtlebot3_teleop/lib/python3.10/site-packages/turtlebot3_teleop/script/__init__.py to __init__.cpython-310.pyc
[2.813s] byte-compiling /home/rokey1/turtlebot3_ws/install/turtlebot3_teleop/lib/python3.10/site-packages/turtlebot3_teleop/__init__.py to __init__.cpython-310.pyc
[2.814s] running install_data
[2.814s] creating /home/rokey1/turtlebot3_ws/install/turtlebot3_teleop/share/ament_index
[2.814s] creating /home/rokey1/turtlebot3_ws/install/turtlebot3_teleop/share/ament_index/resource_index
[2.814s] creating /home/rokey1/turtlebot3_ws/install/turtlebot3_teleop/share/ament_index/resource_index/packages
[2.823s] copying resource/turtlebot3_teleop -> /home/rokey1/turtlebot3_ws/install/turtlebot3_teleop/share/ament_index/resource_index/packages
[2.823s] copying package.xml -> /home/rokey1/turtlebot3_ws/install/turtlebot3_teleop/share/turtlebot3_teleop
[2.823s] running install_egg_info
[2.824s] Copying ../../../build/turtlebot3_teleop/turtlebot3_teleop.egg-info to /home/rokey1/turtlebot3_ws/install/turtlebot3_teleop/lib/python3.10/site-packages/turtlebot3_teleop-2.3.3-py3.10.egg-info
[2.837s] running install_scripts
[2.919s] Installing teleop_keyboard script to /home/rokey1/turtlebot3_ws/install/turtlebot3_teleop/lib/turtlebot3_teleop
[2.919s] writing list of installed files to '/home/rokey1/turtlebot3_ws/build/turtlebot3_teleop/install.log'
[3.052s] Invoked command in '/home/rokey1/turtlebot3_ws/src/turtlebot3/turtlebot3_teleop' returned '0': PYTHONPATH=/home/rokey1/turtlebot3_ws/build/turtlebot3_teleop/prefix_override:/usr/lib/python3/dist-packages/colcon_core/task/python/colcon_distutils_commands:/home/rokey1/turtlebot3_ws/install/turtlebot3_teleop/lib/python3.10/site-packages:${PYTHONPATH} /usr/bin/python3 -W ignore:setup.py install is deprecated -W ignore:easy_install command is deprecated setup.py egg_info --egg-base ../../../build/turtlebot3_teleop build --build-base /home/rokey1/turtlebot3_ws/build/turtlebot3_teleop/build install --record /home/rokey1/turtlebot3_ws/build/turtlebot3_teleop/install.log --single-version-externally-managed install_data
