[3.015s] Invoking command in '/home/rokey1/turtlebot3_ws/build/turtlebot3_autorace_mission': PYTHONPATH=/home/rokey1/turtlebot3_ws/build/turtlebot3_autorace_mission/prefix_override:/usr/lib/python3/dist-packages/colcon_core/task/python/colcon_distutils_commands:/home/rokey1/turtlebot3_ws/install/turtlebot3_autorace_mission/lib/python3.10/site-packages:${PYTHONPATH} /usr/bin/python3 -W ignore:setup.py install is deprecated -W ignore:easy_install command is deprecated setup.py develop --editable --build-directory /home/rokey1/turtlebot3_ws/build/turtlebot3_autorace_mission/build --no-deps symlink_data
[3.891s] running develop
[4.648s] running egg_info
[4.651s] creating turtlebot3_autorace_mission.egg-info
[4.651s] writing turtlebot3_autorace_mission.egg-info/PKG-INFO
[4.651s] writing dependency_links to turtlebot3_autorace_mission.egg-info/dependency_links.txt
[4.652s] writing entry points to turtlebot3_autorace_mission.egg-info/entry_points.txt
[4.652s] writing requirements to turtlebot3_autorace_mission.egg-info/requires.txt
[4.652s] writing top-level names to turtlebot3_autorace_mission.egg-info/top_level.txt
[4.654s] writing manifest file 'turtlebot3_autorace_mission.egg-info/SOURCES.txt'
[4.661s] reading manifest file 'turtlebot3_autorace_mission.egg-info/SOURCES.txt'
[4.662s] writing manifest file 'turtlebot3_autorace_mission.egg-info/SOURCES.txt'
[4.673s] running build_ext
[4.677s] Creating /home/rokey1/turtlebot3_ws/install/turtlebot3_autorace_mission/lib/python3.10/site-packages/turtlebot3-autorace-mission.egg-link (link to .)
[4.688s] Installing avoid_construction script to /home/rokey1/turtlebot3_ws/install/turtlebot3_autorace_mission/lib/turtlebot3_autorace_mission
[4.688s] Installing control_lane script to /home/rokey1/turtlebot3_ws/install/turtlebot3_autorace_mission/lib/turtlebot3_autorace_mission
[4.688s] Installing mission_tunnel script to /home/rokey1/turtlebot3_ws/install/turtlebot3_autorace_mission/lib/turtlebot3_autorace_mission
[4.688s] 
[4.690s] Installed /home/rokey1/turtlebot3_ws/build/turtlebot3_autorace_mission
[4.690s] running symlink_data
[4.693s] creating /home/rokey1/turtlebot3_ws/install/turtlebot3_autorace_mission/share/ament_index
[4.693s] creating /home/rokey1/turtlebot3_ws/install/turtlebot3_autorace_mission/share/ament_index/resource_index
[4.693s] creating /home/rokey1/turtlebot3_ws/install/turtlebot3_autorace_mission/share/ament_index/resource_index/packages
[4.693s] symbolically linking /home/rokey1/turtlebot3_ws/build/turtlebot3_autorace_mission/resource/turtlebot3_autorace_mission -> /home/rokey1/turtlebot3_ws/install/turtlebot3_autorace_mission/share/ament_index/resource_index/packages
[4.693s] symbolically linking /home/rokey1/turtlebot3_ws/build/turtlebot3_autorace_mission/package.xml -> /home/rokey1/turtlebot3_ws/install/turtlebot3_autorace_mission/share/turtlebot3_autorace_mission
[4.694s] creating /home/rokey1/turtlebot3_ws/install/turtlebot3_autorace_mission/share/turtlebot3_autorace_mission/launch
[4.694s] symbolically linking /home/rokey1/turtlebot3_ws/build/turtlebot3_autorace_mission/launch/mission_construction.launch.py -> /home/rokey1/turtlebot3_ws/install/turtlebot3_autorace_mission/share/turtlebot3_autorace_mission/launch
[4.703s] symbolically linking /home/rokey1/turtlebot3_ws/build/turtlebot3_autorace_mission/launch/control_lane.launch.py -> /home/rokey1/turtlebot3_ws/install/turtlebot3_autorace_mission/share/turtlebot3_autorace_mission/launch
[4.703s] symbolically linking /home/rokey1/turtlebot3_ws/build/turtlebot3_autorace_mission/launch/mission_tunnel.launch.py -> /home/rokey1/turtlebot3_ws/install/turtlebot3_autorace_mission/share/turtlebot3_autorace_mission/launch
[4.704s] creating /home/rokey1/turtlebot3_ws/install/turtlebot3_autorace_mission/share/turtlebot3_autorace_mission/param
[4.704s] symbolically linking /home/rokey1/turtlebot3_ws/build/turtlebot3_autorace_mission/param/navigation.yaml -> /home/rokey1/turtlebot3_ws/install/turtlebot3_autorace_mission/share/turtlebot3_autorace_mission/param
[4.704s] creating /home/rokey1/turtlebot3_ws/install/turtlebot3_autorace_mission/share/turtlebot3_autorace_mission/map
[4.704s] symbolically linking /home/rokey1/turtlebot3_ws/build/turtlebot3_autorace_mission/map/map.yaml -> /home/rokey1/turtlebot3_ws/install/turtlebot3_autorace_mission/share/turtlebot3_autorace_mission/map
[4.704s] symbolically linking /home/rokey1/turtlebot3_ws/build/turtlebot3_autorace_mission/map/map.pgm -> /home/rokey1/turtlebot3_ws/install/turtlebot3_autorace_mission/share/turtlebot3_autorace_mission/map
[4.842s] Invoked command in '/home/rokey1/turtlebot3_ws/build/turtlebot3_autorace_mission' returned '0': PYTHONPATH=/home/rokey1/turtlebot3_ws/build/turtlebot3_autorace_mission/prefix_override:/usr/lib/python3/dist-packages/colcon_core/task/python/colcon_distutils_commands:/home/rokey1/turtlebot3_ws/install/turtlebot3_autorace_mission/lib/python3.10/site-packages:${PYTHONPATH} /usr/bin/python3 -W ignore:setup.py install is deprecated -W ignore:easy_install command is deprecated setup.py develop --editable --build-directory /home/rokey1/turtlebot3_ws/build/turtlebot3_autorace_mission/build --no-deps symlink_data
