[2.422s] Invoking command in '/home/rokey1/turtlebot3_ws/src/turtlebot3_autorace/turtlebot3_autorace_detect': PYTHONPATH=/home/rokey1/turtlebot3_ws/build/turtlebot3_autorace_detect/prefix_override:/usr/lib/python3/dist-packages/colcon_core/task/python/colcon_distutils_commands:/home/rokey1/turtlebot3_ws/install/turtlebot3_autorace_detect/lib/python3.10/site-packages:${PYTHONPATH} /usr/bin/python3 -W ignore:setup.py install is deprecated -W ignore:easy_install command is deprecated setup.py egg_info --egg-base ../../../build/turtlebot3_autorace_detect build --build-base /home/rokey1/turtlebot3_ws/build/turtlebot3_autorace_detect/build install --record /home/rokey1/turtlebot3_ws/build/turtlebot3_autorace_detect/install.log --single-version-externally-managed install_data
[3.361s] running egg_info
[3.366s] creating ../../../build/turtlebot3_autorace_detect/turtlebot3_autorace_detect.egg-info
[3.366s] writing ../../../build/turtlebot3_autorace_detect/turtlebot3_autorace_detect.egg-info/PKG-INFO
[3.366s] writing dependency_links to ../../../build/turtlebot3_autorace_detect/turtlebot3_autorace_detect.egg-info/dependency_links.txt
[3.366s] writing entry points to ../../../build/turtlebot3_autorace_detect/turtlebot3_autorace_detect.egg-info/entry_points.txt
[3.366s] writing requirements to ../../../build/turtlebot3_autorace_detect/turtlebot3_autorace_detect.egg-info/requires.txt
[3.366s] writing top-level names to ../../../build/turtlebot3_autorace_detect/turtlebot3_autorace_detect.egg-info/top_level.txt
[3.386s] writing manifest file '../../../build/turtlebot3_autorace_detect/turtlebot3_autorace_detect.egg-info/SOURCES.txt'
[3.386s] reading manifest file '../../../build/turtlebot3_autorace_detect/turtlebot3_autorace_detect.egg-info/SOURCES.txt'
[3.386s] writing manifest file '../../../build/turtlebot3_autorace_detect/turtlebot3_autorace_detect.egg-info/SOURCES.txt'
[3.390s] running build
[3.390s] running build_py
[3.390s] creating /home/rokey1/turtlebot3_ws/build/turtlebot3_autorace_detect/build
[3.390s] creating /home/rokey1/turtlebot3_ws/build/turtlebot3_autorace_detect/build/lib
[3.390s] creating /home/rokey1/turtlebot3_ws/build/turtlebot3_autorace_detect/build/lib/turtlebot3_autorace_detect
[3.391s] copying turtlebot3_autorace_detect/detect_tunnel_sign.py -> /home/rokey1/turtlebot3_ws/build/turtlebot3_autorace_detect/build/lib/turtlebot3_autorace_detect
[3.391s] copying turtlebot3_autorace_detect/detect_level_crossing_sign.py -> /home/rokey1/turtlebot3_ws/build/turtlebot3_autorace_detect/build/lib/turtlebot3_autorace_detect
[3.391s] copying turtlebot3_autorace_detect/detect_construction_sign.py -> /home/rokey1/turtlebot3_ws/build/turtlebot3_autorace_detect/build/lib/turtlebot3_autorace_detect
[3.391s] copying turtlebot3_autorace_detect/detect_level_crossing.py -> /home/rokey1/turtlebot3_ws/build/turtlebot3_autorace_detect/build/lib/turtlebot3_autorace_detect
[3.391s] copying turtlebot3_autorace_detect/__init__.py -> /home/rokey1/turtlebot3_ws/build/turtlebot3_autorace_detect/build/lib/turtlebot3_autorace_detect
[3.391s] copying turtlebot3_autorace_detect/detect_intersection_sign.py -> /home/rokey1/turtlebot3_ws/build/turtlebot3_autorace_detect/build/lib/turtlebot3_autorace_detect
[3.391s] copying turtlebot3_autorace_detect/detect_traffic_light.py -> /home/rokey1/turtlebot3_ws/build/turtlebot3_autorace_detect/build/lib/turtlebot3_autorace_detect
[3.391s] copying turtlebot3_autorace_detect/detect_lane.py -> /home/rokey1/turtlebot3_ws/build/turtlebot3_autorace_detect/build/lib/turtlebot3_autorace_detect
[3.392s] copying turtlebot3_autorace_detect/detect_parking_sign.py -> /home/rokey1/turtlebot3_ws/build/turtlebot3_autorace_detect/build/lib/turtlebot3_autorace_detect
[3.392s] running install
[3.392s] running install_lib
[3.393s] creating /home/rokey1/turtlebot3_ws/install/turtlebot3_autorace_detect/lib/python3.10/site-packages/turtlebot3_autorace_detect
[3.393s] copying /home/rokey1/turtlebot3_ws/build/turtlebot3_autorace_detect/build/lib/turtlebot3_autorace_detect/detect_tunnel_sign.py -> /home/rokey1/turtlebot3_ws/install/turtlebot3_autorace_detect/lib/python3.10/site-packages/turtlebot3_autorace_detect
[3.393s] copying /home/rokey1/turtlebot3_ws/build/turtlebot3_autorace_detect/build/lib/turtlebot3_autorace_detect/detect_level_crossing_sign.py -> /home/rokey1/turtlebot3_ws/install/turtlebot3_autorace_detect/lib/python3.10/site-packages/turtlebot3_autorace_detect
[3.394s] copying /home/rokey1/turtlebot3_ws/build/turtlebot3_autorace_detect/build/lib/turtlebot3_autorace_detect/detect_construction_sign.py -> /home/rokey1/turtlebot3_ws/install/turtlebot3_autorace_detect/lib/python3.10/site-packages/turtlebot3_autorace_detect
[3.394s] copying /home/rokey1/turtlebot3_ws/build/turtlebot3_autorace_detect/build/lib/turtlebot3_autorace_detect/detect_level_crossing.py -> /home/rokey1/turtlebot3_ws/install/turtlebot3_autorace_detect/lib/python3.10/site-packages/turtlebot3_autorace_detect
[3.395s] copying /home/rokey1/turtlebot3_ws/build/turtlebot3_autorace_detect/build/lib/turtlebot3_autorace_detect/__init__.py -> /home/rokey1/turtlebot3_ws/install/turtlebot3_autorace_detect/lib/python3.10/site-packages/turtlebot3_autorace_detect
[3.395s] copying /home/rokey1/turtlebot3_ws/build/turtlebot3_autorace_detect/build/lib/turtlebot3_autorace_detect/detect_intersection_sign.py -> /home/rokey1/turtlebot3_ws/install/turtlebot3_autorace_detect/lib/python3.10/site-packages/turtlebot3_autorace_detect
[3.395s] copying /home/rokey1/turtlebot3_ws/build/turtlebot3_autorace_detect/build/lib/turtlebot3_autorace_detect/detect_traffic_light.py -> /home/rokey1/turtlebot3_ws/install/turtlebot3_autorace_detect/lib/python3.10/site-packages/turtlebot3_autorace_detect
[3.395s] copying /home/rokey1/turtlebot3_ws/build/turtlebot3_autorace_detect/build/lib/turtlebot3_autorace_detect/detect_lane.py -> /home/rokey1/turtlebot3_ws/install/turtlebot3_autorace_detect/lib/python3.10/site-packages/turtlebot3_autorace_detect
[3.395s] copying /home/rokey1/turtlebot3_ws/build/turtlebot3_autorace_detect/build/lib/turtlebot3_autorace_detect/detect_parking_sign.py -> /home/rokey1/turtlebot3_ws/install/turtlebot3_autorace_detect/lib/python3.10/site-packages/turtlebot3_autorace_detect
[3.397s] byte-compiling /home/rokey1/turtlebot3_ws/install/turtlebot3_autorace_detect/lib/python3.10/site-packages/turtlebot3_autorace_detect/detect_tunnel_sign.py to detect_tunnel_sign.cpython-310.pyc
[3.399s] byte-compiling /home/rokey1/turtlebot3_ws/install/turtlebot3_autorace_detect/lib/python3.10/site-packages/turtlebot3_autorace_detect/detect_level_crossing_sign.py to detect_level_crossing_sign.cpython-310.pyc
[3.406s] byte-compiling /home/rokey1/turtlebot3_ws/install/turtlebot3_autorace_detect/lib/python3.10/site-packages/turtlebot3_autorace_detect/detect_construction_sign.py to detect_construction_sign.cpython-310.pyc
[3.411s] byte-compiling /home/rokey1/turtlebot3_ws/install/turtlebot3_autorace_detect/lib/python3.10/site-packages/turtlebot3_autorace_detect/detect_level_crossing.py to detect_level_crossing.cpython-310.pyc
[3.416s] byte-compiling /home/rokey1/turtlebot3_ws/install/turtlebot3_autorace_detect/lib/python3.10/site-packages/turtlebot3_autorace_detect/__init__.py to __init__.cpython-310.pyc
[3.419s] byte-compiling /home/rokey1/turtlebot3_ws/install/turtlebot3_autorace_detect/lib/python3.10/site-packages/turtlebot3_autorace_detect/detect_intersection_sign.py to detect_intersection_sign.cpython-310.pyc
[3.424s] byte-compiling /home/rokey1/turtlebot3_ws/install/turtlebot3_autorace_detect/lib/python3.10/site-packages/turtlebot3_autorace_detect/detect_traffic_light.py to detect_traffic_light.cpython-310.pyc
[3.429s] byte-compiling /home/rokey1/turtlebot3_ws/install/turtlebot3_autorace_detect/lib/python3.10/site-packages/turtlebot3_autorace_detect/detect_lane.py to detect_lane.cpython-310.pyc
[3.431s] byte-compiling /home/rokey1/turtlebot3_ws/install/turtlebot3_autorace_detect/lib/python3.10/site-packages/turtlebot3_autorace_detect/detect_parking_sign.py to detect_parking_sign.cpython-310.pyc
[3.433s] running install_data
[3.433s] creating /home/rokey1/turtlebot3_ws/install/turtlebot3_autorace_detect/share/ament_index
[3.433s] creating /home/rokey1/turtlebot3_ws/install/turtlebot3_autorace_detect/share/ament_index/resource_index
[3.434s] creating /home/rokey1/turtlebot3_ws/install/turtlebot3_autorace_detect/share/ament_index/resource_index/packages
[3.434s] copying resource/turtlebot3_autorace_detect -> /home/rokey1/turtlebot3_ws/install/turtlebot3_autorace_detect/share/ament_index/resource_index/packages
[3.436s] copying package.xml -> /home/rokey1/turtlebot3_ws/install/turtlebot3_autorace_detect/share/turtlebot3_autorace_detect
[3.436s] creating /home/rokey1/turtlebot3_ws/install/turtlebot3_autorace_detect/share/turtlebot3_autorace_detect/launch
[3.436s] copying launch/detect_level_crossing.launch.py -> /home/rokey1/turtlebot3_ws/install/turtlebot3_autorace_detect/share/turtlebot3_autorace_detect/launch
[3.436s] copying launch/detect_lane.launch.py -> /home/rokey1/turtlebot3_ws/install/turtlebot3_autorace_detect/share/turtlebot3_autorace_detect/launch
[3.436s] copying launch/detect_traffic_light.launch.py -> /home/rokey1/turtlebot3_ws/install/turtlebot3_autorace_detect/share/turtlebot3_autorace_detect/launch
[3.437s] copying launch/detect_sign.launch.py -> /home/rokey1/turtlebot3_ws/install/turtlebot3_autorace_detect/share/turtlebot3_autorace_detect/launch
[3.437s] creating /home/rokey1/turtlebot3_ws/install/turtlebot3_autorace_detect/share/turtlebot3_autorace_detect/param
[3.437s] creating /home/rokey1/turtlebot3_ws/install/turtlebot3_autorace_detect/share/turtlebot3_autorace_detect/param/lane
[3.437s] copying param/lane/lane.yaml -> /home/rokey1/turtlebot3_ws/install/turtlebot3_autorace_detect/share/turtlebot3_autorace_detect/param/lane
[3.437s] creating /home/rokey1/turtlebot3_ws/install/turtlebot3_autorace_detect/share/turtlebot3_autorace_detect/param/level
[3.437s] copying param/level/level.yaml -> /home/rokey1/turtlebot3_ws/install/turtlebot3_autorace_detect/share/turtlebot3_autorace_detect/param/level
[3.437s] creating /home/rokey1/turtlebot3_ws/install/turtlebot3_autorace_detect/share/turtlebot3_autorace_detect/param/traffic_light
[3.437s] copying param/traffic_light/traffic_light.yaml -> /home/rokey1/turtlebot3_ws/install/turtlebot3_autorace_detect/share/turtlebot3_autorace_detect/param/traffic_light
[3.438s] creating /home/rokey1/turtlebot3_ws/install/turtlebot3_autorace_detect/share/turtlebot3_autorace_detect/image
[3.438s] copying image/tunnel.png -> /home/rokey1/turtlebot3_ws/install/turtlebot3_autorace_detect/share/turtlebot3_autorace_detect/image
[3.438s] copying image/stop.png -> /home/rokey1/turtlebot3_ws/install/turtlebot3_autorace_detect/share/turtlebot3_autorace_detect/image
[3.438s] copying image/intersection.png -> /home/rokey1/turtlebot3_ws/install/turtlebot3_autorace_detect/share/turtlebot3_autorace_detect/image
[3.438s] copying image/left.png -> /home/rokey1/turtlebot3_ws/install/turtlebot3_autorace_detect/share/turtlebot3_autorace_detect/image
[3.438s] copying image/construction.png -> /home/rokey1/turtlebot3_ws/install/turtlebot3_autorace_detect/share/turtlebot3_autorace_detect/image
[3.438s] copying image/parking.png -> /home/rokey1/turtlebot3_ws/install/turtlebot3_autorace_detect/share/turtlebot3_autorace_detect/image
[3.438s] copying image/right.png -> /home/rokey1/turtlebot3_ws/install/turtlebot3_autorace_detect/share/turtlebot3_autorace_detect/image
[3.438s] running install_egg_info
[3.443s] Copying ../../../build/turtlebot3_autorace_detect/turtlebot3_autorace_detect.egg-info to /home/rokey1/turtlebot3_ws/install/turtlebot3_autorace_detect/lib/python3.10/site-packages/turtlebot3_autorace_detect-1.2.2-py3.10.egg-info
[3.443s] running install_scripts
[3.481s] Installing detect_construction_sign script to /home/rokey1/turtlebot3_ws/install/turtlebot3_autorace_detect/lib/turtlebot3_autorace_detect
[3.481s] Installing detect_intersection_sign script to /home/rokey1/turtlebot3_ws/install/turtlebot3_autorace_detect/lib/turtlebot3_autorace_detect
[3.481s] Installing detect_lane script to /home/rokey1/turtlebot3_ws/install/turtlebot3_autorace_detect/lib/turtlebot3_autorace_detect
[3.482s] Installing detect_level_crossing script to /home/rokey1/turtlebot3_ws/install/turtlebot3_autorace_detect/lib/turtlebot3_autorace_detect
[3.482s] Installing detect_level_crossing_sign script to /home/rokey1/turtlebot3_ws/install/turtlebot3_autorace_detect/lib/turtlebot3_autorace_detect
[3.482s] Installing detect_parking_sign script to /home/rokey1/turtlebot3_ws/install/turtlebot3_autorace_detect/lib/turtlebot3_autorace_detect
[3.482s] Installing detect_traffic_light script to /home/rokey1/turtlebot3_ws/install/turtlebot3_autorace_detect/lib/turtlebot3_autorace_detect
[3.482s] Installing detect_tunnel_sign script to /home/rokey1/turtlebot3_ws/install/turtlebot3_autorace_detect/lib/turtlebot3_autorace_detect
[3.486s] writing list of installed files to '/home/rokey1/turtlebot3_ws/build/turtlebot3_autorace_detect/install.log'
[3.716s] Invoked command in '/home/rokey1/turtlebot3_ws/src/turtlebot3_autorace/turtlebot3_autorace_detect' returned '0': PYTHONPATH=/home/rokey1/turtlebot3_ws/build/turtlebot3_autorace_detect/prefix_override:/usr/lib/python3/dist-packages/colcon_core/task/python/colcon_distutils_commands:/home/rokey1/turtlebot3_ws/install/turtlebot3_autorace_detect/lib/python3.10/site-packages:${PYTHONPATH} /usr/bin/python3 -W ignore:setup.py install is deprecated -W ignore:easy_install command is deprecated setup.py egg_info --egg-base ../../../build/turtlebot3_autorace_detect build --build-base /home/rokey1/turtlebot3_ws/build/turtlebot3_autorace_detect/build install --record /home/rokey1/turtlebot3_ws/build/turtlebot3_autorace_detect/install.log --single-version-externally-managed install_data
