[0.049s] Invoking command in '/home/rokey1/turtlebot3_ws/build/turtlebot3_navigation2': CMAKE_PREFIX_PATH=${CMAKE_PREFIX_PATH}:/home/rokey1/turtlebot3_ws/install/turtlebot3_teleop:/home/rokey1/turtlebot3_ws/install/turtlebot3_example:/home/rokey1/turtlebot3_ws/install/turtlebot3_autorace_mission:/home/rokey1/turtlebot3_ws/install/turtlebot3_autorace_detect:/home/rokey1/turtlebot3_ws/install/turtlebot3_autorace_camera:/opt/ros/humble /usr/bin/cmake --build /home/rokey1/turtlebot3_ws/build/turtlebot3_navigation2 -- -j8 -l8
[0.387s] Invoked command in '/home/rokey1/turtlebot3_ws/build/turtlebot3_navigation2' returned '0': CMAKE_PREFIX_PATH=${CMAKE_PREFIX_PATH}:/home/rokey1/turtlebot3_ws/install/turtlebot3_teleop:/home/rokey1/turtlebot3_ws/install/turtlebot3_example:/home/rokey1/turtlebot3_ws/install/turtlebot3_autorace_mission:/home/rokey1/turtlebot3_ws/install/turtlebot3_autorace_detect:/home/rokey1/turtlebot3_ws/install/turtlebot3_autorace_camera:/opt/ros/humble /usr/bin/cmake --build /home/rokey1/turtlebot3_ws/build/turtlebot3_navigation2 -- -j8 -l8
[0.389s] Invoking command in '/home/rokey1/turtlebot3_ws/build/turtlebot3_navigation2': CMAKE_PREFIX_PATH=${CMAKE_PREFIX_PATH}:/home/rokey1/turtlebot3_ws/install/turtlebot3_teleop:/home/rokey1/turtlebot3_ws/install/turtlebot3_example:/home/rokey1/turtlebot3_ws/install/turtlebot3_autorace_mission:/home/rokey1/turtlebot3_ws/install/turtlebot3_autorace_detect:/home/rokey1/turtlebot3_ws/install/turtlebot3_autorace_camera:/opt/ros/humble /usr/bin/cmake --install /home/rokey1/turtlebot3_ws/build/turtlebot3_navigation2
[0.436s] -- Install configuration: ""
[0.436s] -- Up-to-date: /home/rokey1/turtlebot3_ws/install/turtlebot3_navigation2/share/turtlebot3_navigation2/launch
[0.437s] -- Up-to-date: /home/rokey1/turtlebot3_ws/install/turtlebot3_navigation2/share/turtlebot3_navigation2/launch/navigation2.launch.py
[0.437s] -- Up-to-date: /home/rokey1/turtlebot3_ws/install/turtlebot3_navigation2/share/turtlebot3_navigation2/map
[0.437s] -- Up-to-date: /home/rokey1/turtlebot3_ws/install/turtlebot3_navigation2/share/turtlebot3_navigation2/map/map.yaml
[0.437s] -- Up-to-date: /home/rokey1/turtlebot3_ws/install/turtlebot3_navigation2/share/turtlebot3_navigation2/map/map.pgm
[0.437s] -- Up-to-date: /home/rokey1/turtlebot3_ws/install/turtlebot3_navigation2/share/turtlebot3_navigation2/param
[0.437s] -- Up-to-date: /home/rokey1/turtlebot3_ws/install/turtlebot3_navigation2/share/turtlebot3_navigation2/param/waffle.yaml
[0.437s] -- Up-to-date: /home/rokey1/turtlebot3_ws/install/turtlebot3_navigation2/share/turtlebot3_navigation2/param/burger_cam.yaml
[0.437s] -- Up-to-date: /home/rokey1/turtlebot3_ws/install/turtlebot3_navigation2/share/turtlebot3_navigation2/param/waffle_pi.yaml
[0.437s] -- Up-to-date: /home/rokey1/turtlebot3_ws/install/turtlebot3_navigation2/share/turtlebot3_navigation2/param/humble
[0.438s] -- Up-to-date: /home/rokey1/turtlebot3_ws/install/turtlebot3_navigation2/share/turtlebot3_navigation2/param/humble/waffle.yaml
[0.438s] -- Up-to-date: /home/rokey1/turtlebot3_ws/install/turtlebot3_navigation2/share/turtlebot3_navigation2/param/humble/burger_cam.yaml
[0.438s] -- Up-to-date: /home/rokey1/turtlebot3_ws/install/turtlebot3_navigation2/share/turtlebot3_navigation2/param/humble/waffle_pi.yaml
[0.438s] -- Up-to-date: /home/rokey1/turtlebot3_ws/install/turtlebot3_navigation2/share/turtlebot3_navigation2/param/humble/burger.yaml
[0.438s] -- Up-to-date: /home/rokey1/turtlebot3_ws/install/turtlebot3_navigation2/share/turtlebot3_navigation2/param/burger.yaml
[0.438s] -- Up-to-date: /home/rokey1/turtlebot3_ws/install/turtlebot3_navigation2/share/turtlebot3_navigation2/rviz
[0.438s] -- Up-to-date: /home/rokey1/turtlebot3_ws/install/turtlebot3_navigation2/share/turtlebot3_navigation2/rviz/tb3_navigation2.rviz
[0.438s] -- Up-to-date: /home/rokey1/turtlebot3_ws/install/turtlebot3_navigation2/share/ament_index/resource_index/package_run_dependencies/turtlebot3_navigation2
[0.439s] -- Up-to-date: /home/rokey1/turtlebot3_ws/install/turtlebot3_navigation2/share/ament_index/resource_index/parent_prefix_path/turtlebot3_navigation2
[0.439s] -- Up-to-date: /home/rokey1/turtlebot3_ws/install/turtlebot3_navigation2/share/turtlebot3_navigation2/environment/ament_prefix_path.sh
[0.439s] -- Up-to-date: /home/rokey1/turtlebot3_ws/install/turtlebot3_navigation2/share/turtlebot3_navigation2/environment/ament_prefix_path.dsv
[0.439s] -- Up-to-date: /home/rokey1/turtlebot3_ws/install/turtlebot3_navigation2/share/turtlebot3_navigation2/environment/path.sh
[0.439s] -- Up-to-date: /home/rokey1/turtlebot3_ws/install/turtlebot3_navigation2/share/turtlebot3_navigation2/environment/path.dsv
[0.439s] -- Up-to-date: /home/rokey1/turtlebot3_ws/install/turtlebot3_navigation2/share/turtlebot3_navigation2/local_setup.bash
[0.439s] -- Up-to-date: /home/rokey1/turtlebot3_ws/install/turtlebot3_navigation2/share/turtlebot3_navigation2/local_setup.sh
[0.439s] -- Up-to-date: /home/rokey1/turtlebot3_ws/install/turtlebot3_navigation2/share/turtlebot3_navigation2/local_setup.zsh
[0.440s] -- Up-to-date: /home/rokey1/turtlebot3_ws/install/turtlebot3_navigation2/share/turtlebot3_navigation2/local_setup.dsv
[0.440s] -- Installing: /home/rokey1/turtlebot3_ws/install/turtlebot3_navigation2/share/turtlebot3_navigation2/package.dsv
[0.440s] -- Up-to-date: /home/rokey1/turtlebot3_ws/install/turtlebot3_navigation2/share/ament_index/resource_index/packages/turtlebot3_navigation2
[0.441s] -- Up-to-date: /home/rokey1/turtlebot3_ws/install/turtlebot3_navigation2/share/turtlebot3_navigation2/cmake/turtlebot3_navigation2Config.cmake
[0.441s] -- Up-to-date: /home/rokey1/turtlebot3_ws/install/turtlebot3_navigation2/share/turtlebot3_navigation2/cmake/turtlebot3_navigation2Config-version.cmake
[0.441s] -- Up-to-date: /home/rokey1/turtlebot3_ws/install/turtlebot3_navigation2/share/turtlebot3_navigation2/package.xml
[0.487s] Invoked command in '/home/rokey1/turtlebot3_ws/build/turtlebot3_navigation2' returned '0': CMAKE_PREFIX_PATH=${CMAKE_PREFIX_PATH}:/home/rokey1/turtlebot3_ws/install/turtlebot3_teleop:/home/rokey1/turtlebot3_ws/install/turtlebot3_example:/home/rokey1/turtlebot3_ws/install/turtlebot3_autorace_mission:/home/rokey1/turtlebot3_ws/install/turtlebot3_autorace_detect:/home/rokey1/turtlebot3_ws/install/turtlebot3_autorace_camera:/opt/ros/humble /usr/bin/cmake --install /home/rokey1/turtlebot3_ws/build/turtlebot3_navigation2
