[0.011s] Invoking command in '/home/rokey1/turtlebot3_ws/build/turtlebot3_bringup': AMENT_PREFIX_PATH=/home/rokey1/turtlebot3_ws/install/turtlebot3_node:/home/rokey1/turtlebot3_ws/install/turtlebot3_msgs:/home/rokey1/turtlebot3_ws/install/turtlebot3_description:/home/rokey1/turtlebot3_ws/install/dynamixel_sdk:${AMENT_PREFIX_PATH} CMAKE_PREFIX_PATH=/home/rokey1/turtlebot3_ws/install/turtlebot3_node:/home/rokey1/turtlebot3_ws/install/turtlebot3_msgs:/home/rokey1/turtlebot3_ws/install/turtlebot3_description:/home/rokey1/turtlebot3_ws/install/dynamixel_sdk:/home/rokey1/turtlebot3_ws/install/turtlebot3_autorace_mission:/home/rokey1/turtlebot3_ws/install/turtlebot3_autorace_detect:/home/rokey1/turtlebot3_ws/install/turtlebot3_autorace_camera:/opt/ros/humble LD_LIBRARY_PATH=/home/rokey1/turtlebot3_ws/install/turtlebot3_msgs/lib:/home/rokey1/turtlebot3_ws/install/dynamixel_sdk/lib:/usr/lib/x86_64-linux-gnu/gazebo-11/plugins:/opt/ros/humble/opt/rviz_ogre_vendor/lib:/opt/ros/humble/lib/x86_64-linux-gnu:/opt/ros/humble/lib:/usr/lib/x86_64-linux-gnu/gazebo-11/plugins PYTHONPATH=/home/rokey1/turtlebot3_ws/install/turtlebot3_msgs/local/lib/python3.10/dist-packages:/home/rokey1/turtlebot3_ws/install/dynamixel_sdk/local/lib/python3.10/dist-packages:${PYTHONPATH} /usr/bin/cmake /home/rokey1/turtlebot3_ws/src/turtlebot3/turtlebot3_bringup -DCMAKE_INSTALL_PREFIX=/home/rokey1/turtlebot3_ws/install/turtlebot3_bringup
[0.057s] -- The C compiler identification is GNU 11.4.0
[0.107s] -- The CXX compiler identification is GNU 11.4.0
[0.113s] -- Detecting C compiler ABI info
[0.173s] -- Detecting C compiler ABI info - done
[0.184s] -- Check for working C compiler: /usr/bin/cc - skipped
[0.185s] -- Detecting C compile features
[0.185s] -- Detecting C compile features - done
[0.188s] -- Detecting CXX compiler ABI info
[0.259s] -- Detecting CXX compiler ABI info - done
[0.270s] -- Check for working CXX compiler: /usr/bin/c++ - skipped
[0.270s] -- Detecting CXX compile features
[0.271s] -- Detecting CXX compile features - done
[0.274s] -- Found ament_cmake: 1.3.12 (/opt/ros/humble/share/ament_cmake/cmake)
[0.421s] -- Found Python3: /usr/bin/python3 (found version "3.10.12") found components: Interpreter 
[0.578s] -- Configuring done
[0.582s] -- Generating done
[0.584s] -- Build files have been written to: /home/rokey1/turtlebot3_ws/build/turtlebot3_bringup
[0.589s] Invoked command in '/home/rokey1/turtlebot3_ws/build/turtlebot3_bringup' returned '0': AMENT_PREFIX_PATH=/home/rokey1/turtlebot3_ws/install/turtlebot3_node:/home/rokey1/turtlebot3_ws/install/turtlebot3_msgs:/home/rokey1/turtlebot3_ws/install/turtlebot3_description:/home/rokey1/turtlebot3_ws/install/dynamixel_sdk:${AMENT_PREFIX_PATH} CMAKE_PREFIX_PATH=/home/rokey1/turtlebot3_ws/install/turtlebot3_node:/home/rokey1/turtlebot3_ws/install/turtlebot3_msgs:/home/rokey1/turtlebot3_ws/install/turtlebot3_description:/home/rokey1/turtlebot3_ws/install/dynamixel_sdk:/home/rokey1/turtlebot3_ws/install/turtlebot3_autorace_mission:/home/rokey1/turtlebot3_ws/install/turtlebot3_autorace_detect:/home/rokey1/turtlebot3_ws/install/turtlebot3_autorace_camera:/opt/ros/humble LD_LIBRARY_PATH=/home/rokey1/turtlebot3_ws/install/turtlebot3_msgs/lib:/home/rokey1/turtlebot3_ws/install/dynamixel_sdk/lib:/usr/lib/x86_64-linux-gnu/gazebo-11/plugins:/opt/ros/humble/opt/rviz_ogre_vendor/lib:/opt/ros/humble/lib/x86_64-linux-gnu:/opt/ros/humble/lib:/usr/lib/x86_64-linux-gnu/gazebo-11/plugins PYTHONPATH=/home/rokey1/turtlebot3_ws/install/turtlebot3_msgs/local/lib/python3.10/dist-packages:/home/rokey1/turtlebot3_ws/install/dynamixel_sdk/local/lib/python3.10/dist-packages:${PYTHONPATH} /usr/bin/cmake /home/rokey1/turtlebot3_ws/src/turtlebot3/turtlebot3_bringup -DCMAKE_INSTALL_PREFIX=/home/rokey1/turtlebot3_ws/install/turtlebot3_bringup
[0.591s] Invoking command in '/home/rokey1/turtlebot3_ws/build/turtlebot3_bringup': AMENT_PREFIX_PATH=/home/rokey1/turtlebot3_ws/install/turtlebot3_node:/home/rokey1/turtlebot3_ws/install/turtlebot3_msgs:/home/rokey1/turtlebot3_ws/install/turtlebot3_description:/home/rokey1/turtlebot3_ws/install/dynamixel_sdk:${AMENT_PREFIX_PATH} CMAKE_PREFIX_PATH=/home/rokey1/turtlebot3_ws/install/turtlebot3_node:/home/rokey1/turtlebot3_ws/install/turtlebot3_msgs:/home/rokey1/turtlebot3_ws/install/turtlebot3_description:/home/rokey1/turtlebot3_ws/install/dynamixel_sdk:/home/rokey1/turtlebot3_ws/install/turtlebot3_autorace_mission:/home/rokey1/turtlebot3_ws/install/turtlebot3_autorace_detect:/home/rokey1/turtlebot3_ws/install/turtlebot3_autorace_camera:/opt/ros/humble LD_LIBRARY_PATH=/home/rokey1/turtlebot3_ws/install/turtlebot3_msgs/lib:/home/rokey1/turtlebot3_ws/install/dynamixel_sdk/lib:/usr/lib/x86_64-linux-gnu/gazebo-11/plugins:/opt/ros/humble/opt/rviz_ogre_vendor/lib:/opt/ros/humble/lib/x86_64-linux-gnu:/opt/ros/humble/lib:/usr/lib/x86_64-linux-gnu/gazebo-11/plugins PYTHONPATH=/home/rokey1/turtlebot3_ws/install/turtlebot3_msgs/local/lib/python3.10/dist-packages:/home/rokey1/turtlebot3_ws/install/dynamixel_sdk/local/lib/python3.10/dist-packages:${PYTHONPATH} /usr/bin/cmake --build /home/rokey1/turtlebot3_ws/build/turtlebot3_bringup -- -j8 -l8
[0.621s] Invoked command in '/home/rokey1/turtlebot3_ws/build/turtlebot3_bringup' returned '0': AMENT_PREFIX_PATH=/home/rokey1/turtlebot3_ws/install/turtlebot3_node:/home/rokey1/turtlebot3_ws/install/turtlebot3_msgs:/home/rokey1/turtlebot3_ws/install/turtlebot3_description:/home/rokey1/turtlebot3_ws/install/dynamixel_sdk:${AMENT_PREFIX_PATH} CMAKE_PREFIX_PATH=/home/rokey1/turtlebot3_ws/install/turtlebot3_node:/home/rokey1/turtlebot3_ws/install/turtlebot3_msgs:/home/rokey1/turtlebot3_ws/install/turtlebot3_description:/home/rokey1/turtlebot3_ws/install/dynamixel_sdk:/home/rokey1/turtlebot3_ws/install/turtlebot3_autorace_mission:/home/rokey1/turtlebot3_ws/install/turtlebot3_autorace_detect:/home/rokey1/turtlebot3_ws/install/turtlebot3_autorace_camera:/opt/ros/humble LD_LIBRARY_PATH=/home/rokey1/turtlebot3_ws/install/turtlebot3_msgs/lib:/home/rokey1/turtlebot3_ws/install/dynamixel_sdk/lib:/usr/lib/x86_64-linux-gnu/gazebo-11/plugins:/opt/ros/humble/opt/rviz_ogre_vendor/lib:/opt/ros/humble/lib/x86_64-linux-gnu:/opt/ros/humble/lib:/usr/lib/x86_64-linux-gnu/gazebo-11/plugins PYTHONPATH=/home/rokey1/turtlebot3_ws/install/turtlebot3_msgs/local/lib/python3.10/dist-packages:/home/rokey1/turtlebot3_ws/install/dynamixel_sdk/local/lib/python3.10/dist-packages:${PYTHONPATH} /usr/bin/cmake --build /home/rokey1/turtlebot3_ws/build/turtlebot3_bringup -- -j8 -l8
[0.623s] Invoking command in '/home/rokey1/turtlebot3_ws/build/turtlebot3_bringup': AMENT_PREFIX_PATH=/home/rokey1/turtlebot3_ws/install/turtlebot3_node:/home/rokey1/turtlebot3_ws/install/turtlebot3_msgs:/home/rokey1/turtlebot3_ws/install/turtlebot3_description:/home/rokey1/turtlebot3_ws/install/dynamixel_sdk:${AMENT_PREFIX_PATH} CMAKE_PREFIX_PATH=/home/rokey1/turtlebot3_ws/install/turtlebot3_node:/home/rokey1/turtlebot3_ws/install/turtlebot3_msgs:/home/rokey1/turtlebot3_ws/install/turtlebot3_description:/home/rokey1/turtlebot3_ws/install/dynamixel_sdk:/home/rokey1/turtlebot3_ws/install/turtlebot3_autorace_mission:/home/rokey1/turtlebot3_ws/install/turtlebot3_autorace_detect:/home/rokey1/turtlebot3_ws/install/turtlebot3_autorace_camera:/opt/ros/humble LD_LIBRARY_PATH=/home/rokey1/turtlebot3_ws/install/turtlebot3_msgs/lib:/home/rokey1/turtlebot3_ws/install/dynamixel_sdk/lib:/usr/lib/x86_64-linux-gnu/gazebo-11/plugins:/opt/ros/humble/opt/rviz_ogre_vendor/lib:/opt/ros/humble/lib/x86_64-linux-gnu:/opt/ros/humble/lib:/usr/lib/x86_64-linux-gnu/gazebo-11/plugins PYTHONPATH=/home/rokey1/turtlebot3_ws/install/turtlebot3_msgs/local/lib/python3.10/dist-packages:/home/rokey1/turtlebot3_ws/install/dynamixel_sdk/local/lib/python3.10/dist-packages:${PYTHONPATH} /usr/bin/cmake --install /home/rokey1/turtlebot3_ws/build/turtlebot3_bringup
[0.629s] -- Install configuration: ""
[0.629s] -- Installing: /home/rokey1/turtlebot3_ws/install/turtlebot3_bringup/share/turtlebot3_bringup/launch
[0.629s] -- Installing: /home/rokey1/turtlebot3_ws/install/turtlebot3_bringup/share/turtlebot3_bringup/launch/rviz2.launch.py
[0.629s] -- Installing: /home/rokey1/turtlebot3_ws/install/turtlebot3_bringup/share/turtlebot3_bringup/launch/robot.launch.py
[0.630s] -- Installing: /home/rokey1/turtlebot3_ws/install/turtlebot3_bringup/share/turtlebot3_bringup/launch/turtlebot3_state_publisher.launch.py
[0.630s] -- Installing: /home/rokey1/turtlebot3_ws/install/turtlebot3_bringup/share/turtlebot3_bringup/launch/camera.launch.py
[0.630s] -- Installing: /home/rokey1/turtlebot3_ws/install/turtlebot3_bringup/share/turtlebot3_bringup/param
[0.630s] -- Installing: /home/rokey1/turtlebot3_ws/install/turtlebot3_bringup/share/turtlebot3_bringup/param/waffle.yaml
[0.630s] -- Installing: /home/rokey1/turtlebot3_ws/install/turtlebot3_bringup/share/turtlebot3_bringup/param/waffle_pi.yaml
[0.630s] -- Installing: /home/rokey1/turtlebot3_ws/install/turtlebot3_bringup/share/turtlebot3_bringup/param/humble
[0.630s] -- Installing: /home/rokey1/turtlebot3_ws/install/turtlebot3_bringup/share/turtlebot3_bringup/param/humble/waffle.yaml
[0.630s] -- Installing: /home/rokey1/turtlebot3_ws/install/turtlebot3_bringup/share/turtlebot3_bringup/param/humble/waffle_pi.yaml
[0.630s] -- Installing: /home/rokey1/turtlebot3_ws/install/turtlebot3_bringup/share/turtlebot3_bringup/param/humble/burger.yaml
[0.631s] -- Installing: /home/rokey1/turtlebot3_ws/install/turtlebot3_bringup/share/turtlebot3_bringup/param/burger.yaml
[0.631s] -- Installing: /home/rokey1/turtlebot3_ws/install/turtlebot3_bringup/share/turtlebot3_bringup/script
[0.631s] -- Installing: /home/rokey1/turtlebot3_ws/install/turtlebot3_bringup/share/turtlebot3_bringup/script/create_udev_rules
[0.631s] -- Installing: /home/rokey1/turtlebot3_ws/install/turtlebot3_bringup/share/turtlebot3_bringup/script/99-turtlebot3-cdc.rules
[0.631s] -- Installing: /home/rokey1/turtlebot3_ws/install/turtlebot3_bringup/share/ament_index/resource_index/package_run_dependencies/turtlebot3_bringup
[0.631s] -- Installing: /home/rokey1/turtlebot3_ws/install/turtlebot3_bringup/share/ament_index/resource_index/parent_prefix_path/turtlebot3_bringup
[0.631s] -- Installing: /home/rokey1/turtlebot3_ws/install/turtlebot3_bringup/share/turtlebot3_bringup/environment/ament_prefix_path.sh
[0.631s] -- Installing: /home/rokey1/turtlebot3_ws/install/turtlebot3_bringup/share/turtlebot3_bringup/environment/ament_prefix_path.dsv
[0.631s] -- Installing: /home/rokey1/turtlebot3_ws/install/turtlebot3_bringup/share/turtlebot3_bringup/environment/path.sh
[0.631s] -- Installing: /home/rokey1/turtlebot3_ws/install/turtlebot3_bringup/share/turtlebot3_bringup/environment/path.dsv
[0.632s] -- Installing: /home/rokey1/turtlebot3_ws/install/turtlebot3_bringup/share/turtlebot3_bringup/local_setup.bash
[0.632s] -- Installing: /home/rokey1/turtlebot3_ws/install/turtlebot3_bringup/share/turtlebot3_bringup/local_setup.sh
[0.632s] -- Installing: /home/rokey1/turtlebot3_ws/install/turtlebot3_bringup/share/turtlebot3_bringup/local_setup.zsh
[0.632s] -- Installing: /home/rokey1/turtlebot3_ws/install/turtlebot3_bringup/share/turtlebot3_bringup/local_setup.dsv
[0.632s] -- Installing: /home/rokey1/turtlebot3_ws/install/turtlebot3_bringup/share/turtlebot3_bringup/package.dsv
[0.632s] -- Installing: /home/rokey1/turtlebot3_ws/install/turtlebot3_bringup/share/ament_index/resource_index/packages/turtlebot3_bringup
[0.632s] -- Installing: /home/rokey1/turtlebot3_ws/install/turtlebot3_bringup/share/turtlebot3_bringup/cmake/turtlebot3_bringupConfig.cmake
[0.632s] -- Installing: /home/rokey1/turtlebot3_ws/install/turtlebot3_bringup/share/turtlebot3_bringup/cmake/turtlebot3_bringupConfig-version.cmake
[0.632s] -- Installing: /home/rokey1/turtlebot3_ws/install/turtlebot3_bringup/share/turtlebot3_bringup/package.xml
[0.635s] Invoked command in '/home/rokey1/turtlebot3_ws/build/turtlebot3_bringup' returned '0': AMENT_PREFIX_PATH=/home/rokey1/turtlebot3_ws/install/turtlebot3_node:/home/rokey1/turtlebot3_ws/install/turtlebot3_msgs:/home/rokey1/turtlebot3_ws/install/turtlebot3_description:/home/rokey1/turtlebot3_ws/install/dynamixel_sdk:${AMENT_PREFIX_PATH} CMAKE_PREFIX_PATH=/home/rokey1/turtlebot3_ws/install/turtlebot3_node:/home/rokey1/turtlebot3_ws/install/turtlebot3_msgs:/home/rokey1/turtlebot3_ws/install/turtlebot3_description:/home/rokey1/turtlebot3_ws/install/dynamixel_sdk:/home/rokey1/turtlebot3_ws/install/turtlebot3_autorace_mission:/home/rokey1/turtlebot3_ws/install/turtlebot3_autorace_detect:/home/rokey1/turtlebot3_ws/install/turtlebot3_autorace_camera:/opt/ros/humble LD_LIBRARY_PATH=/home/rokey1/turtlebot3_ws/install/turtlebot3_msgs/lib:/home/rokey1/turtlebot3_ws/install/dynamixel_sdk/lib:/usr/lib/x86_64-linux-gnu/gazebo-11/plugins:/opt/ros/humble/opt/rviz_ogre_vendor/lib:/opt/ros/humble/lib/x86_64-linux-gnu:/opt/ros/humble/lib:/usr/lib/x86_64-linux-gnu/gazebo-11/plugins PYTHONPATH=/home/rokey1/turtlebot3_ws/install/turtlebot3_msgs/local/lib/python3.10/dist-packages:/home/rokey1/turtlebot3_ws/install/dynamixel_sdk/local/lib/python3.10/dist-packages:${PYTHONPATH} /usr/bin/cmake --install /home/rokey1/turtlebot3_ws/build/turtlebot3_bringup
