[0.574s] Invoking command in '/home/rokey1/turtlebot3_ws/build/turtlebot3_fake_node': CMAKE_PREFIX_PATH=/home/rokey1/turtlebot3_ws/install/turtlebot3_msgs:/home/rokey1/turtlebot3_ws/install/turtlebot3:/home/rokey1/turtlebot3_ws/install/turtlebot3_simulations:/home/rokey1/turtlebot3_ws/install/turtlebot3_bringup:/home/rokey1/turtlebot3_ws/install/turtlebot3_node:/home/rokey1/turtlebot3_ws/install/turtlebot3_navigation2:/home/rokey1/turtlebot3_ws/install/turtlebot3_fake_node:/home/rokey1/turtlebot3_ws/install/turtlebot3_manipulation_gazebo:/home/rokey1/turtlebot3_ws/install/turtlebot3_gazebo:/home/rokey1/turtlebot3_ws/install/turtlebot3_description:/home/rokey1/turtlebot3_ws/install/turtlebot3_cartographer:/home/rokey1/turtlebot3_ws/install/turtlebot3_autorace:/home/rokey1/turtlebot3_ws/install/dynamixel_sdk_examples:/home/rokey1/turtlebot3_ws/install/dynamixel_sdk_custom_interfaces:/home/rokey1/turtlebot3_ws/install/dynamixel_sdk:/home/rokey1/turtlebot3_ws/install/turtlebot3_teleop:/home/rokey1/turtlebot3_ws/install/turtlebot3_example:/home/rokey1/turtlebot3_ws/install/turtlebot3_autorace_mission:/home/rokey1/turtlebot3_ws/install/turtlebot3_autorace_detect:/home/rokey1/turtlebot3_ws/install/turtlebot3_autorace_camera:/opt/ros/humble LD_LIBRARY_PATH=/home/rokey1/turtlebot3_ws/install/turtlebot3_msgs/lib:/home/rokey1/turtlebot3_ws/install/dynamixel_sdk_custom_interfaces/lib:/home/rokey1/turtlebot3_ws/install/dynamixel_sdk/lib:/usr/lib/x86_64-linux-gnu/gazebo-11/plugins:/opt/ros/humble/opt/rviz_ogre_vendor/lib:/opt/ros/humble/lib/x86_64-linux-gnu:/opt/ros/humble/lib:/usr/lib/x86_64-linux-gnu/gazebo-11/plugins /usr/bin/cmake /home/rokey1/turtlebot3_ws/src/turtlebot3_simulations/turtlebot3_fake_node -DCMAKE_INSTALL_PREFIX=/home/rokey1/turtlebot3_ws/install/turtlebot3_fake_node
[0.727s] -- The C compiler identification is GNU 11.4.0
[0.904s] -- The CXX compiler identification is GNU 11.4.0
[0.930s] -- Detecting C compiler ABI info
[1.135s] -- Detecting C compiler ABI info - done
[1.167s] -- Check for working C compiler: /usr/bin/cc - skipped
[1.167s] -- Detecting C compile features
[1.168s] -- Detecting C compile features - done
[1.180s] -- Detecting CXX compiler ABI info
[1.433s] -- Detecting CXX compiler ABI info - done
[1.465s] -- Check for working CXX compiler: /usr/bin/c++ - skipped
[1.465s] -- Detecting CXX compile features
[1.466s] -- Detecting CXX compile features - done
[1.481s] -- Found ament_cmake: 1.3.12 (/opt/ros/humble/share/ament_cmake/cmake)
[1.921s] -- Found Python3: /usr/bin/python3 (found version "3.10.12") found components: Interpreter 
[2.124s] -- Found geometry_msgs: 4.9.0 (/opt/ros/humble/share/geometry_msgs/cmake)
[2.268s] -- Found rosidl_generator_c: 3.1.7 (/opt/ros/humble/share/rosidl_generator_c/cmake)
[2.279s] -- Found rosidl_adapter: 3.1.7 (/opt/ros/humble/share/rosidl_adapter/cmake)
[2.297s] -- Found rosidl_generator_cpp: 3.1.7 (/opt/ros/humble/share/rosidl_generator_cpp/cmake)
[2.321s] -- Using all available rosidl_typesupport_c: rosidl_typesupport_fastrtps_c;rosidl_typesupport_introspection_c
[2.354s] -- Using all available rosidl_typesupport_cpp: rosidl_typesupport_fastrtps_cpp;rosidl_typesupport_introspection_cpp
[2.478s] -- Found nav_msgs: 4.9.0 (/opt/ros/humble/share/nav_msgs/cmake)
[2.512s] -- Found rclcpp: 16.0.14 (/opt/ros/humble/share/rclcpp/cmake)
[2.590s] -- Found rmw_implementation_cmake: 6.1.2 (/opt/ros/humble/share/rmw_implementation_cmake/cmake)
[2.597s] -- Found rmw_fastrtps_cpp: 6.2.8 (/opt/ros/humble/share/rmw_fastrtps_cpp/cmake)
[2.784s] -- Found OpenSSL: /usr/lib/x86_64-linux-gnu/libcrypto.so (found version "3.0.2")  
[2.850s] -- Found FastRTPS: /opt/ros/humble/include  
[2.920s] -- Using RMW implementation 'rmw_fastrtps_cpp' as default
[2.939s] -- Looking for pthread.h
[3.092s] -- Looking for pthread.h - found
[3.092s] -- Performing Test CMAKE_HAVE_LIBC_PTHREAD
[3.385s] -- Performing Test CMAKE_HAVE_LIBC_PTHREAD - Success
[3.390s] -- Found Threads: TRUE  
[3.546s] -- Found sensor_msgs: 4.9.0 (/opt/ros/humble/share/sensor_msgs/cmake)
[3.622s] -- Found tf2: 0.25.16 (/opt/ros/humble/share/tf2/cmake)
[3.660s] -- Found tf2_msgs: 0.25.16 (/opt/ros/humble/share/tf2_msgs/cmake)
[3.834s] -- Found turtlebot3_msgs: 2.4.0 (/home/rokey1/turtlebot3_ws/install/turtlebot3_msgs/share/turtlebot3_msgs/cmake)
[4.157s] -- Configuring done
[4.195s] -- Generating done
[4.221s] -- Build files have been written to: /home/rokey1/turtlebot3_ws/build/turtlebot3_fake_node
[4.239s] Invoked command in '/home/rokey1/turtlebot3_ws/build/turtlebot3_fake_node' returned '0': CMAKE_PREFIX_PATH=/home/rokey1/turtlebot3_ws/install/turtlebot3_msgs:/home/rokey1/turtlebot3_ws/install/turtlebot3:/home/rokey1/turtlebot3_ws/install/turtlebot3_simulations:/home/rokey1/turtlebot3_ws/install/turtlebot3_bringup:/home/rokey1/turtlebot3_ws/install/turtlebot3_node:/home/rokey1/turtlebot3_ws/install/turtlebot3_navigation2:/home/rokey1/turtlebot3_ws/install/turtlebot3_fake_node:/home/rokey1/turtlebot3_ws/install/turtlebot3_manipulation_gazebo:/home/rokey1/turtlebot3_ws/install/turtlebot3_gazebo:/home/rokey1/turtlebot3_ws/install/turtlebot3_description:/home/rokey1/turtlebot3_ws/install/turtlebot3_cartographer:/home/rokey1/turtlebot3_ws/install/turtlebot3_autorace:/home/rokey1/turtlebot3_ws/install/dynamixel_sdk_examples:/home/rokey1/turtlebot3_ws/install/dynamixel_sdk_custom_interfaces:/home/rokey1/turtlebot3_ws/install/dynamixel_sdk:/home/rokey1/turtlebot3_ws/install/turtlebot3_teleop:/home/rokey1/turtlebot3_ws/install/turtlebot3_example:/home/rokey1/turtlebot3_ws/install/turtlebot3_autorace_mission:/home/rokey1/turtlebot3_ws/install/turtlebot3_autorace_detect:/home/rokey1/turtlebot3_ws/install/turtlebot3_autorace_camera:/opt/ros/humble LD_LIBRARY_PATH=/home/rokey1/turtlebot3_ws/install/turtlebot3_msgs/lib:/home/rokey1/turtlebot3_ws/install/dynamixel_sdk_custom_interfaces/lib:/home/rokey1/turtlebot3_ws/install/dynamixel_sdk/lib:/usr/lib/x86_64-linux-gnu/gazebo-11/plugins:/opt/ros/humble/opt/rviz_ogre_vendor/lib:/opt/ros/humble/lib/x86_64-linux-gnu:/opt/ros/humble/lib:/usr/lib/x86_64-linux-gnu/gazebo-11/plugins /usr/bin/cmake /home/rokey1/turtlebot3_ws/src/turtlebot3_simulations/turtlebot3_fake_node -DCMAKE_INSTALL_PREFIX=/home/rokey1/turtlebot3_ws/install/turtlebot3_fake_node
[4.246s] Invoking command in '/home/rokey1/turtlebot3_ws/build/turtlebot3_fake_node': CMAKE_PREFIX_PATH=/home/rokey1/turtlebot3_ws/install/turtlebot3_msgs:/home/rokey1/turtlebot3_ws/install/turtlebot3:/home/rokey1/turtlebot3_ws/install/turtlebot3_simulations:/home/rokey1/turtlebot3_ws/install/turtlebot3_bringup:/home/rokey1/turtlebot3_ws/install/turtlebot3_node:/home/rokey1/turtlebot3_ws/install/turtlebot3_navigation2:/home/rokey1/turtlebot3_ws/install/turtlebot3_fake_node:/home/rokey1/turtlebot3_ws/install/turtlebot3_manipulation_gazebo:/home/rokey1/turtlebot3_ws/install/turtlebot3_gazebo:/home/rokey1/turtlebot3_ws/install/turtlebot3_description:/home/rokey1/turtlebot3_ws/install/turtlebot3_cartographer:/home/rokey1/turtlebot3_ws/install/turtlebot3_autorace:/home/rokey1/turtlebot3_ws/install/dynamixel_sdk_examples:/home/rokey1/turtlebot3_ws/install/dynamixel_sdk_custom_interfaces:/home/rokey1/turtlebot3_ws/install/dynamixel_sdk:/home/rokey1/turtlebot3_ws/install/turtlebot3_teleop:/home/rokey1/turtlebot3_ws/install/turtlebot3_example:/home/rokey1/turtlebot3_ws/install/turtlebot3_autorace_mission:/home/rokey1/turtlebot3_ws/install/turtlebot3_autorace_detect:/home/rokey1/turtlebot3_ws/install/turtlebot3_autorace_camera:/opt/ros/humble LD_LIBRARY_PATH=/home/rokey1/turtlebot3_ws/install/turtlebot3_msgs/lib:/home/rokey1/turtlebot3_ws/install/dynamixel_sdk_custom_interfaces/lib:/home/rokey1/turtlebot3_ws/install/dynamixel_sdk/lib:/usr/lib/x86_64-linux-gnu/gazebo-11/plugins:/opt/ros/humble/opt/rviz_ogre_vendor/lib:/opt/ros/humble/lib/x86_64-linux-gnu:/opt/ros/humble/lib:/usr/lib/x86_64-linux-gnu/gazebo-11/plugins /usr/bin/cmake --build /home/rokey1/turtlebot3_ws/build/turtlebot3_fake_node -- -j8 -l8
[4.388s] [ 50%] [32mBuilding CXX object CMakeFiles/turtlebot3_fake_node.dir/src/turtlebot3_fake_node.cpp.o[0m
[26.232s] [100%] [32m[1mLinking CXX executable turtlebot3_fake_node[0m
[26.718s] [100%] Built target turtlebot3_fake_node
[26.728s] Invoked command in '/home/rokey1/turtlebot3_ws/build/turtlebot3_fake_node' returned '0': CMAKE_PREFIX_PATH=/home/rokey1/turtlebot3_ws/install/turtlebot3_msgs:/home/rokey1/turtlebot3_ws/install/turtlebot3:/home/rokey1/turtlebot3_ws/install/turtlebot3_simulations:/home/rokey1/turtlebot3_ws/install/turtlebot3_bringup:/home/rokey1/turtlebot3_ws/install/turtlebot3_node:/home/rokey1/turtlebot3_ws/install/turtlebot3_navigation2:/home/rokey1/turtlebot3_ws/install/turtlebot3_fake_node:/home/rokey1/turtlebot3_ws/install/turtlebot3_manipulation_gazebo:/home/rokey1/turtlebot3_ws/install/turtlebot3_gazebo:/home/rokey1/turtlebot3_ws/install/turtlebot3_description:/home/rokey1/turtlebot3_ws/install/turtlebot3_cartographer:/home/rokey1/turtlebot3_ws/install/turtlebot3_autorace:/home/rokey1/turtlebot3_ws/install/dynamixel_sdk_examples:/home/rokey1/turtlebot3_ws/install/dynamixel_sdk_custom_interfaces:/home/rokey1/turtlebot3_ws/install/dynamixel_sdk:/home/rokey1/turtlebot3_ws/install/turtlebot3_teleop:/home/rokey1/turtlebot3_ws/install/turtlebot3_example:/home/rokey1/turtlebot3_ws/install/turtlebot3_autorace_mission:/home/rokey1/turtlebot3_ws/install/turtlebot3_autorace_detect:/home/rokey1/turtlebot3_ws/install/turtlebot3_autorace_camera:/opt/ros/humble LD_LIBRARY_PATH=/home/rokey1/turtlebot3_ws/install/turtlebot3_msgs/lib:/home/rokey1/turtlebot3_ws/install/dynamixel_sdk_custom_interfaces/lib:/home/rokey1/turtlebot3_ws/install/dynamixel_sdk/lib:/usr/lib/x86_64-linux-gnu/gazebo-11/plugins:/opt/ros/humble/opt/rviz_ogre_vendor/lib:/opt/ros/humble/lib/x86_64-linux-gnu:/opt/ros/humble/lib:/usr/lib/x86_64-linux-gnu/gazebo-11/plugins /usr/bin/cmake --build /home/rokey1/turtlebot3_ws/build/turtlebot3_fake_node -- -j8 -l8
[26.730s] Invoking command in '/home/rokey1/turtlebot3_ws/build/turtlebot3_fake_node': CMAKE_PREFIX_PATH=/home/rokey1/turtlebot3_ws/install/turtlebot3_msgs:/home/rokey1/turtlebot3_ws/install/turtlebot3:/home/rokey1/turtlebot3_ws/install/turtlebot3_simulations:/home/rokey1/turtlebot3_ws/install/turtlebot3_bringup:/home/rokey1/turtlebot3_ws/install/turtlebot3_node:/home/rokey1/turtlebot3_ws/install/turtlebot3_navigation2:/home/rokey1/turtlebot3_ws/install/turtlebot3_fake_node:/home/rokey1/turtlebot3_ws/install/turtlebot3_manipulation_gazebo:/home/rokey1/turtlebot3_ws/install/turtlebot3_gazebo:/home/rokey1/turtlebot3_ws/install/turtlebot3_description:/home/rokey1/turtlebot3_ws/install/turtlebot3_cartographer:/home/rokey1/turtlebot3_ws/install/turtlebot3_autorace:/home/rokey1/turtlebot3_ws/install/dynamixel_sdk_examples:/home/rokey1/turtlebot3_ws/install/dynamixel_sdk_custom_interfaces:/home/rokey1/turtlebot3_ws/install/dynamixel_sdk:/home/rokey1/turtlebot3_ws/install/turtlebot3_teleop:/home/rokey1/turtlebot3_ws/install/turtlebot3_example:/home/rokey1/turtlebot3_ws/install/turtlebot3_autorace_mission:/home/rokey1/turtlebot3_ws/install/turtlebot3_autorace_detect:/home/rokey1/turtlebot3_ws/install/turtlebot3_autorace_camera:/opt/ros/humble LD_LIBRARY_PATH=/home/rokey1/turtlebot3_ws/install/turtlebot3_msgs/lib:/home/rokey1/turtlebot3_ws/install/dynamixel_sdk_custom_interfaces/lib:/home/rokey1/turtlebot3_ws/install/dynamixel_sdk/lib:/usr/lib/x86_64-linux-gnu/gazebo-11/plugins:/opt/ros/humble/opt/rviz_ogre_vendor/lib:/opt/ros/humble/lib/x86_64-linux-gnu:/opt/ros/humble/lib:/usr/lib/x86_64-linux-gnu/gazebo-11/plugins /usr/bin/cmake --install /home/rokey1/turtlebot3_ws/build/turtlebot3_fake_node
[26.736s] -- Install configuration: ""
[26.737s] -- Installing: /home/rokey1/turtlebot3_ws/install/turtlebot3_fake_node/lib/turtlebot3_fake_node/turtlebot3_fake_node
[26.740s] -- Set runtime path of "/home/rokey1/turtlebot3_ws/install/turtlebot3_fake_node/lib/turtlebot3_fake_node/turtlebot3_fake_node" to ""
[26.740s] -- Installing: /home/rokey1/turtlebot3_ws/install/turtlebot3_fake_node/share/turtlebot3_fake_node/launch
[26.740s] -- Installing: /home/rokey1/turtlebot3_ws/install/turtlebot3_fake_node/share/turtlebot3_fake_node/launch/rviz2.launch.py
[26.740s] -- Installing: /home/rokey1/turtlebot3_ws/install/turtlebot3_fake_node/share/turtlebot3_fake_node/launch/turtlebot3_fake_node.launch.py
[26.740s] -- Installing: /home/rokey1/turtlebot3_ws/install/turtlebot3_fake_node/share/turtlebot3_fake_node/param
[26.740s] -- Installing: /home/rokey1/turtlebot3_ws/install/turtlebot3_fake_node/share/turtlebot3_fake_node/param/waffle.yaml
[26.740s] -- Installing: /home/rokey1/turtlebot3_ws/install/turtlebot3_fake_node/share/turtlebot3_fake_node/param/waffle_pi.yaml
[26.740s] -- Installing: /home/rokey1/turtlebot3_ws/install/turtlebot3_fake_node/share/turtlebot3_fake_node/param/burger.yaml
[26.741s] -- Installing: /home/rokey1/turtlebot3_ws/install/turtlebot3_fake_node/include/
[26.741s] -- Installing: /home/rokey1/turtlebot3_ws/install/turtlebot3_fake_node/include//turtlebot3_fake_node
[26.741s] -- Installing: /home/rokey1/turtlebot3_ws/install/turtlebot3_fake_node/include//turtlebot3_fake_node/turtlebot3_fake_node.hpp
[26.741s] -- Installing: /home/rokey1/turtlebot3_ws/install/turtlebot3_fake_node/share/ament_index/resource_index/package_run_dependencies/turtlebot3_fake_node
[26.741s] -- Installing: /home/rokey1/turtlebot3_ws/install/turtlebot3_fake_node/share/ament_index/resource_index/parent_prefix_path/turtlebot3_fake_node
[26.741s] -- Installing: /home/rokey1/turtlebot3_ws/install/turtlebot3_fake_node/share/turtlebot3_fake_node/environment/ament_prefix_path.sh
[26.741s] -- Installing: /home/rokey1/turtlebot3_ws/install/turtlebot3_fake_node/share/turtlebot3_fake_node/environment/ament_prefix_path.dsv
[26.742s] -- Installing: /home/rokey1/turtlebot3_ws/install/turtlebot3_fake_node/share/turtlebot3_fake_node/environment/path.sh
[26.742s] -- Installing: /home/rokey1/turtlebot3_ws/install/turtlebot3_fake_node/share/turtlebot3_fake_node/environment/path.dsv
[26.742s] -- Installing: /home/rokey1/turtlebot3_ws/install/turtlebot3_fake_node/share/turtlebot3_fake_node/local_setup.bash
[26.742s] -- Installing: /home/rokey1/turtlebot3_ws/install/turtlebot3_fake_node/share/turtlebot3_fake_node/local_setup.sh
[26.742s] -- Installing: /home/rokey1/turtlebot3_ws/install/turtlebot3_fake_node/share/turtlebot3_fake_node/local_setup.zsh
[26.742s] -- Installing: /home/rokey1/turtlebot3_ws/install/turtlebot3_fake_node/share/turtlebot3_fake_node/local_setup.dsv
[26.743s] -- Installing: /home/rokey1/turtlebot3_ws/install/turtlebot3_fake_node/share/turtlebot3_fake_node/package.dsv
[26.743s] -- Installing: /home/rokey1/turtlebot3_ws/install/turtlebot3_fake_node/share/ament_index/resource_index/packages/turtlebot3_fake_node
[26.743s] -- Installing: /home/rokey1/turtlebot3_ws/install/turtlebot3_fake_node/share/turtlebot3_fake_node/cmake/ament_cmake_export_include_directories-extras.cmake
[26.743s] -- Installing: /home/rokey1/turtlebot3_ws/install/turtlebot3_fake_node/share/turtlebot3_fake_node/cmake/ament_cmake_export_dependencies-extras.cmake
[26.743s] -- Installing: /home/rokey1/turtlebot3_ws/install/turtlebot3_fake_node/share/turtlebot3_fake_node/cmake/turtlebot3_fake_nodeConfig.cmake
[26.743s] -- Installing: /home/rokey1/turtlebot3_ws/install/turtlebot3_fake_node/share/turtlebot3_fake_node/cmake/turtlebot3_fake_nodeConfig-version.cmake
[26.744s] -- Installing: /home/rokey1/turtlebot3_ws/install/turtlebot3_fake_node/share/turtlebot3_fake_node/package.xml
[26.746s] Invoked command in '/home/rokey1/turtlebot3_ws/build/turtlebot3_fake_node' returned '0': CMAKE_PREFIX_PATH=/home/rokey1/turtlebot3_ws/install/turtlebot3_msgs:/home/rokey1/turtlebot3_ws/install/turtlebot3:/home/rokey1/turtlebot3_ws/install/turtlebot3_simulations:/home/rokey1/turtlebot3_ws/install/turtlebot3_bringup:/home/rokey1/turtlebot3_ws/install/turtlebot3_node:/home/rokey1/turtlebot3_ws/install/turtlebot3_navigation2:/home/rokey1/turtlebot3_ws/install/turtlebot3_fake_node:/home/rokey1/turtlebot3_ws/install/turtlebot3_manipulation_gazebo:/home/rokey1/turtlebot3_ws/install/turtlebot3_gazebo:/home/rokey1/turtlebot3_ws/install/turtlebot3_description:/home/rokey1/turtlebot3_ws/install/turtlebot3_cartographer:/home/rokey1/turtlebot3_ws/install/turtlebot3_autorace:/home/rokey1/turtlebot3_ws/install/dynamixel_sdk_examples:/home/rokey1/turtlebot3_ws/install/dynamixel_sdk_custom_interfaces:/home/rokey1/turtlebot3_ws/install/dynamixel_sdk:/home/rokey1/turtlebot3_ws/install/turtlebot3_teleop:/home/rokey1/turtlebot3_ws/install/turtlebot3_example:/home/rokey1/turtlebot3_ws/install/turtlebot3_autorace_mission:/home/rokey1/turtlebot3_ws/install/turtlebot3_autorace_detect:/home/rokey1/turtlebot3_ws/install/turtlebot3_autorace_camera:/opt/ros/humble LD_LIBRARY_PATH=/home/rokey1/turtlebot3_ws/install/turtlebot3_msgs/lib:/home/rokey1/turtlebot3_ws/install/dynamixel_sdk_custom_interfaces/lib:/home/rokey1/turtlebot3_ws/install/dynamixel_sdk/lib:/usr/lib/x86_64-linux-gnu/gazebo-11/plugins:/opt/ros/humble/opt/rviz_ogre_vendor/lib:/opt/ros/humble/lib/x86_64-linux-gnu:/opt/ros/humble/lib:/usr/lib/x86_64-linux-gnu/gazebo-11/plugins /usr/bin/cmake --install /home/rokey1/turtlebot3_ws/build/turtlebot3_fake_node
