running egg_info
writing ../../../build/turtlebot3_autorace_mission/turtlebot3_autorace_mission.egg-info/PKG-INFO
writing dependency_links to ../../../build/turtlebot3_autorace_mission/turtlebot3_autorace_mission.egg-info/dependency_links.txt
writing entry points to ../../../build/turtlebot3_autorace_mission/turtlebot3_autorace_mission.egg-info/entry_points.txt
writing requirements to ../../../build/turtlebot3_autorace_mission/turtlebot3_autorace_mission.egg-info/requires.txt
writing top-level names to ../../../build/turtlebot3_autorace_mission/turtlebot3_autorace_mission.egg-info/top_level.txt
reading manifest file '../../../build/turtlebot3_autorace_mission/turtlebot3_autorace_mission.egg-info/SOURCES.txt'
writing manifest file '../../../build/turtlebot3_autorace_mission/turtlebot3_autorace_mission.egg-info/SOURCES.txt'
running build
running build_py
copying turtlebot3_autorace_mission/navigation_trigger.py -> /home/rokey1/turtlebot3_ws/build/turtlebot3_autorace_mission/build/lib/turtlebot3_autorace_mission
copying turtlebot3_autorace_mission/navigate_to_door.py -> /home/rokey1/turtlebot3_ws/build/turtlebot3_autorace_mission/build/lib/turtlebot3_autorace_mission
copying turtlebot3_autorace_mission/set_initial_pose.py -> /home/rokey1/turtlebot3_ws/build/turtlebot3_autorace_mission/build/lib/turtlebot3_autorace_mission
running install
running install_lib
copying /home/rokey1/turtlebot3_ws/build/turtlebot3_autorace_mission/build/lib/turtlebot3_autorace_mission/navigation_trigger.py -> /home/rokey1/turtlebot3_ws/install/turtlebot3_autorace_mission/lib/python3.10/site-packages/turtlebot3_autorace_mission
copying /home/rokey1/turtlebot3_ws/build/turtlebot3_autorace_mission/build/lib/turtlebot3_autorace_mission/navigate_to_door.py -> /home/rokey1/turtlebot3_ws/install/turtlebot3_autorace_mission/lib/python3.10/site-packages/turtlebot3_autorace_mission
copying /home/rokey1/turtlebot3_ws/build/turtlebot3_autorace_mission/build/lib/turtlebot3_autorace_mission/set_initial_pose.py -> /home/rokey1/turtlebot3_ws/install/turtlebot3_autorace_mission/lib/python3.10/site-packages/turtlebot3_autorace_mission
byte-compiling /home/rokey1/turtlebot3_ws/install/turtlebot3_autorace_mission/lib/python3.10/site-packages/turtlebot3_autorace_mission/navigation_trigger.py to navigation_trigger.cpython-310.pyc
byte-compiling /home/rokey1/turtlebot3_ws/install/turtlebot3_autorace_mission/lib/python3.10/site-packages/turtlebot3_autorace_mission/navigate_to_door.py to navigate_to_door.cpython-310.pyc
byte-compiling /home/rokey1/turtlebot3_ws/install/turtlebot3_autorace_mission/lib/python3.10/site-packages/turtlebot3_autorace_mission/set_initial_pose.py to set_initial_pose.cpython-310.pyc
running install_data
copying launch/mission_construction.launch.py -> /home/rokey1/turtlebot3_ws/install/turtlebot3_autorace_mission/share/turtlebot3_autorace_mission/launch
running install_egg_info
removing '/home/rokey1/turtlebot3_ws/install/turtlebot3_autorace_mission/lib/python3.10/site-packages/turtlebot3_autorace_mission-1.2.2-py3.10.egg-info' (and everything under it)
Copying ../../../build/turtlebot3_autorace_mission/turtlebot3_autorace_mission.egg-info to /home/rokey1/turtlebot3_ws/install/turtlebot3_autorace_mission/lib/python3.10/site-packages/turtlebot3_autorace_mission-1.2.2-py3.10.egg-info
running install_scripts
Installing avoid_construction script to /home/rokey1/turtlebot3_ws/install/turtlebot3_autorace_mission/lib/turtlebot3_autorace_mission
Installing control_lane script to /home/rokey1/turtlebot3_ws/install/turtlebot3_autorace_mission/lib/turtlebot3_autorace_mission
Installing mission_tunnel script to /home/rokey1/turtlebot3_ws/install/turtlebot3_autorace_mission/lib/turtlebot3_autorace_mission
writing list of installed files to '/home/rokey1/turtlebot3_ws/build/turtlebot3_autorace_mission/install.log'
