[0.543s] Invoking command in '/home/rokey1/turtlebot3_ws/build/turtlebot3_fake_node': CMAKE_PREFIX_PATH=/home/rokey1/turtlebot3_ws/install/turtlebot3_msgs:/home/rokey1/turtlebot3_ws/install/turtlebot3:/home/rokey1/turtlebot3_ws/install/turtlebot3_simulations:/home/rokey1/turtlebot3_ws/install/turtlebot3_bringup:/home/rokey1/turtlebot3_ws/install/turtlebot3_node:/home/rokey1/turtlebot3_ws/install/turtlebot3_navigation2:/home/rokey1/turtlebot3_ws/install/turtlebot3_fake_node:/home/rokey1/turtlebot3_ws/install/turtlebot3_manipulation_gazebo:/home/rokey1/turtlebot3_ws/install/turtlebot3_gazebo:/home/rokey1/turtlebot3_ws/install/turtlebot3_description:/home/rokey1/turtlebot3_ws/install/turtlebot3_cartographer:/home/rokey1/turtlebot3_ws/install/turtlebot3_autorace:/home/rokey1/turtlebot3_ws/install/dynamixel_sdk_examples:/home/rokey1/turtlebot3_ws/install/dynamixel_sdk_custom_interfaces:/home/rokey1/turtlebot3_ws/install/dynamixel_sdk:/home/rokey1/turtlebot3_ws/install/turtlebot3_teleop:/home/rokey1/turtlebot3_ws/install/turtlebot3_example:/home/rokey1/turtlebot3_ws/install/turtlebot3_autorace_mission:/home/rokey1/turtlebot3_ws/install/turtlebot3_autorace_detect:/home/rokey1/turtlebot3_ws/install/turtlebot3_autorace_camera:/opt/ros/humble LD_LIBRARY_PATH=/home/rokey1/turtlebot3_ws/install/turtlebot3_msgs/lib:/home/rokey1/turtlebot3_ws/install/dynamixel_sdk_custom_interfaces/lib:/home/rokey1/turtlebot3_ws/install/dynamixel_sdk/lib:/usr/lib/x86_64-linux-gnu/gazebo-11/plugins:/opt/ros/humble/opt/rviz_ogre_vendor/lib:/opt/ros/humble/lib/x86_64-linux-gnu:/opt/ros/humble/lib:/usr/lib/x86_64-linux-gnu/gazebo-11/plugins /usr/bin/cmake /home/rokey1/turtlebot3_ws/src/turtlebot3_simulations/turtlebot3_fake_node -DCMAKE_INSTALL_PREFIX=/home/rokey1/turtlebot3_ws/install/turtlebot3_fake_node
[0.702s] -- The C compiler identification is GNU 11.4.0
[0.864s] -- The CXX compiler identification is GNU 11.4.0
[0.887s] -- Detecting C compiler ABI info
[1.102s] -- Detecting C compiler ABI info - done
[1.131s] -- Check for working C compiler: /usr/bin/cc - skipped
[1.131s] -- Detecting C compile features
[1.132s] -- Detecting C compile features - done
[1.142s] -- Detecting CXX compiler ABI info
[1.389s] -- Detecting CXX compiler ABI info - done
[1.415s] -- Check for working CXX compiler: /usr/bin/c++ - skipped
[1.416s] -- Detecting CXX compile features
[1.417s] -- Detecting CXX compile features - done
[1.430s] -- Found ament_cmake: 1.3.12 (/opt/ros/humble/share/ament_cmake/cmake)
[1.870s] -- Found Python3: /usr/bin/python3 (found version "3.10.12") found components: Interpreter 
[2.066s] -- Found geometry_msgs: 4.9.0 (/opt/ros/humble/share/geometry_msgs/cmake)
[2.147s] -- Found rosidl_generator_c: 3.1.7 (/opt/ros/humble/share/rosidl_generator_c/cmake)
[2.169s] -- Found rosidl_adapter: 3.1.7 (/opt/ros/humble/share/rosidl_adapter/cmake)
[2.184s] -- Found rosidl_generator_cpp: 3.1.7 (/opt/ros/humble/share/rosidl_generator_cpp/cmake)
[2.211s] -- Using all available rosidl_typesupport_c: rosidl_typesupport_fastrtps_c;rosidl_typesupport_introspection_c
[2.248s] -- Using all available rosidl_typesupport_cpp: rosidl_typesupport_fastrtps_cpp;rosidl_typesupport_introspection_cpp
[2.332s] -- Found nav_msgs: 4.9.0 (/opt/ros/humble/share/nav_msgs/cmake)
[2.372s] -- Found rclcpp: 16.0.14 (/opt/ros/humble/share/rclcpp/cmake)
[2.459s] -- Found rmw_implementation_cmake: 6.1.2 (/opt/ros/humble/share/rmw_implementation_cmake/cmake)
[2.467s] -- Found rmw_fastrtps_cpp: 6.2.8 (/opt/ros/humble/share/rmw_fastrtps_cpp/cmake)
[2.676s] -- Found OpenSSL: /usr/lib/x86_64-linux-gnu/libcrypto.so (found version "3.0.2")  
[2.771s] -- Found FastRTPS: /opt/ros/humble/include  
[2.908s] -- Using RMW implementation 'rmw_fastrtps_cpp' as default
[2.938s] -- Looking for pthread.h
[3.143s] -- Looking for pthread.h - found
[3.143s] -- Performing Test CMAKE_HAVE_LIBC_PTHREAD
[3.374s] -- Performing Test CMAKE_HAVE_LIBC_PTHREAD - Success
[3.378s] -- Found Threads: TRUE  
[3.516s] -- Found sensor_msgs: 4.9.0 (/opt/ros/humble/share/sensor_msgs/cmake)
[3.570s] -- Found tf2: 0.25.16 (/opt/ros/humble/share/tf2/cmake)
[3.592s] -- Found tf2_msgs: 0.25.16 (/opt/ros/humble/share/tf2_msgs/cmake)
[3.750s] -- Found turtlebot3_msgs: 2.4.0 (/home/rokey1/turtlebot3_ws/install/turtlebot3_msgs/share/turtlebot3_msgs/cmake)
[4.053s] -- Configuring done
[4.105s] -- Generating done
[4.119s] -- Build files have been written to: /home/rokey1/turtlebot3_ws/build/turtlebot3_fake_node
[4.149s] Invoked command in '/home/rokey1/turtlebot3_ws/build/turtlebot3_fake_node' returned '0': CMAKE_PREFIX_PATH=/home/rokey1/turtlebot3_ws/install/turtlebot3_msgs:/home/rokey1/turtlebot3_ws/install/turtlebot3:/home/rokey1/turtlebot3_ws/install/turtlebot3_simulations:/home/rokey1/turtlebot3_ws/install/turtlebot3_bringup:/home/rokey1/turtlebot3_ws/install/turtlebot3_node:/home/rokey1/turtlebot3_ws/install/turtlebot3_navigation2:/home/rokey1/turtlebot3_ws/install/turtlebot3_fake_node:/home/rokey1/turtlebot3_ws/install/turtlebot3_manipulation_gazebo:/home/rokey1/turtlebot3_ws/install/turtlebot3_gazebo:/home/rokey1/turtlebot3_ws/install/turtlebot3_description:/home/rokey1/turtlebot3_ws/install/turtlebot3_cartographer:/home/rokey1/turtlebot3_ws/install/turtlebot3_autorace:/home/rokey1/turtlebot3_ws/install/dynamixel_sdk_examples:/home/rokey1/turtlebot3_ws/install/dynamixel_sdk_custom_interfaces:/home/rokey1/turtlebot3_ws/install/dynamixel_sdk:/home/rokey1/turtlebot3_ws/install/turtlebot3_teleop:/home/rokey1/turtlebot3_ws/install/turtlebot3_example:/home/rokey1/turtlebot3_ws/install/turtlebot3_autorace_mission:/home/rokey1/turtlebot3_ws/install/turtlebot3_autorace_detect:/home/rokey1/turtlebot3_ws/install/turtlebot3_autorace_camera:/opt/ros/humble LD_LIBRARY_PATH=/home/rokey1/turtlebot3_ws/install/turtlebot3_msgs/lib:/home/rokey1/turtlebot3_ws/install/dynamixel_sdk_custom_interfaces/lib:/home/rokey1/turtlebot3_ws/install/dynamixel_sdk/lib:/usr/lib/x86_64-linux-gnu/gazebo-11/plugins:/opt/ros/humble/opt/rviz_ogre_vendor/lib:/opt/ros/humble/lib/x86_64-linux-gnu:/opt/ros/humble/lib:/usr/lib/x86_64-linux-gnu/gazebo-11/plugins /usr/bin/cmake /home/rokey1/turtlebot3_ws/src/turtlebot3_simulations/turtlebot3_fake_node -DCMAKE_INSTALL_PREFIX=/home/rokey1/turtlebot3_ws/install/turtlebot3_fake_node
[4.151s] Invoking command in '/home/rokey1/turtlebot3_ws/build/turtlebot3_fake_node': CMAKE_PREFIX_PATH=/home/rokey1/turtlebot3_ws/install/turtlebot3_msgs:/home/rokey1/turtlebot3_ws/install/turtlebot3:/home/rokey1/turtlebot3_ws/install/turtlebot3_simulations:/home/rokey1/turtlebot3_ws/install/turtlebot3_bringup:/home/rokey1/turtlebot3_ws/install/turtlebot3_node:/home/rokey1/turtlebot3_ws/install/turtlebot3_navigation2:/home/rokey1/turtlebot3_ws/install/turtlebot3_fake_node:/home/rokey1/turtlebot3_ws/install/turtlebot3_manipulation_gazebo:/home/rokey1/turtlebot3_ws/install/turtlebot3_gazebo:/home/rokey1/turtlebot3_ws/install/turtlebot3_description:/home/rokey1/turtlebot3_ws/install/turtlebot3_cartographer:/home/rokey1/turtlebot3_ws/install/turtlebot3_autorace:/home/rokey1/turtlebot3_ws/install/dynamixel_sdk_examples:/home/rokey1/turtlebot3_ws/install/dynamixel_sdk_custom_interfaces:/home/rokey1/turtlebot3_ws/install/dynamixel_sdk:/home/rokey1/turtlebot3_ws/install/turtlebot3_teleop:/home/rokey1/turtlebot3_ws/install/turtlebot3_example:/home/rokey1/turtlebot3_ws/install/turtlebot3_autorace_mission:/home/rokey1/turtlebot3_ws/install/turtlebot3_autorace_detect:/home/rokey1/turtlebot3_ws/install/turtlebot3_autorace_camera:/opt/ros/humble LD_LIBRARY_PATH=/home/rokey1/turtlebot3_ws/install/turtlebot3_msgs/lib:/home/rokey1/turtlebot3_ws/install/dynamixel_sdk_custom_interfaces/lib:/home/rokey1/turtlebot3_ws/install/dynamixel_sdk/lib:/usr/lib/x86_64-linux-gnu/gazebo-11/plugins:/opt/ros/humble/opt/rviz_ogre_vendor/lib:/opt/ros/humble/lib/x86_64-linux-gnu:/opt/ros/humble/lib:/usr/lib/x86_64-linux-gnu/gazebo-11/plugins /usr/bin/cmake --build /home/rokey1/turtlebot3_ws/build/turtlebot3_fake_node -- -j8 -l8
[4.291s] [ 50%] [32mBuilding CXX object CMakeFiles/turtlebot3_fake_node.dir/src/turtlebot3_fake_node.cpp.o[0m
[27.338s] [100%] [32m[1mLinking CXX executable turtlebot3_fake_node[0m
[27.901s] [100%] Built target turtlebot3_fake_node
[27.911s] Invoked command in '/home/rokey1/turtlebot3_ws/build/turtlebot3_fake_node' returned '0': CMAKE_PREFIX_PATH=/home/rokey1/turtlebot3_ws/install/turtlebot3_msgs:/home/rokey1/turtlebot3_ws/install/turtlebot3:/home/rokey1/turtlebot3_ws/install/turtlebot3_simulations:/home/rokey1/turtlebot3_ws/install/turtlebot3_bringup:/home/rokey1/turtlebot3_ws/install/turtlebot3_node:/home/rokey1/turtlebot3_ws/install/turtlebot3_navigation2:/home/rokey1/turtlebot3_ws/install/turtlebot3_fake_node:/home/rokey1/turtlebot3_ws/install/turtlebot3_manipulation_gazebo:/home/rokey1/turtlebot3_ws/install/turtlebot3_gazebo:/home/rokey1/turtlebot3_ws/install/turtlebot3_description:/home/rokey1/turtlebot3_ws/install/turtlebot3_cartographer:/home/rokey1/turtlebot3_ws/install/turtlebot3_autorace:/home/rokey1/turtlebot3_ws/install/dynamixel_sdk_examples:/home/rokey1/turtlebot3_ws/install/dynamixel_sdk_custom_interfaces:/home/rokey1/turtlebot3_ws/install/dynamixel_sdk:/home/rokey1/turtlebot3_ws/install/turtlebot3_teleop:/home/rokey1/turtlebot3_ws/install/turtlebot3_example:/home/rokey1/turtlebot3_ws/install/turtlebot3_autorace_mission:/home/rokey1/turtlebot3_ws/install/turtlebot3_autorace_detect:/home/rokey1/turtlebot3_ws/install/turtlebot3_autorace_camera:/opt/ros/humble LD_LIBRARY_PATH=/home/rokey1/turtlebot3_ws/install/turtlebot3_msgs/lib:/home/rokey1/turtlebot3_ws/install/dynamixel_sdk_custom_interfaces/lib:/home/rokey1/turtlebot3_ws/install/dynamixel_sdk/lib:/usr/lib/x86_64-linux-gnu/gazebo-11/plugins:/opt/ros/humble/opt/rviz_ogre_vendor/lib:/opt/ros/humble/lib/x86_64-linux-gnu:/opt/ros/humble/lib:/usr/lib/x86_64-linux-gnu/gazebo-11/plugins /usr/bin/cmake --build /home/rokey1/turtlebot3_ws/build/turtlebot3_fake_node -- -j8 -l8
[27.913s] Invoking command in '/home/rokey1/turtlebot3_ws/build/turtlebot3_fake_node': CMAKE_PREFIX_PATH=/home/rokey1/turtlebot3_ws/install/turtlebot3_msgs:/home/rokey1/turtlebot3_ws/install/turtlebot3:/home/rokey1/turtlebot3_ws/install/turtlebot3_simulations:/home/rokey1/turtlebot3_ws/install/turtlebot3_bringup:/home/rokey1/turtlebot3_ws/install/turtlebot3_node:/home/rokey1/turtlebot3_ws/install/turtlebot3_navigation2:/home/rokey1/turtlebot3_ws/install/turtlebot3_fake_node:/home/rokey1/turtlebot3_ws/install/turtlebot3_manipulation_gazebo:/home/rokey1/turtlebot3_ws/install/turtlebot3_gazebo:/home/rokey1/turtlebot3_ws/install/turtlebot3_description:/home/rokey1/turtlebot3_ws/install/turtlebot3_cartographer:/home/rokey1/turtlebot3_ws/install/turtlebot3_autorace:/home/rokey1/turtlebot3_ws/install/dynamixel_sdk_examples:/home/rokey1/turtlebot3_ws/install/dynamixel_sdk_custom_interfaces:/home/rokey1/turtlebot3_ws/install/dynamixel_sdk:/home/rokey1/turtlebot3_ws/install/turtlebot3_teleop:/home/rokey1/turtlebot3_ws/install/turtlebot3_example:/home/rokey1/turtlebot3_ws/install/turtlebot3_autorace_mission:/home/rokey1/turtlebot3_ws/install/turtlebot3_autorace_detect:/home/rokey1/turtlebot3_ws/install/turtlebot3_autorace_camera:/opt/ros/humble LD_LIBRARY_PATH=/home/rokey1/turtlebot3_ws/install/turtlebot3_msgs/lib:/home/rokey1/turtlebot3_ws/install/dynamixel_sdk_custom_interfaces/lib:/home/rokey1/turtlebot3_ws/install/dynamixel_sdk/lib:/usr/lib/x86_64-linux-gnu/gazebo-11/plugins:/opt/ros/humble/opt/rviz_ogre_vendor/lib:/opt/ros/humble/lib/x86_64-linux-gnu:/opt/ros/humble/lib:/usr/lib/x86_64-linux-gnu/gazebo-11/plugins /usr/bin/cmake --install /home/rokey1/turtlebot3_ws/build/turtlebot3_fake_node
[27.919s] -- Install configuration: ""
[27.920s] -- Installing: /home/rokey1/turtlebot3_ws/install/turtlebot3_fake_node/lib/turtlebot3_fake_node/turtlebot3_fake_node
[27.922s] -- Set runtime path of "/home/rokey1/turtlebot3_ws/install/turtlebot3_fake_node/lib/turtlebot3_fake_node/turtlebot3_fake_node" to ""
[27.922s] -- Installing: /home/rokey1/turtlebot3_ws/install/turtlebot3_fake_node/share/turtlebot3_fake_node/launch
[27.923s] -- Installing: /home/rokey1/turtlebot3_ws/install/turtlebot3_fake_node/share/turtlebot3_fake_node/launch/rviz2.launch.py
[27.923s] -- Installing: /home/rokey1/turtlebot3_ws/install/turtlebot3_fake_node/share/turtlebot3_fake_node/launch/turtlebot3_fake_node.launch.py
[27.923s] -- Installing: /home/rokey1/turtlebot3_ws/install/turtlebot3_fake_node/share/turtlebot3_fake_node/param
[27.923s] -- Installing: /home/rokey1/turtlebot3_ws/install/turtlebot3_fake_node/share/turtlebot3_fake_node/param/waffle.yaml
[27.923s] -- Installing: /home/rokey1/turtlebot3_ws/install/turtlebot3_fake_node/share/turtlebot3_fake_node/param/waffle_pi.yaml
[27.923s] -- Installing: /home/rokey1/turtlebot3_ws/install/turtlebot3_fake_node/share/turtlebot3_fake_node/param/burger.yaml
[27.923s] -- Installing: /home/rokey1/turtlebot3_ws/install/turtlebot3_fake_node/include/
[27.923s] -- Installing: /home/rokey1/turtlebot3_ws/install/turtlebot3_fake_node/include//turtlebot3_fake_node
[27.924s] -- Installing: /home/rokey1/turtlebot3_ws/install/turtlebot3_fake_node/include//turtlebot3_fake_node/turtlebot3_fake_node.hpp
[27.924s] -- Installing: /home/rokey1/turtlebot3_ws/install/turtlebot3_fake_node/share/ament_index/resource_index/package_run_dependencies/turtlebot3_fake_node
[27.924s] -- Installing: /home/rokey1/turtlebot3_ws/install/turtlebot3_fake_node/share/ament_index/resource_index/parent_prefix_path/turtlebot3_fake_node
[27.924s] -- Installing: /home/rokey1/turtlebot3_ws/install/turtlebot3_fake_node/share/turtlebot3_fake_node/environment/ament_prefix_path.sh
[27.924s] -- Installing: /home/rokey1/turtlebot3_ws/install/turtlebot3_fake_node/share/turtlebot3_fake_node/environment/ament_prefix_path.dsv
[27.924s] -- Installing: /home/rokey1/turtlebot3_ws/install/turtlebot3_fake_node/share/turtlebot3_fake_node/environment/path.sh
[27.924s] -- Installing: /home/rokey1/turtlebot3_ws/install/turtlebot3_fake_node/share/turtlebot3_fake_node/environment/path.dsv
[27.925s] -- Installing: /home/rokey1/turtlebot3_ws/install/turtlebot3_fake_node/share/turtlebot3_fake_node/local_setup.bash
[27.925s] -- Installing: /home/rokey1/turtlebot3_ws/install/turtlebot3_fake_node/share/turtlebot3_fake_node/local_setup.sh
[27.925s] -- Installing: /home/rokey1/turtlebot3_ws/install/turtlebot3_fake_node/share/turtlebot3_fake_node/local_setup.zsh
[27.925s] -- Installing: /home/rokey1/turtlebot3_ws/install/turtlebot3_fake_node/share/turtlebot3_fake_node/local_setup.dsv
[27.925s] -- Installing: /home/rokey1/turtlebot3_ws/install/turtlebot3_fake_node/share/turtlebot3_fake_node/package.dsv
[27.925s] -- Installing: /home/rokey1/turtlebot3_ws/install/turtlebot3_fake_node/share/ament_index/resource_index/packages/turtlebot3_fake_node
[27.925s] -- Installing: /home/rokey1/turtlebot3_ws/install/turtlebot3_fake_node/share/turtlebot3_fake_node/cmake/ament_cmake_export_include_directories-extras.cmake
[27.926s] -- Installing: /home/rokey1/turtlebot3_ws/install/turtlebot3_fake_node/share/turtlebot3_fake_node/cmake/ament_cmake_export_dependencies-extras.cmake
[27.926s] -- Installing: /home/rokey1/turtlebot3_ws/install/turtlebot3_fake_node/share/turtlebot3_fake_node/cmake/turtlebot3_fake_nodeConfig.cmake
[27.926s] -- Installing: /home/rokey1/turtlebot3_ws/install/turtlebot3_fake_node/share/turtlebot3_fake_node/cmake/turtlebot3_fake_nodeConfig-version.cmake
[27.926s] -- Installing: /home/rokey1/turtlebot3_ws/install/turtlebot3_fake_node/share/turtlebot3_fake_node/package.xml
[27.928s] Invoked command in '/home/rokey1/turtlebot3_ws/build/turtlebot3_fake_node' returned '0': CMAKE_PREFIX_PATH=/home/rokey1/turtlebot3_ws/install/turtlebot3_msgs:/home/rokey1/turtlebot3_ws/install/turtlebot3:/home/rokey1/turtlebot3_ws/install/turtlebot3_simulations:/home/rokey1/turtlebot3_ws/install/turtlebot3_bringup:/home/rokey1/turtlebot3_ws/install/turtlebot3_node:/home/rokey1/turtlebot3_ws/install/turtlebot3_navigation2:/home/rokey1/turtlebot3_ws/install/turtlebot3_fake_node:/home/rokey1/turtlebot3_ws/install/turtlebot3_manipulation_gazebo:/home/rokey1/turtlebot3_ws/install/turtlebot3_gazebo:/home/rokey1/turtlebot3_ws/install/turtlebot3_description:/home/rokey1/turtlebot3_ws/install/turtlebot3_cartographer:/home/rokey1/turtlebot3_ws/install/turtlebot3_autorace:/home/rokey1/turtlebot3_ws/install/dynamixel_sdk_examples:/home/rokey1/turtlebot3_ws/install/dynamixel_sdk_custom_interfaces:/home/rokey1/turtlebot3_ws/install/dynamixel_sdk:/home/rokey1/turtlebot3_ws/install/turtlebot3_teleop:/home/rokey1/turtlebot3_ws/install/turtlebot3_example:/home/rokey1/turtlebot3_ws/install/turtlebot3_autorace_mission:/home/rokey1/turtlebot3_ws/install/turtlebot3_autorace_detect:/home/rokey1/turtlebot3_ws/install/turtlebot3_autorace_camera:/opt/ros/humble LD_LIBRARY_PATH=/home/rokey1/turtlebot3_ws/install/turtlebot3_msgs/lib:/home/rokey1/turtlebot3_ws/install/dynamixel_sdk_custom_interfaces/lib:/home/rokey1/turtlebot3_ws/install/dynamixel_sdk/lib:/usr/lib/x86_64-linux-gnu/gazebo-11/plugins:/opt/ros/humble/opt/rviz_ogre_vendor/lib:/opt/ros/humble/lib/x86_64-linux-gnu:/opt/ros/humble/lib:/usr/lib/x86_64-linux-gnu/gazebo-11/plugins /usr/bin/cmake --install /home/rokey1/turtlebot3_ws/build/turtlebot3_fake_node
