[2.731s] Invoking command in '/home/rokey1/turtlebot3_ws/src/turtlebot3_autorace/turtlebot3_autorace_camera': PYTHONPATH=/home/rokey1/turtlebot3_ws/build/turtlebot3_autorace_camera/prefix_override:/usr/lib/python3/dist-packages/colcon_core/task/python/colcon_distutils_commands:/home/rokey1/turtlebot3_ws/install/turtlebot3_autorace_camera/lib/python3.10/site-packages:${PYTHONPATH} /usr/bin/python3 -W ignore:setup.py install is deprecated -W ignore:easy_install command is deprecated setup.py egg_info --egg-base ../../../build/turtlebot3_autorace_camera build --build-base /home/rokey1/turtlebot3_ws/build/turtlebot3_autorace_camera/build install --record /home/rokey1/turtlebot3_ws/build/turtlebot3_autorace_camera/install.log --single-version-externally-managed install_data
[3.410s] running egg_info
[3.411s] creating ../../../build/turtlebot3_autorace_camera/turtlebot3_autorace_camera.egg-info
[3.411s] writing ../../../build/turtlebot3_autorace_camera/turtlebot3_autorace_camera.egg-info/PKG-INFO
[3.411s] writing dependency_links to ../../../build/turtlebot3_autorace_camera/turtlebot3_autorace_camera.egg-info/dependency_links.txt
[3.411s] writing entry points to ../../../build/turtlebot3_autorace_camera/turtlebot3_autorace_camera.egg-info/entry_points.txt
[3.411s] writing requirements to ../../../build/turtlebot3_autorace_camera/turtlebot3_autorace_camera.egg-info/requires.txt
[3.411s] writing top-level names to ../../../build/turtlebot3_autorace_camera/turtlebot3_autorace_camera.egg-info/top_level.txt
[3.412s] writing manifest file '../../../build/turtlebot3_autorace_camera/turtlebot3_autorace_camera.egg-info/SOURCES.txt'
[3.415s] reading manifest file '../../../build/turtlebot3_autorace_camera/turtlebot3_autorace_camera.egg-info/SOURCES.txt'
[3.417s] writing manifest file '../../../build/turtlebot3_autorace_camera/turtlebot3_autorace_camera.egg-info/SOURCES.txt'
[3.417s] running build
[3.417s] running build_py
[3.417s] creating /home/rokey1/turtlebot3_ws/build/turtlebot3_autorace_camera/build
[3.418s] creating /home/rokey1/turtlebot3_ws/build/turtlebot3_autorace_camera/build/lib
[3.418s] creating /home/rokey1/turtlebot3_ws/build/turtlebot3_autorace_camera/build/lib/turtlebot3_autorace_camera
[3.418s] copying turtlebot3_autorace_camera/image_compensation.py -> /home/rokey1/turtlebot3_ws/build/turtlebot3_autorace_camera/build/lib/turtlebot3_autorace_camera
[3.418s] copying turtlebot3_autorace_camera/image_projection.py -> /home/rokey1/turtlebot3_ws/build/turtlebot3_autorace_camera/build/lib/turtlebot3_autorace_camera
[3.418s] copying turtlebot3_autorace_camera/__init__.py -> /home/rokey1/turtlebot3_ws/build/turtlebot3_autorace_camera/build/lib/turtlebot3_autorace_camera
[3.419s] running install
[3.419s] running install_lib
[3.423s] creating /home/rokey1/turtlebot3_ws/install/turtlebot3_autorace_camera/lib/python3.10/site-packages/turtlebot3_autorace_camera
[3.424s] copying /home/rokey1/turtlebot3_ws/build/turtlebot3_autorace_camera/build/lib/turtlebot3_autorace_camera/image_compensation.py -> /home/rokey1/turtlebot3_ws/install/turtlebot3_autorace_camera/lib/python3.10/site-packages/turtlebot3_autorace_camera
[3.428s] copying /home/rokey1/turtlebot3_ws/build/turtlebot3_autorace_camera/build/lib/turtlebot3_autorace_camera/image_projection.py -> /home/rokey1/turtlebot3_ws/install/turtlebot3_autorace_camera/lib/python3.10/site-packages/turtlebot3_autorace_camera
[3.428s] copying /home/rokey1/turtlebot3_ws/build/turtlebot3_autorace_camera/build/lib/turtlebot3_autorace_camera/__init__.py -> /home/rokey1/turtlebot3_ws/install/turtlebot3_autorace_camera/lib/python3.10/site-packages/turtlebot3_autorace_camera
[3.428s] byte-compiling /home/rokey1/turtlebot3_ws/install/turtlebot3_autorace_camera/lib/python3.10/site-packages/turtlebot3_autorace_camera/image_compensation.py to image_compensation.cpython-310.pyc
[3.428s] byte-compiling /home/rokey1/turtlebot3_ws/install/turtlebot3_autorace_camera/lib/python3.10/site-packages/turtlebot3_autorace_camera/image_projection.py to image_projection.cpython-310.pyc
[3.429s] byte-compiling /home/rokey1/turtlebot3_ws/install/turtlebot3_autorace_camera/lib/python3.10/site-packages/turtlebot3_autorace_camera/__init__.py to __init__.cpython-310.pyc
[3.429s] running install_data
[3.429s] creating /home/rokey1/turtlebot3_ws/install/turtlebot3_autorace_camera/share/ament_index
[3.429s] creating /home/rokey1/turtlebot3_ws/install/turtlebot3_autorace_camera/share/ament_index/resource_index
[3.433s] creating /home/rokey1/turtlebot3_ws/install/turtlebot3_autorace_camera/share/ament_index/resource_index/packages
[3.434s] copying resource/turtlebot3_autorace_camera -> /home/rokey1/turtlebot3_ws/install/turtlebot3_autorace_camera/share/ament_index/resource_index/packages
[3.434s] copying package.xml -> /home/rokey1/turtlebot3_ws/install/turtlebot3_autorace_camera/share/turtlebot3_autorace_camera
[3.434s] creating /home/rokey1/turtlebot3_ws/install/turtlebot3_autorace_camera/share/turtlebot3_autorace_camera/launch
[3.434s] copying launch/extrinsic_camera_calibration.launch.py -> /home/rokey1/turtlebot3_ws/install/turtlebot3_autorace_camera/share/turtlebot3_autorace_camera/launch
[3.434s] copying launch/intrinsic_camera_calibration.launch.py -> /home/rokey1/turtlebot3_ws/install/turtlebot3_autorace_camera/share/turtlebot3_autorace_camera/launch
[3.434s] creating /home/rokey1/turtlebot3_ws/install/turtlebot3_autorace_camera/share/turtlebot3_autorace_camera/calibration
[3.434s] creating /home/rokey1/turtlebot3_ws/install/turtlebot3_autorace_camera/share/turtlebot3_autorace_camera/calibration/extrinsic_calibration
[3.434s] copying calibration/extrinsic_calibration/compensation.yaml -> /home/rokey1/turtlebot3_ws/install/turtlebot3_autorace_camera/share/turtlebot3_autorace_camera/calibration/extrinsic_calibration
[3.435s] copying calibration/extrinsic_calibration/projection.yaml -> /home/rokey1/turtlebot3_ws/install/turtlebot3_autorace_camera/share/turtlebot3_autorace_camera/calibration/extrinsic_calibration
[3.435s] running install_egg_info
[3.436s] Copying ../../../build/turtlebot3_autorace_camera/turtlebot3_autorace_camera.egg-info to /home/rokey1/turtlebot3_ws/install/turtlebot3_autorace_camera/lib/python3.10/site-packages/turtlebot3_autorace_camera-1.2.2-py3.10.egg-info
[3.438s] running install_scripts
[3.480s] Installing image_compensation script to /home/rokey1/turtlebot3_ws/install/turtlebot3_autorace_camera/lib/turtlebot3_autorace_camera
[3.480s] Installing image_projection script to /home/rokey1/turtlebot3_ws/install/turtlebot3_autorace_camera/lib/turtlebot3_autorace_camera
[3.481s] writing list of installed files to '/home/rokey1/turtlebot3_ws/build/turtlebot3_autorace_camera/install.log'
[3.590s] Invoked command in '/home/rokey1/turtlebot3_ws/src/turtlebot3_autorace/turtlebot3_autorace_camera' returned '0': PYTHONPATH=/home/rokey1/turtlebot3_ws/build/turtlebot3_autorace_camera/prefix_override:/usr/lib/python3/dist-packages/colcon_core/task/python/colcon_distutils_commands:/home/rokey1/turtlebot3_ws/install/turtlebot3_autorace_camera/lib/python3.10/site-packages:${PYTHONPATH} /usr/bin/python3 -W ignore:setup.py install is deprecated -W ignore:easy_install command is deprecated setup.py egg_info --egg-base ../../../build/turtlebot3_autorace_camera build --build-base /home/rokey1/turtlebot3_ws/build/turtlebot3_autorace_camera/build install --record /home/rokey1/turtlebot3_ws/build/turtlebot3_autorace_camera/install.log --single-version-externally-managed install_data
