[4.776s] Invoking command in '/home/rokey1/turtlebot3_ws/build/turtlebot3_teleop': PYTHONPATH=/home/rokey1/turtlebot3_ws/build/turtlebot3_teleop/prefix_override:/usr/lib/python3/dist-packages/colcon_core/task/python/colcon_distutils_commands:/home/rokey1/turtlebot3_ws/install/turtlebot3_teleop/lib/python3.10/site-packages:${PYTHONPATH} /usr/bin/python3 -W ignore:setup.py install is deprecated -W ignore:easy_install command is deprecated setup.py develop --editable --build-directory /home/rokey1/turtlebot3_ws/build/turtlebot3_teleop/build --no-deps symlink_data
[5.664s] running develop
[6.303s] running egg_info
[6.303s] creating turtlebot3_teleop.egg-info
[6.304s] writing turtlebot3_teleop.egg-info/PKG-INFO
[6.313s] writing dependency_links to turtlebot3_teleop.egg-info/dependency_links.txt
[6.314s] writing entry points to turtlebot3_teleop.egg-info/entry_points.txt
[6.314s] writing requirements to turtlebot3_teleop.egg-info/requires.txt
[6.314s] writing top-level names to turtlebot3_teleop.egg-info/top_level.txt
[6.314s] writing manifest file 'turtlebot3_teleop.egg-info/SOURCES.txt'
[6.320s] reading manifest file 'turtlebot3_teleop.egg-info/SOURCES.txt'
[6.321s] writing manifest file 'turtlebot3_teleop.egg-info/SOURCES.txt'
[6.326s] running build_ext
[6.327s] Creating /home/rokey1/turtlebot3_ws/install/turtlebot3_teleop/lib/python3.10/site-packages/turtlebot3-teleop.egg-link (link to .)
[6.331s] Installing teleop_keyboard script to /home/rokey1/turtlebot3_ws/install/turtlebot3_teleop/lib/turtlebot3_teleop
[6.333s] 
[6.340s] Installed /home/rokey1/turtlebot3_ws/build/turtlebot3_teleop
[6.340s] running symlink_data
[6.340s] creating /home/rokey1/turtlebot3_ws/install/turtlebot3_teleop/share/ament_index
[6.341s] creating /home/rokey1/turtlebot3_ws/install/turtlebot3_teleop/share/ament_index/resource_index
[6.341s] creating /home/rokey1/turtlebot3_ws/install/turtlebot3_teleop/share/ament_index/resource_index/packages
[6.341s] symbolically linking /home/rokey1/turtlebot3_ws/build/turtlebot3_teleop/resource/turtlebot3_teleop -> /home/rokey1/turtlebot3_ws/install/turtlebot3_teleop/share/ament_index/resource_index/packages
[6.342s] symbolically linking /home/rokey1/turtlebot3_ws/build/turtlebot3_teleop/package.xml -> /home/rokey1/turtlebot3_ws/install/turtlebot3_teleop/share/turtlebot3_teleop
[6.449s] Invoked command in '/home/rokey1/turtlebot3_ws/build/turtlebot3_teleop' returned '0': PYTHONPATH=/home/rokey1/turtlebot3_ws/build/turtlebot3_teleop/prefix_override:/usr/lib/python3/dist-packages/colcon_core/task/python/colcon_distutils_commands:/home/rokey1/turtlebot3_ws/install/turtlebot3_teleop/lib/python3.10/site-packages:${PYTHONPATH} /usr/bin/python3 -W ignore:setup.py install is deprecated -W ignore:easy_install command is deprecated setup.py develop --editable --build-directory /home/rokey1/turtlebot3_ws/build/turtlebot3_teleop/build --no-deps symlink_data
