running egg_info
writing ../../../build/turtlebot3_autorace_detect/turtlebot3_autorace_detect.egg-info/PKG-INFO
writing dependency_links to ../../../build/turtlebot3_autorace_detect/turtlebot3_autorace_detect.egg-info/dependency_links.txt
writing entry points to ../../../build/turtlebot3_autorace_detect/turtlebot3_autorace_detect.egg-info/entry_points.txt
writing requirements to ../../../build/turtlebot3_autorace_detect/turtlebot3_autorace_detect.egg-info/requires.txt
writing top-level names to ../../../build/turtlebot3_autorace_detect/turtlebot3_autorace_detect.egg-info/top_level.txt
reading manifest file '../../../build/turtlebot3_autorace_detect/turtlebot3_autorace_detect.egg-info/SOURCES.txt'
writing manifest file '../../../build/turtlebot3_autorace_detect/turtlebot3_autorace_detect.egg-info/SOURCES.txt'
running build
running build_py
running install
running install_lib
running install_data
running install_egg_info
removing '/home/rokey1/turtlebot3_ws/install/turtlebot3_autorace_detect/lib/python3.10/site-packages/turtlebot3_autorace_detect-1.2.2-py3.10.egg-info' (and everything under it)
Copying ../../../build/turtlebot3_autorace_detect/turtlebot3_autorace_detect.egg-info to /home/rokey1/turtlebot3_ws/install/turtlebot3_autorace_detect/lib/python3.10/site-packages/turtlebot3_autorace_detect-1.2.2-py3.10.egg-info
running install_scripts
Installing detect_construction_sign script to /home/rokey1/turtlebot3_ws/install/turtlebot3_autorace_detect/lib/turtlebot3_autorace_detect
Installing detect_intersection_sign script to /home/rokey1/turtlebot3_ws/install/turtlebot3_autorace_detect/lib/turtlebot3_autorace_detect
Installing detect_lane script to /home/rokey1/turtlebot3_ws/install/turtlebot3_autorace_detect/lib/turtlebot3_autorace_detect
Installing detect_level_crossing script to /home/rokey1/turtlebot3_ws/install/turtlebot3_autorace_detect/lib/turtlebot3_autorace_detect
Installing detect_level_crossing_sign script to /home/rokey1/turtlebot3_ws/install/turtlebot3_autorace_detect/lib/turtlebot3_autorace_detect
Installing detect_parking_sign script to /home/rokey1/turtlebot3_ws/install/turtlebot3_autorace_detect/lib/turtlebot3_autorace_detect
Installing detect_traffic_light script to /home/rokey1/turtlebot3_ws/install/turtlebot3_autorace_detect/lib/turtlebot3_autorace_detect
Installing detect_tunnel_sign script to /home/rokey1/turtlebot3_ws/install/turtlebot3_autorace_detect/lib/turtlebot3_autorace_detect
writing list of installed files to '/home/rokey1/turtlebot3_ws/build/turtlebot3_autorace_detect/install.log'
