[1.787s] Invoking command in '/home/rokey1/turtlebot3_ws/src/turtlebot3_autorace/turtlebot3_autorace_camera': PYTHONPATH=/home/rokey1/turtlebot3_ws/build/turtlebot3_autorace_camera/prefix_override:/usr/lib/python3/dist-packages/colcon_core/task/python/colcon_distutils_commands:/home/rokey1/turtlebot3_ws/install/turtlebot3_autorace_camera/lib/python3.10/site-packages:${PYTHONPATH} /usr/bin/python3 -W ignore:setup.py install is deprecated -W ignore:easy_install command is deprecated setup.py egg_info --egg-base ../../../build/turtlebot3_autorace_camera build --build-base /home/rokey1/turtlebot3_ws/build/turtlebot3_autorace_camera/build install --record /home/rokey1/turtlebot3_ws/build/turtlebot3_autorace_camera/install.log --single-version-externally-managed install_data
[2.410s] running egg_info
[2.411s] creating ../../../build/turtlebot3_autorace_camera/turtlebot3_autorace_camera.egg-info
[2.411s] writing ../../../build/turtlebot3_autorace_camera/turtlebot3_autorace_camera.egg-info/PKG-INFO
[2.411s] writing dependency_links to ../../../build/turtlebot3_autorace_camera/turtlebot3_autorace_camera.egg-info/dependency_links.txt
[2.411s] writing entry points to ../../../build/turtlebot3_autorace_camera/turtlebot3_autorace_camera.egg-info/entry_points.txt
[2.415s] writing requirements to ../../../build/turtlebot3_autorace_camera/turtlebot3_autorace_camera.egg-info/requires.txt
[2.415s] writing top-level names to ../../../build/turtlebot3_autorace_camera/turtlebot3_autorace_camera.egg-info/top_level.txt
[2.415s] writing manifest file '../../../build/turtlebot3_autorace_camera/turtlebot3_autorace_camera.egg-info/SOURCES.txt'
[2.421s] reading manifest file '../../../build/turtlebot3_autorace_camera/turtlebot3_autorace_camera.egg-info/SOURCES.txt'
[2.423s] writing manifest file '../../../build/turtlebot3_autorace_camera/turtlebot3_autorace_camera.egg-info/SOURCES.txt'
[2.426s] running build
[2.426s] running build_py
[2.426s] creating /home/rokey1/turtlebot3_ws/build/turtlebot3_autorace_camera/build
[2.426s] creating /home/rokey1/turtlebot3_ws/build/turtlebot3_autorace_camera/build/lib
[2.427s] creating /home/rokey1/turtlebot3_ws/build/turtlebot3_autorace_camera/build/lib/turtlebot3_autorace_camera
[2.427s] copying turtlebot3_autorace_camera/image_compensation.py -> /home/rokey1/turtlebot3_ws/build/turtlebot3_autorace_camera/build/lib/turtlebot3_autorace_camera
[2.429s] copying turtlebot3_autorace_camera/image_projection.py -> /home/rokey1/turtlebot3_ws/build/turtlebot3_autorace_camera/build/lib/turtlebot3_autorace_camera
[2.429s] copying turtlebot3_autorace_camera/__init__.py -> /home/rokey1/turtlebot3_ws/build/turtlebot3_autorace_camera/build/lib/turtlebot3_autorace_camera
[2.429s] running install
[2.431s] running install_lib
[2.431s] creating /home/rokey1/turtlebot3_ws/install/turtlebot3_autorace_camera/lib/python3.10/site-packages/turtlebot3_autorace_camera
[2.431s] copying /home/rokey1/turtlebot3_ws/build/turtlebot3_autorace_camera/build/lib/turtlebot3_autorace_camera/image_compensation.py -> /home/rokey1/turtlebot3_ws/install/turtlebot3_autorace_camera/lib/python3.10/site-packages/turtlebot3_autorace_camera
[2.431s] copying /home/rokey1/turtlebot3_ws/build/turtlebot3_autorace_camera/build/lib/turtlebot3_autorace_camera/image_projection.py -> /home/rokey1/turtlebot3_ws/install/turtlebot3_autorace_camera/lib/python3.10/site-packages/turtlebot3_autorace_camera
[2.433s] copying /home/rokey1/turtlebot3_ws/build/turtlebot3_autorace_camera/build/lib/turtlebot3_autorace_camera/__init__.py -> /home/rokey1/turtlebot3_ws/install/turtlebot3_autorace_camera/lib/python3.10/site-packages/turtlebot3_autorace_camera
[2.434s] byte-compiling /home/rokey1/turtlebot3_ws/install/turtlebot3_autorace_camera/lib/python3.10/site-packages/turtlebot3_autorace_camera/image_compensation.py to image_compensation.cpython-310.pyc
[2.435s] byte-compiling /home/rokey1/turtlebot3_ws/install/turtlebot3_autorace_camera/lib/python3.10/site-packages/turtlebot3_autorace_camera/image_projection.py to image_projection.cpython-310.pyc
[2.441s] byte-compiling /home/rokey1/turtlebot3_ws/install/turtlebot3_autorace_camera/lib/python3.10/site-packages/turtlebot3_autorace_camera/__init__.py to __init__.cpython-310.pyc
[2.441s] running install_data
[2.442s] creating /home/rokey1/turtlebot3_ws/install/turtlebot3_autorace_camera/share/ament_index
[2.442s] creating /home/rokey1/turtlebot3_ws/install/turtlebot3_autorace_camera/share/ament_index/resource_index
[2.442s] creating /home/rokey1/turtlebot3_ws/install/turtlebot3_autorace_camera/share/ament_index/resource_index/packages
[2.442s] copying resource/turtlebot3_autorace_camera -> /home/rokey1/turtlebot3_ws/install/turtlebot3_autorace_camera/share/ament_index/resource_index/packages
[2.442s] copying package.xml -> /home/rokey1/turtlebot3_ws/install/turtlebot3_autorace_camera/share/turtlebot3_autorace_camera
[2.442s] creating /home/rokey1/turtlebot3_ws/install/turtlebot3_autorace_camera/share/turtlebot3_autorace_camera/launch
[2.442s] copying launch/extrinsic_camera_calibration.launch.py -> /home/rokey1/turtlebot3_ws/install/turtlebot3_autorace_camera/share/turtlebot3_autorace_camera/launch
[2.443s] copying launch/intrinsic_camera_calibration.launch.py -> /home/rokey1/turtlebot3_ws/install/turtlebot3_autorace_camera/share/turtlebot3_autorace_camera/launch
[2.443s] creating /home/rokey1/turtlebot3_ws/install/turtlebot3_autorace_camera/share/turtlebot3_autorace_camera/calibration
[2.443s] creating /home/rokey1/turtlebot3_ws/install/turtlebot3_autorace_camera/share/turtlebot3_autorace_camera/calibration/extrinsic_calibration
[2.443s] copying calibration/extrinsic_calibration/compensation.yaml -> /home/rokey1/turtlebot3_ws/install/turtlebot3_autorace_camera/share/turtlebot3_autorace_camera/calibration/extrinsic_calibration
[2.445s] copying calibration/extrinsic_calibration/projection.yaml -> /home/rokey1/turtlebot3_ws/install/turtlebot3_autorace_camera/share/turtlebot3_autorace_camera/calibration/extrinsic_calibration
[2.445s] running install_egg_info
[2.453s] Copying ../../../build/turtlebot3_autorace_camera/turtlebot3_autorace_camera.egg-info to /home/rokey1/turtlebot3_ws/install/turtlebot3_autorace_camera/lib/python3.10/site-packages/turtlebot3_autorace_camera-1.2.2-py3.10.egg-info
[2.462s] running install_scripts
[2.519s] Installing image_compensation script to /home/rokey1/turtlebot3_ws/install/turtlebot3_autorace_camera/lib/turtlebot3_autorace_camera
[2.519s] Installing image_projection script to /home/rokey1/turtlebot3_ws/install/turtlebot3_autorace_camera/lib/turtlebot3_autorace_camera
[2.520s] writing list of installed files to '/home/rokey1/turtlebot3_ws/build/turtlebot3_autorace_camera/install.log'
[2.601s] Invoked command in '/home/rokey1/turtlebot3_ws/src/turtlebot3_autorace/turtlebot3_autorace_camera' returned '0': PYTHONPATH=/home/rokey1/turtlebot3_ws/build/turtlebot3_autorace_camera/prefix_override:/usr/lib/python3/dist-packages/colcon_core/task/python/colcon_distutils_commands:/home/rokey1/turtlebot3_ws/install/turtlebot3_autorace_camera/lib/python3.10/site-packages:${PYTHONPATH} /usr/bin/python3 -W ignore:setup.py install is deprecated -W ignore:easy_install command is deprecated setup.py egg_info --egg-base ../../../build/turtlebot3_autorace_camera build --build-base /home/rokey1/turtlebot3_ws/build/turtlebot3_autorace_camera/build install --record /home/rokey1/turtlebot3_ws/build/turtlebot3_autorace_camera/install.log --single-version-externally-managed install_data
